ARM GAS  C:\DOCUME~1\Admin\LOCALS~1\Temp\ccUvC4Kb.s 			page 1


   1              		.syntax unified
   2              		.cpu cortex-m3
   3              		.fpu softvfp
   4              		.eabi_attribute 20, 1
   5              		.eabi_attribute 21, 1
   6              		.eabi_attribute 23, 3
   7              		.eabi_attribute 24, 1
   8              		.eabi_attribute 25, 1
   9              		.eabi_attribute 26, 1
  10              		.eabi_attribute 30, 1
  11              		.eabi_attribute 34, 1
  12              		.eabi_attribute 18, 4
  13              		.thumb
  14              		.file	"cymetadata.c"
  15              		.text
  16              	.Ltext0:
  17              		.cfi_sections	.debug_frame
  18              		.global	cy_metadata
  19              		.global	cy_meta_flashprotect
  20              		.global	cy_meta_wonvl
  21              		.global	cy_meta_custnvl
  22              		.global	cy_meta_configecc
  23              		.section	.cyconfigecc,"a",%progbits
  24              		.align	2
  25              		.type	cy_meta_configecc, %object
  26              		.size	cy_meta_configecc, 600
  27              	cy_meta_configecc:
  28 0000 01       		.byte	1
  29 0001 45       		.byte	69
  30 0002 00       		.byte	0
  31 0003 40       		.byte	64
  32 0004 01       		.byte	1
  33 0005 52       		.byte	82
  34 0006 00       		.byte	0
  35 0007 40       		.byte	64
  36 0008 02       		.byte	2
  37 0009 07       		.byte	7
  38 000a 01       		.byte	1
  39 000b 40       		.byte	64
  40 000c 45       		.byte	69
  41 000d 14       		.byte	20
  42 000e 01       		.byte	1
  43 000f 40       		.byte	64
  44 0010 19       		.byte	25
  45 0011 15       		.byte	21
  46 0012 01       		.byte	1
  47 0013 40       		.byte	64
  48 0014 56       		.byte	86
  49 0015 16       		.byte	22
  50 0016 01       		.byte	1
  51 0017 40       		.byte	64
  52 0018 23       		.byte	35
  53 0019 17       		.byte	23
  54 001a 01       		.byte	1
  55 001b 40       		.byte	64
  56 001c 01       		.byte	1
  57 001d 19       		.byte	25
ARM GAS  C:\DOCUME~1\Admin\LOCALS~1\Temp\ccUvC4Kb.s 			page 2


  58 001e 01       		.byte	1
  59 001f 40       		.byte	64
  60 0020 02       		.byte	2
  61 0021 40       		.byte	64
  62 0022 01       		.byte	1
  63 0023 40       		.byte	64
  64 0024 01       		.byte	1
  65 0025 41       		.byte	65
  66 0026 01       		.byte	1
  67 0027 40       		.byte	64
  68 0028 03       		.byte	3
  69 0029 42       		.byte	66
  70 002a 01       		.byte	1
  71 002b 40       		.byte	64
  72 002c 03       		.byte	3
  73 002d 43       		.byte	67
  74 002e 01       		.byte	1
  75 002f 40       		.byte	64
  76 0030 02       		.byte	2
  77 0031 47       		.byte	71
  78 0032 01       		.byte	1
  79 0033 40       		.byte	64
  80 0034 02       		.byte	2
  81 0035 48       		.byte	72
  82 0036 01       		.byte	1
  83 0037 40       		.byte	64
  84 0038 08       		.byte	8
  85 0039 49       		.byte	73
  86 003a 01       		.byte	1
  87 003b 40       		.byte	64
  88 003c 01       		.byte	1
  89 003d 4C       		.byte	76
  90 003e 01       		.byte	1
  91 003f 40       		.byte	64
  92 0040 04       		.byte	4
  93 0041 50       		.byte	80
  94 0042 01       		.byte	1
  95 0043 40       		.byte	64
  96 0044 01       		.byte	1
  97 0045 51       		.byte	81
  98 0046 01       		.byte	1
  99 0047 40       		.byte	64
 100 0048 7E       		.byte	126
 101 0049 02       		.byte	2
 102 004a 7C       		.byte	124
 103 004b 40       		.byte	64
 104 004c 9B       		.byte	-101
 105 004d 20       		.byte	32
 106 004e AF       		.byte	-81
 107 004f 20       		.byte	32
 108 0050 16       		.byte	22
 109 0051 01       		.byte	1
 110 0052 30       		.byte	48
 111 0053 01       		.byte	1
 112 0054 41       		.byte	65
 113 0055 04       		.byte	4
 114 0056 44       		.byte	68
ARM GAS  C:\DOCUME~1\Admin\LOCALS~1\Temp\ccUvC4Kb.s 			page 3


 115 0057 01       		.byte	1
 116 0058 49       		.byte	73
 117 0059 FF       		.byte	-1
 118 005a 4A       		.byte	74
 119 005b FF       		.byte	-1
 120 005c 4B       		.byte	75
 121 005d FF       		.byte	-1
 122 005e 4C       		.byte	76
 123 005f EF       		.byte	-17
 124 0060 4D       		.byte	77
 125 0061 55       		.byte	85
 126 0062 4E       		.byte	78
 127 0063 70       		.byte	112
 128 0064 4F       		.byte	79
 129 0065 48       		.byte	72
 130 0066 50       		.byte	80
 131 0067 1C       		.byte	28
 132 0068 52       		.byte	82
 133 0069 01       		.byte	1
 134 006a 58       		.byte	88
 135 006b 04       		.byte	4
 136 006c 5A       		.byte	90
 137 006d 04       		.byte	4
 138 006e 5B       		.byte	91
 139 006f 04       		.byte	4
 140 0070 5C       		.byte	92
 141 0071 09       		.byte	9
 142 0072 5F       		.byte	95
 143 0073 01       		.byte	1
 144 0074 61       		.byte	97
 145 0075 08       		.byte	8
 146 0076 63       		.byte	99
 147 0077 08       		.byte	8
 148 0078 65       		.byte	101
 149 0079 08       		.byte	8
 150 007a 67       		.byte	103
 151 007b 08       		.byte	8
 152 007c 68       		.byte	104
 153 007d 50       		.byte	80
 154 007e 69       		.byte	105
 155 007f 0A       		.byte	10
 156 0080 6A       		.byte	106
 157 0081 40       		.byte	64
 158 0082 6B       		.byte	107
 159 0083 A8       		.byte	-88
 160 0084 6C       		.byte	108
 161 0085 C0       		.byte	-64
 162 0086 6E       		.byte	110
 163 0087 40       		.byte	64
 164 0088 6F       		.byte	111
 165 0089 A8       		.byte	-88
 166 008a 8C       		.byte	-116
 167 008b 01       		.byte	1
 168 008c 8E       		.byte	-114
 169 008d 02       		.byte	2
 170 008e 94       		.byte	-108
 171 008f 01       		.byte	1
ARM GAS  C:\DOCUME~1\Admin\LOCALS~1\Temp\ccUvC4Kb.s 			page 4


 172 0090 96       		.byte	-106
 173 0091 0A       		.byte	10
 174 0092 98       		.byte	-104
 175 0093 01       		.byte	1
 176 0094 9A       		.byte	-102
 177 0095 06       		.byte	6
 178 0096 9C       		.byte	-100
 179 0097 02       		.byte	2
 180 0098 9E       		.byte	-98
 181 0099 01       		.byte	1
 182 009a A8       		.byte	-88
 183 009b 01       		.byte	1
 184 009c AA       		.byte	-86
 185 009d 12       		.byte	18
 186 009e B0       		.byte	-80
 187 009f 04       		.byte	4
 188 00a0 B2       		.byte	-78
 189 00a1 10       		.byte	16
 190 00a2 B4       		.byte	-76
 191 00a3 08       		.byte	8
 192 00a4 B6       		.byte	-74
 193 00a5 03       		.byte	3
 194 00a6 BA       		.byte	-70
 195 00a7 80       		.byte	-128
 196 00a8 C1       		.byte	-63
 197 00a9 04       		.byte	4
 198 00aa C4       		.byte	-60
 199 00ab 01       		.byte	1
 200 00ac C9       		.byte	-55
 201 00ad FF       		.byte	-1
 202 00ae CA       		.byte	-54
 203 00af FF       		.byte	-1
 204 00b0 CB       		.byte	-53
 205 00b1 FF       		.byte	-1
 206 00b2 CC       		.byte	-52
 207 00b3 EF       		.byte	-17
 208 00b4 CD       		.byte	-51
 209 00b5 55       		.byte	85
 210 00b6 CE       		.byte	-50
 211 00b7 72       		.byte	114
 212 00b8 CF       		.byte	-49
 213 00b9 48       		.byte	72
 214 00ba D0       		.byte	-48
 215 00bb 1C       		.byte	28
 216 00bc D8       		.byte	-40
 217 00bd 04       		.byte	4
 218 00be DA       		.byte	-38
 219 00bf 04       		.byte	4
 220 00c0 DC       		.byte	-36
 221 00c1 09       		.byte	9
 222 00c2 DF       		.byte	-33
 223 00c3 01       		.byte	1
 224 00c4 E1       		.byte	-31
 225 00c5 08       		.byte	8
 226 00c6 E3       		.byte	-29
 227 00c7 08       		.byte	8
 228 00c8 E5       		.byte	-27
ARM GAS  C:\DOCUME~1\Admin\LOCALS~1\Temp\ccUvC4Kb.s 			page 5


 229 00c9 08       		.byte	8
 230 00ca E7       		.byte	-25
 231 00cb 08       		.byte	8
 232 00cc E8       		.byte	-24
 233 00cd 50       		.byte	80
 234 00ce E9       		.byte	-23
 235 00cf 0A       		.byte	10
 236 00d0 EA       		.byte	-22
 237 00d1 40       		.byte	64
 238 00d2 EB       		.byte	-21
 239 00d3 A8       		.byte	-88
 240 00d4 EC       		.byte	-20
 241 00d5 C0       		.byte	-64
 242 00d6 EE       		.byte	-18
 243 00d7 40       		.byte	64
 244 00d8 EF       		.byte	-17
 245 00d9 A8       		.byte	-88
 246 00da 04       		.byte	4
 247 00db 40       		.byte	64
 248 00dc 09       		.byte	9
 249 00dd 08       		.byte	8
 250 00de 0E       		.byte	14
 251 00df 2A       		.byte	42
 252 00e0 17       		.byte	23
 253 00e1 20       		.byte	32
 254 00e2 19       		.byte	25
 255 00e3 02       		.byte	2
 256 00e4 1C       		.byte	28
 257 00e5 40       		.byte	64
 258 00e6 1E       		.byte	30
 259 00e7 2A       		.byte	42
 260 00e8 40       		.byte	64
 261 00e9 01       		.byte	1
 262 00ea 42       		.byte	66
 263 00eb 02       		.byte	2
 264 00ec 43       		.byte	67
 265 00ed 01       		.byte	1
 266 00ee 46       		.byte	70
 267 00ef 02       		.byte	2
 268 00f0 47       		.byte	71
 269 00f1 01       		.byte	1
 270 00f2 6B       		.byte	107
 271 00f3 01       		.byte	1
 272 00f4 87       		.byte	-121
 273 00f5 20       		.byte	32
 274 00f6 89       		.byte	-119
 275 00f7 08       		.byte	8
 276 00f8 8B       		.byte	-117
 277 00f9 04       		.byte	4
 278 00fa 90       		.byte	-112
 279 00fb 01       		.byte	1
 280 00fc 97       		.byte	-105
 281 00fd 04       		.byte	4
 282 00fe 9D       		.byte	-99
 283 00ff 02       		.byte	2
 284 0100 9F       		.byte	-97
 285 0101 01       		.byte	1
ARM GAS  C:\DOCUME~1\Admin\LOCALS~1\Temp\ccUvC4Kb.s 			page 6


 286 0102 C0       		.byte	-64
 287 0103 80       		.byte	-128
 288 0104 C2       		.byte	-62
 289 0105 E4       		.byte	-28
 290 0106 C4       		.byte	-60
 291 0107 40       		.byte	64
 292 0108 D0       		.byte	-48
 293 0109 99       		.byte	-103
 294 010a E4       		.byte	-28
 295 010b 20       		.byte	32
 296 010c 0C       		.byte	12
 297 010d 01       		.byte	1
 298 010e 0E       		.byte	14
 299 010f 02       		.byte	2
 300 0110 14       		.byte	20
 301 0111 01       		.byte	1
 302 0112 16       		.byte	22
 303 0113 0A       		.byte	10
 304 0114 18       		.byte	24
 305 0115 01       		.byte	1
 306 0116 1A       		.byte	26
 307 0117 06       		.byte	6
 308 0118 1C       		.byte	28
 309 0119 02       		.byte	2
 310 011a 1E       		.byte	30
 311 011b 01       		.byte	1
 312 011c 28       		.byte	40
 313 011d 01       		.byte	1
 314 011e 2A       		.byte	42
 315 011f 12       		.byte	18
 316 0120 30       		.byte	48
 317 0121 04       		.byte	4
 318 0122 32       		.byte	50
 319 0123 10       		.byte	16
 320 0124 34       		.byte	52
 321 0125 08       		.byte	8
 322 0126 36       		.byte	54
 323 0127 03       		.byte	3
 324 0128 3A       		.byte	58
 325 0129 80       		.byte	-128
 326 012a 41       		.byte	65
 327 012b 04       		.byte	4
 328 012c 44       		.byte	68
 329 012d 01       		.byte	1
 330 012e 49       		.byte	73
 331 012f FF       		.byte	-1
 332 0130 4A       		.byte	74
 333 0131 FF       		.byte	-1
 334 0132 4B       		.byte	75
 335 0133 FF       		.byte	-1
 336 0134 4C       		.byte	76
 337 0135 EF       		.byte	-17
 338 0136 4D       		.byte	77
 339 0137 55       		.byte	85
 340 0138 4E       		.byte	78
 341 0139 72       		.byte	114
 342 013a 4F       		.byte	79
ARM GAS  C:\DOCUME~1\Admin\LOCALS~1\Temp\ccUvC4Kb.s 			page 7


 343 013b 48       		.byte	72
 344 013c 50       		.byte	80
 345 013d 1C       		.byte	28
 346 013e 58       		.byte	88
 347 013f 04       		.byte	4
 348 0140 5A       		.byte	90
 349 0141 04       		.byte	4
 350 0142 5C       		.byte	92
 351 0143 09       		.byte	9
 352 0144 5F       		.byte	95
 353 0145 01       		.byte	1
 354 0146 61       		.byte	97
 355 0147 08       		.byte	8
 356 0148 63       		.byte	99
 357 0149 08       		.byte	8
 358 014a 65       		.byte	101
 359 014b 08       		.byte	8
 360 014c 67       		.byte	103
 361 014d 08       		.byte	8
 362 014e 68       		.byte	104
 363 014f 50       		.byte	80
 364 0150 69       		.byte	105
 365 0151 0A       		.byte	10
 366 0152 6A       		.byte	106
 367 0153 40       		.byte	64
 368 0154 6B       		.byte	107
 369 0155 A8       		.byte	-88
 370 0156 6C       		.byte	108
 371 0157 C0       		.byte	-64
 372 0158 6E       		.byte	110
 373 0159 40       		.byte	64
 374 015a 6F       		.byte	111
 375 015b A8       		.byte	-88
 376 015c 81       		.byte	-127
 377 015d 04       		.byte	4
 378 015e 82       		.byte	-126
 379 015f 01       		.byte	1
 380 0160 83       		.byte	-125
 381 0161 02       		.byte	2
 382 0162 85       		.byte	-123
 383 0163 02       		.byte	2
 384 0164 87       		.byte	-121
 385 0165 04       		.byte	4
 386 0166 95       		.byte	-107
 387 0167 02       		.byte	2
 388 0168 97       		.byte	-105
 389 0169 04       		.byte	4
 390 016a A1       		.byte	-95
 391 016b 02       		.byte	2
 392 016c A3       		.byte	-93
 393 016d 04       		.byte	4
 394 016e A5       		.byte	-91
 395 016f 02       		.byte	2
 396 0170 A7       		.byte	-89
 397 0171 05       		.byte	5
 398 0172 B2       		.byte	-78
 399 0173 01       		.byte	1
ARM GAS  C:\DOCUME~1\Admin\LOCALS~1\Temp\ccUvC4Kb.s 			page 8


 400 0174 B3       		.byte	-77
 401 0175 01       		.byte	1
 402 0176 B7       		.byte	-73
 403 0177 06       		.byte	6
 404 0178 BB       		.byte	-69
 405 0179 80       		.byte	-128
 406 017a C1       		.byte	-63
 407 017b 04       		.byte	4
 408 017c C4       		.byte	-60
 409 017d 01       		.byte	1
 410 017e C5       		.byte	-59
 411 017f C0       		.byte	-64
 412 0180 C6       		.byte	-58
 413 0181 DE       		.byte	-34
 414 0182 C7       		.byte	-57
 415 0183 0F       		.byte	15
 416 0184 C8       		.byte	-56
 417 0185 1E       		.byte	30
 418 0186 C9       		.byte	-55
 419 0187 FF       		.byte	-1
 420 0188 CA       		.byte	-54
 421 0189 FF       		.byte	-1
 422 018a CB       		.byte	-53
 423 018b FF       		.byte	-1
 424 018c CC       		.byte	-52
 425 018d EA       		.byte	-22
 426 018e CD       		.byte	-51
 427 018f 55       		.byte	85
 428 0190 CE       		.byte	-50
 429 0191 F2       		.byte	-14
 430 0192 CF       		.byte	-49
 431 0193 48       		.byte	72
 432 0194 D0       		.byte	-48
 433 0195 1C       		.byte	28
 434 0196 D8       		.byte	-40
 435 0197 04       		.byte	4
 436 0198 D9       		.byte	-39
 437 0199 04       		.byte	4
 438 019a DA       		.byte	-38
 439 019b 04       		.byte	4
 440 019c DB       		.byte	-37
 441 019d 04       		.byte	4
 442 019e DC       		.byte	-36
 443 019f 99       		.byte	-103
 444 01a0 DF       		.byte	-33
 445 01a1 01       		.byte	1
 446 01a2 E1       		.byte	-31
 447 01a3 08       		.byte	8
 448 01a4 E3       		.byte	-29
 449 01a5 08       		.byte	8
 450 01a6 E5       		.byte	-27
 451 01a7 08       		.byte	8
 452 01a8 E7       		.byte	-25
 453 01a9 08       		.byte	8
 454 01aa E8       		.byte	-24
 455 01ab 50       		.byte	80
 456 01ac E9       		.byte	-23
ARM GAS  C:\DOCUME~1\Admin\LOCALS~1\Temp\ccUvC4Kb.s 			page 9


 457 01ad 0A       		.byte	10
 458 01ae EA       		.byte	-22
 459 01af 40       		.byte	64
 460 01b0 EB       		.byte	-21
 461 01b1 A8       		.byte	-88
 462 01b2 EC       		.byte	-20
 463 01b3 C0       		.byte	-64
 464 01b4 EE       		.byte	-18
 465 01b5 40       		.byte	64
 466 01b6 EF       		.byte	-17
 467 01b7 A8       		.byte	-88
 468 01b8 01       		.byte	1
 469 01b9 02       		.byte	2
 470 01ba 04       		.byte	4
 471 01bb 40       		.byte	64
 472 01bc 0E       		.byte	14
 473 01bd 2A       		.byte	42
 474 01be 17       		.byte	23
 475 01bf 20       		.byte	32
 476 01c0 19       		.byte	25
 477 01c1 08       		.byte	8
 478 01c2 1C       		.byte	28
 479 01c3 40       		.byte	64
 480 01c4 1E       		.byte	30
 481 01c5 2A       		.byte	42
 482 01c6 20       		.byte	32
 483 01c7 01       		.byte	1
 484 01c8 22       		.byte	34
 485 01c9 04       		.byte	4
 486 01ca 29       		.byte	41
 487 01cb 0A       		.byte	10
 488 01cc 32       		.byte	50
 489 01cd 04       		.byte	4
 490 01ce 38       		.byte	56
 491 01cf 01       		.byte	1
 492 01d0 3A       		.byte	58
 493 01d1 02       		.byte	2
 494 01d2 3B       		.byte	59
 495 01d3 04       		.byte	4
 496 01d4 40       		.byte	64
 497 01d5 01       		.byte	1
 498 01d6 43       		.byte	67
 499 01d7 01       		.byte	1
 500 01d8 46       		.byte	70
 501 01d9 02       		.byte	2
 502 01da 47       		.byte	71
 503 01db 01       		.byte	1
 504 01dc 49       		.byte	73
 505 01dd 01       		.byte	1
 506 01de 51       		.byte	81
 507 01df 28       		.byte	40
 508 01e0 52       		.byte	82
 509 01e1 40       		.byte	64
 510 01e2 59       		.byte	89
 511 01e3 01       		.byte	1
 512 01e4 61       		.byte	97
 513 01e5 28       		.byte	40
ARM GAS  C:\DOCUME~1\Admin\LOCALS~1\Temp\ccUvC4Kb.s 			page 10


 514 01e6 62       		.byte	98
 515 01e7 40       		.byte	64
 516 01e8 9B       		.byte	-101
 517 01e9 20       		.byte	32
 518 01ea C0       		.byte	-64
 519 01eb 88       		.byte	-120
 520 01ec C2       		.byte	-62
 521 01ed E0       		.byte	-32
 522 01ee C4       		.byte	-60
 523 01ef 40       		.byte	64
 524 01f0 CA       		.byte	-54
 525 01f1 03       		.byte	3
 526 01f2 CC       		.byte	-52
 527 01f3 02       		.byte	2
 528 01f4 CE       		.byte	-50
 529 01f5 03       		.byte	3
 530 01f6 D0       		.byte	-48
 531 01f7 99       		.byte	-103
 532 01f8 D6       		.byte	-42
 533 01f9 01       		.byte	1
 534 01fa D8       		.byte	-40
 535 01fb 0E       		.byte	14
 536 01fc EE       		.byte	-18
 537 01fd 08       		.byte	8
 538 01fe EE       		.byte	-18
 539 01ff 08       		.byte	8
 540 0200 33       		.byte	51
 541 0201 80       		.byte	-128
 542 0202 CC       		.byte	-52
 543 0203 10       		.byte	16
 544 0204 A7       		.byte	-89
 545 0205 80       		.byte	-128
 546 0206 02       		.byte	2
 547 0207 10       		.byte	16
 548 0208 A7       		.byte	-89
 549 0209 80       		.byte	-128
 550 020a C0       		.byte	-64
 551 020b 10       		.byte	16
 552 020c A7       		.byte	-89
 553 020d 80       		.byte	-128
 554 020e AE       		.byte	-82
 555 020f 10       		.byte	16
 556 0210 E8       		.byte	-24
 557 0211 40       		.byte	64
 558 0212 08       		.byte	8
 559 0213 08       		.byte	8
 560 0214 C2       		.byte	-62
 561 0215 08       		.byte	8
 562 0216 AF       		.byte	-81
 563 0217 80       		.byte	-128
 564 0218 EE       		.byte	-18
 565 0219 10       		.byte	16
 566 021a 13       		.byte	19
 567 021b 04       		.byte	4
 568 021c 16       		.byte	22
 569 021d 80       		.byte	-128
 570 021e 4F       		.byte	79
ARM GAS  C:\DOCUME~1\Admin\LOCALS~1\Temp\ccUvC4Kb.s 			page 11


 571 021f 04       		.byte	4
 572 0220 87       		.byte	-121
 573 0221 04       		.byte	4
 574 0222 8A       		.byte	-118
 575 0223 80       		.byte	-128
 576 0224 C4       		.byte	-60
 577 0225 30       		.byte	48
 578 0226 D2       		.byte	-46
 579 0227 80       		.byte	-128
 580 0228 E0       		.byte	-32
 581 0229 40       		.byte	64
 582 022a AC       		.byte	-84
 583 022b 08       		.byte	8
 584 022c 10       		.byte	16
 585 022d 01       		.byte	1
 586 022e 11       		.byte	17
 587 022f 01       		.byte	1
 588 0230 1A       		.byte	26
 589 0231 01       		.byte	1
 590 0232 1B       		.byte	27
 591 0233 01       		.byte	1
 592 0234 00       		.byte	0
 593 0235 02       		.byte	2
 594 0236 00       		.byte	0
 595 0237 00       		.byte	0
 596 0238 07       		.byte	7
 597 0239 00       		.byte	0
 598 023a 00       		.byte	0
 599 023b 00       		.byte	0
 600 023c 00       		.byte	0
 601 023d 00       		.byte	0
 602 023e 00       		.byte	0
 603 023f 00       		.byte	0
 604 0240 40       		.byte	64
 605 0241 00       		.byte	0
 606 0242 00       		.byte	0
 607 0243 00       		.byte	0
 608 0244 00       		.byte	0
 609 0245 00       		.byte	0
 610 0246 00       		.byte	0
 611 0247 00       		.byte	0
 612 0248 C0       		.byte	-64
 613 0249 00       		.byte	0
 614 024a 00       		.byte	0
 615 024b 00       		.byte	0
 616 024c 04       		.byte	4
 617 024d 00       		.byte	0
 618 024e 00       		.byte	0
 619 024f 06       		.byte	6
 620 0250 02       		.byte	2
 621 0251 00       		.byte	0
 622 0252 00       		.byte	0
 623 0253 00       		.byte	0
 624 0254 00       		.byte	0
 625 0255 00       		.byte	0
 626 0256 00       		.byte	0
 627 0257 00       		.byte	0
ARM GAS  C:\DOCUME~1\Admin\LOCALS~1\Temp\ccUvC4Kb.s 			page 12


 628              		.section	.cywolatch,"a",%progbits
 629              		.align	2
 630              		.type	cy_meta_wonvl, %object
 631              		.size	cy_meta_wonvl, 4
 632              	cy_meta_wonvl:
 633 0000 BC       		.byte	-68
 634 0001 90       		.byte	-112
 635 0002 AC       		.byte	-84
 636 0003 AF       		.byte	-81
 637              		.section	.cycustnvl,"a",%progbits
 638              		.align	2
 639              		.type	cy_meta_custnvl, %object
 640              		.size	cy_meta_custnvl, 4
 641              	cy_meta_custnvl:
 642 0000 00       		.byte	0
 643 0001 00       		.byte	0
 644 0002 40       		.byte	64
 645 0003 05       		.byte	5
 646              		.section	.cymeta,"a",%progbits
 647              		.align	2
 648              		.type	cy_metadata, %object
 649              		.size	cy_metadata, 12
 650              	cy_metadata:
 651 0000 00       		.byte	0
 652 0001 01       		.byte	1
 653 0002 2E       		.byte	46
 654 0003 16       		.byte	22
 655 0004 10       		.byte	16
 656 0005 69       		.byte	105
 657 0006 00       		.byte	0
 658 0007 01       		.byte	1
 659 0008 00       		.byte	0
 660 0009 00       		.byte	0
 661 000a 00       		.byte	0
 662 000b 00       		.byte	0
 663              		.section	.cyflashprotect,"a",%progbits
 664              		.align	2
 665              		.type	cy_meta_flashprotect, %object
 666              		.size	cy_meta_flashprotect, 256
 667              	cy_meta_flashprotect:
 668 0000 00000000 		.space	256
 668      00000000 
 668      00000000 
 668      00000000 
 668      00000000 
 669              		.text
 670              	.Letext0:
 671              		.file 1 ".\\Generated_Source\\PSoC5\\cymetadata.c"
 672              		.file 2 ".\\Generated_Source\\PSoC5\\cytypes.h"
 673              		.section	.debug_info,"",%progbits
 674              	.Ldebug_info0:
 675 0000 37010000 		.4byte	0x137
 676 0004 0400     		.2byte	0x4
 677 0006 00000000 		.4byte	.Ldebug_abbrev0
 678 000a 04       		.byte	0x4
 679 000b 01       		.uleb128 0x1
 680 000c 94000000 		.4byte	.LASF18
ARM GAS  C:\DOCUME~1\Admin\LOCALS~1\Temp\ccUvC4Kb.s 			page 13


 681 0010 01       		.byte	0x1
 682 0011 00000000 		.4byte	.LASF19
 683 0015 8F010000 		.4byte	.LASF20
 684 0019 00000000 		.4byte	.Ldebug_line0
 685 001d 02       		.uleb128 0x2
 686 001e 01       		.byte	0x1
 687 001f 06       		.byte	0x6
 688 0020 EC010000 		.4byte	.LASF0
 689 0024 02       		.uleb128 0x2
 690 0025 01       		.byte	0x1
 691 0026 08       		.byte	0x8
 692 0027 38000000 		.4byte	.LASF1
 693 002b 02       		.uleb128 0x2
 694 002c 02       		.byte	0x2
 695 002d 05       		.byte	0x5
 696 002e 85010000 		.4byte	.LASF2
 697 0032 02       		.uleb128 0x2
 698 0033 02       		.byte	0x2
 699 0034 07       		.byte	0x7
 700 0035 58000000 		.4byte	.LASF3
 701 0039 02       		.uleb128 0x2
 702 003a 04       		.byte	0x4
 703 003b 05       		.byte	0x5
 704 003c E3010000 		.4byte	.LASF4
 705 0040 02       		.uleb128 0x2
 706 0041 04       		.byte	0x4
 707 0042 07       		.byte	0x7
 708 0043 46000000 		.4byte	.LASF5
 709 0047 02       		.uleb128 0x2
 710 0048 08       		.byte	0x8
 711 0049 05       		.byte	0x5
 712 004a 72010000 		.4byte	.LASF6
 713 004e 02       		.uleb128 0x2
 714 004f 08       		.byte	0x8
 715 0050 07       		.byte	0x7
 716 0051 2F010000 		.4byte	.LASF7
 717 0055 03       		.uleb128 0x3
 718 0056 04       		.byte	0x4
 719 0057 05       		.byte	0x5
 720 0058 696E7400 		.ascii	"int\000"
 721 005c 02       		.uleb128 0x2
 722 005d 04       		.byte	0x4
 723 005e 07       		.byte	0x7
 724 005f 22010000 		.4byte	.LASF8
 725 0063 04       		.uleb128 0x4
 726 0064 DD010000 		.4byte	.LASF21
 727 0068 02       		.byte	0x2
 728 0069 3801     		.2byte	0x138
 729 006b 24000000 		.4byte	0x24
 730 006f 02       		.uleb128 0x2
 731 0070 04       		.byte	0x4
 732 0071 04       		.byte	0x4
 733 0072 32000000 		.4byte	.LASF9
 734 0076 02       		.uleb128 0x2
 735 0077 08       		.byte	0x8
 736 0078 04       		.byte	0x4
 737 0079 6B000000 		.4byte	.LASF10
ARM GAS  C:\DOCUME~1\Admin\LOCALS~1\Temp\ccUvC4Kb.s 			page 14


 738 007d 02       		.uleb128 0x2
 739 007e 01       		.byte	0x1
 740 007f 08       		.byte	0x8
 741 0080 80010000 		.4byte	.LASF11
 742 0084 05       		.uleb128 0x5
 743 0085 63000000 		.4byte	0x63
 744 0089 95000000 		.4byte	0x95
 745 008d 06       		.uleb128 0x6
 746 008e 95000000 		.4byte	0x95
 747 0092 5702     		.2byte	0x257
 748 0094 00       		.byte	0
 749 0095 02       		.uleb128 0x2
 750 0096 04       		.byte	0x4
 751 0097 07       		.byte	0x7
 752 0098 69010000 		.4byte	.LASF12
 753 009c 07       		.uleb128 0x7
 754 009d 82000000 		.4byte	.LASF13
 755 00a1 01       		.byte	0x1
 756 00a2 1F       		.byte	0x1f
 757 00a3 AD000000 		.4byte	0xad
 758 00a7 05       		.uleb128 0x5
 759 00a8 03       		.byte	0x3
 760 00a9 00000000 		.4byte	cy_meta_configecc
 761 00ad 08       		.uleb128 0x8
 762 00ae 84000000 		.4byte	0x84
 763 00b2 05       		.uleb128 0x5
 764 00b3 63000000 		.4byte	0x63
 765 00b7 C2000000 		.4byte	0xc2
 766 00bb 09       		.uleb128 0x9
 767 00bc 95000000 		.4byte	0x95
 768 00c0 03       		.byte	0x3
 769 00c1 00       		.byte	0
 770 00c2 07       		.uleb128 0x7
 771 00c3 72000000 		.4byte	.LASF14
 772 00c7 01       		.byte	0x1
 773 00c8 77       		.byte	0x77
 774 00c9 D3000000 		.4byte	0xd3
 775 00cd 05       		.uleb128 0x5
 776 00ce 03       		.byte	0x3
 777 00cf 00000000 		.4byte	cy_meta_custnvl
 778 00d3 08       		.uleb128 0x8
 779 00d4 B2000000 		.4byte	0xb2
 780 00d8 07       		.uleb128 0x7
 781 00d9 5B010000 		.4byte	.LASF15
 782 00dd 01       		.byte	0x1
 783 00de 85       		.byte	0x85
 784 00df E9000000 		.4byte	0xe9
 785 00e3 05       		.uleb128 0x5
 786 00e4 03       		.byte	0x3
 787 00e5 00000000 		.4byte	cy_meta_wonvl
 788 00e9 08       		.uleb128 0x8
 789 00ea B2000000 		.4byte	0xb2
 790 00ee 05       		.uleb128 0x5
 791 00ef 63000000 		.4byte	0x63
 792 00f3 FE000000 		.4byte	0xfe
 793 00f7 09       		.uleb128 0x9
 794 00f8 95000000 		.4byte	0x95
ARM GAS  C:\DOCUME~1\Admin\LOCALS~1\Temp\ccUvC4Kb.s 			page 15


 795 00fc FF       		.byte	0xff
 796 00fd 00       		.byte	0
 797 00fe 07       		.uleb128 0x7
 798 00ff 46010000 		.4byte	.LASF16
 799 0103 01       		.byte	0x1
 800 0104 93       		.byte	0x93
 801 0105 0F010000 		.4byte	0x10f
 802 0109 05       		.uleb128 0x5
 803 010a 03       		.byte	0x3
 804 010b 00000000 		.4byte	cy_meta_flashprotect
 805 010f 08       		.uleb128 0x8
 806 0110 EE000000 		.4byte	0xee
 807 0114 05       		.uleb128 0x5
 808 0115 63000000 		.4byte	0x63
 809 0119 24010000 		.4byte	0x124
 810 011d 09       		.uleb128 0x9
 811 011e 95000000 		.4byte	0x95
 812 0122 0B       		.byte	0xb
 813 0123 00       		.byte	0
 814 0124 07       		.uleb128 0x7
 815 0125 26000000 		.4byte	.LASF17
 816 0129 01       		.byte	0x1
 817 012a C0       		.byte	0xc0
 818 012b 35010000 		.4byte	0x135
 819 012f 05       		.uleb128 0x5
 820 0130 03       		.byte	0x3
 821 0131 00000000 		.4byte	cy_metadata
 822 0135 08       		.uleb128 0x8
 823 0136 14010000 		.4byte	0x114
 824 013a 00       		.byte	0
 825              		.section	.debug_abbrev,"",%progbits
 826              	.Ldebug_abbrev0:
 827 0000 01       		.uleb128 0x1
 828 0001 11       		.uleb128 0x11
 829 0002 01       		.byte	0x1
 830 0003 25       		.uleb128 0x25
 831 0004 0E       		.uleb128 0xe
 832 0005 13       		.uleb128 0x13
 833 0006 0B       		.uleb128 0xb
 834 0007 03       		.uleb128 0x3
 835 0008 0E       		.uleb128 0xe
 836 0009 1B       		.uleb128 0x1b
 837 000a 0E       		.uleb128 0xe
 838 000b 10       		.uleb128 0x10
 839 000c 17       		.uleb128 0x17
 840 000d 00       		.byte	0
 841 000e 00       		.byte	0
 842 000f 02       		.uleb128 0x2
 843 0010 24       		.uleb128 0x24
 844 0011 00       		.byte	0
 845 0012 0B       		.uleb128 0xb
 846 0013 0B       		.uleb128 0xb
 847 0014 3E       		.uleb128 0x3e
 848 0015 0B       		.uleb128 0xb
 849 0016 03       		.uleb128 0x3
 850 0017 0E       		.uleb128 0xe
 851 0018 00       		.byte	0
ARM GAS  C:\DOCUME~1\Admin\LOCALS~1\Temp\ccUvC4Kb.s 			page 16


 852 0019 00       		.byte	0
 853 001a 03       		.uleb128 0x3
 854 001b 24       		.uleb128 0x24
 855 001c 00       		.byte	0
 856 001d 0B       		.uleb128 0xb
 857 001e 0B       		.uleb128 0xb
 858 001f 3E       		.uleb128 0x3e
 859 0020 0B       		.uleb128 0xb
 860 0021 03       		.uleb128 0x3
 861 0022 08       		.uleb128 0x8
 862 0023 00       		.byte	0
 863 0024 00       		.byte	0
 864 0025 04       		.uleb128 0x4
 865 0026 16       		.uleb128 0x16
 866 0027 00       		.byte	0
 867 0028 03       		.uleb128 0x3
 868 0029 0E       		.uleb128 0xe
 869 002a 3A       		.uleb128 0x3a
 870 002b 0B       		.uleb128 0xb
 871 002c 3B       		.uleb128 0x3b
 872 002d 05       		.uleb128 0x5
 873 002e 49       		.uleb128 0x49
 874 002f 13       		.uleb128 0x13
 875 0030 00       		.byte	0
 876 0031 00       		.byte	0
 877 0032 05       		.uleb128 0x5
 878 0033 01       		.uleb128 0x1
 879 0034 01       		.byte	0x1
 880 0035 49       		.uleb128 0x49
 881 0036 13       		.uleb128 0x13
 882 0037 01       		.uleb128 0x1
 883 0038 13       		.uleb128 0x13
 884 0039 00       		.byte	0
 885 003a 00       		.byte	0
 886 003b 06       		.uleb128 0x6
 887 003c 21       		.uleb128 0x21
 888 003d 00       		.byte	0
 889 003e 49       		.uleb128 0x49
 890 003f 13       		.uleb128 0x13
 891 0040 2F       		.uleb128 0x2f
 892 0041 05       		.uleb128 0x5
 893 0042 00       		.byte	0
 894 0043 00       		.byte	0
 895 0044 07       		.uleb128 0x7
 896 0045 34       		.uleb128 0x34
 897 0046 00       		.byte	0
 898 0047 03       		.uleb128 0x3
 899 0048 0E       		.uleb128 0xe
 900 0049 3A       		.uleb128 0x3a
 901 004a 0B       		.uleb128 0xb
 902 004b 3B       		.uleb128 0x3b
 903 004c 0B       		.uleb128 0xb
 904 004d 49       		.uleb128 0x49
 905 004e 13       		.uleb128 0x13
 906 004f 3F       		.uleb128 0x3f
 907 0050 19       		.uleb128 0x19
 908 0051 02       		.uleb128 0x2
ARM GAS  C:\DOCUME~1\Admin\LOCALS~1\Temp\ccUvC4Kb.s 			page 17


 909 0052 18       		.uleb128 0x18
 910 0053 00       		.byte	0
 911 0054 00       		.byte	0
 912 0055 08       		.uleb128 0x8
 913 0056 26       		.uleb128 0x26
 914 0057 00       		.byte	0
 915 0058 49       		.uleb128 0x49
 916 0059 13       		.uleb128 0x13
 917 005a 00       		.byte	0
 918 005b 00       		.byte	0
 919 005c 09       		.uleb128 0x9
 920 005d 21       		.uleb128 0x21
 921 005e 00       		.byte	0
 922 005f 49       		.uleb128 0x49
 923 0060 13       		.uleb128 0x13
 924 0061 2F       		.uleb128 0x2f
 925 0062 0B       		.uleb128 0xb
 926 0063 00       		.byte	0
 927 0064 00       		.byte	0
 928 0065 00       		.byte	0
 929              		.section	.debug_aranges,"",%progbits
 930 0000 14000000 		.4byte	0x14
 931 0004 0200     		.2byte	0x2
 932 0006 00000000 		.4byte	.Ldebug_info0
 933 000a 04       		.byte	0x4
 934 000b 00       		.byte	0
 935 000c 0000     		.2byte	0
 936 000e 0000     		.2byte	0
 937 0010 00000000 		.4byte	0
 938 0014 00000000 		.4byte	0
 939              		.section	.debug_line,"",%progbits
 940              	.Ldebug_line0:
 941 0000 4F000000 		.section	.debug_str,"MS",%progbits,1
 941      02004900 
 941      00000201 
 941      FB0E0D00 
 941      01010101 
 942              	.LASF19:
 943 0000 2E5C4765 		.ascii	".\\Generated_Source\\PSoC5\\cymetadata.c\000"
 943      6E657261 
 943      7465645F 
 943      536F7572 
 943      63655C50 
 944              	.LASF17:
 945 0026 63795F6D 		.ascii	"cy_metadata\000"
 945      65746164 
 945      61746100 
 946              	.LASF9:
 947 0032 666C6F61 		.ascii	"float\000"
 947      7400
 948              	.LASF1:
 949 0038 756E7369 		.ascii	"unsigned char\000"
 949      676E6564 
 949      20636861 
 949      7200
 950              	.LASF5:
 951 0046 6C6F6E67 		.ascii	"long unsigned int\000"
ARM GAS  C:\DOCUME~1\Admin\LOCALS~1\Temp\ccUvC4Kb.s 			page 18


 951      20756E73 
 951      69676E65 
 951      6420696E 
 951      7400
 952              	.LASF3:
 953 0058 73686F72 		.ascii	"short unsigned int\000"
 953      7420756E 
 953      7369676E 
 953      65642069 
 953      6E7400
 954              	.LASF10:
 955 006b 646F7562 		.ascii	"double\000"
 955      6C6500
 956              	.LASF14:
 957 0072 63795F6D 		.ascii	"cy_meta_custnvl\000"
 957      6574615F 
 957      63757374 
 957      6E766C00 
 958              	.LASF13:
 959 0082 63795F6D 		.ascii	"cy_meta_configecc\000"
 959      6574615F 
 959      636F6E66 
 959      69676563 
 959      6300
 960              	.LASF18:
 961 0094 474E5520 		.ascii	"GNU C 4.9.3 20150303 (release) [ARM/embedded-4_9-br"
 961      4320342E 
 961      392E3320 
 961      32303135 
 961      30333033 
 962 00c7 616E6368 		.ascii	"anch revision 221220] -mcpu=cortex-m3 -mthumb -g -O"
 962      20726576 
 962      6973696F 
 962      6E203232 
 962      31323230 
 963 00fa 67202D66 		.ascii	"g -ffunction-sections -ffat-lto-objects\000"
 963      66756E63 
 963      74696F6E 
 963      2D736563 
 963      74696F6E 
 964              	.LASF8:
 965 0122 756E7369 		.ascii	"unsigned int\000"
 965      676E6564 
 965      20696E74 
 965      00
 966              	.LASF7:
 967 012f 6C6F6E67 		.ascii	"long long unsigned int\000"
 967      206C6F6E 
 967      6720756E 
 967      7369676E 
 967      65642069 
 968              	.LASF16:
 969 0146 63795F6D 		.ascii	"cy_meta_flashprotect\000"
 969      6574615F 
 969      666C6173 
 969      6870726F 
 969      74656374 
ARM GAS  C:\DOCUME~1\Admin\LOCALS~1\Temp\ccUvC4Kb.s 			page 19


 970              	.LASF15:
 971 015b 63795F6D 		.ascii	"cy_meta_wonvl\000"
 971      6574615F 
 971      776F6E76 
 971      6C00
 972              	.LASF12:
 973 0169 73697A65 		.ascii	"sizetype\000"
 973      74797065 
 973      00
 974              	.LASF6:
 975 0172 6C6F6E67 		.ascii	"long long int\000"
 975      206C6F6E 
 975      6720696E 
 975      7400
 976              	.LASF11:
 977 0180 63686172 		.ascii	"char\000"
 977      00
 978              	.LASF2:
 979 0185 73686F72 		.ascii	"short int\000"
 979      7420696E 
 979      7400
 980              	.LASF20:
 981 018f 433A5C44 		.ascii	"C:\\Documents and Settings\\Admin\\Desktop\\NeXTsou"
 981      6F63756D 
 981      656E7473 
 981      20616E64 
 981      20536574 
 982 01be 6E64626F 		.ascii	"ndbox staging area\\Vomit.cydsn\000"
 982      78207374 
 982      6167696E 
 982      67206172 
 982      65615C56 
 983              	.LASF21:
 984 01dd 75696E74 		.ascii	"uint8\000"
 984      3800
 985              	.LASF4:
 986 01e3 6C6F6E67 		.ascii	"long int\000"
 986      20696E74 
 986      00
 987              	.LASF0:
 988 01ec 7369676E 		.ascii	"signed char\000"
 988      65642063 
 988      68617200 
 989              		.ident	"GCC: (GNU Tools for ARM Embedded Processors) 4.9.3 20150303 (release) [ARM/embedded-4_9-br
