ARM GAS  C:\DOCUME~1\Admin\LOCALS~1\Temp\ccIDPRfe.s 			page 1


   1              		.syntax unified
   2              		.cpu cortex-m3
   3              		.fpu softvfp
   4              		.eabi_attribute 20, 1
   5              		.eabi_attribute 21, 1
   6              		.eabi_attribute 23, 3
   7              		.eabi_attribute 24, 1
   8              		.eabi_attribute 25, 1
   9              		.eabi_attribute 26, 1
  10              		.eabi_attribute 30, 1
  11              		.eabi_attribute 34, 1
  12              		.eabi_attribute 18, 4
  13              		.thumb
  14              		.file	"USBFS_1_descr.c"
  15              		.text
  16              	.Ltext0:
  17              		.cfi_sections	.debug_frame
  18              		.global	USBFS_1_TABLE
  19              		.global	USBFS_1_DEVICE0_TABLE
  20              		.global	USBFS_1_DEVICE0_CONFIGURATION0_TABLE
  21              		.global	USBFS_1_DEVICE0_CONFIGURATION0_INTERFACE_CLASS
  22              		.global	USBFS_1_DEVICE0_CONFIGURATION0_EP_SETTINGS_TABLE
  23              		.global	USBFS_1_DEVICE0_CONFIGURATION0_INTERFACE0_TABLE
  24              		.global	USBFS_1_DEVICE0_CONFIGURATION0_INTERFACE0_ALTERNATE0_HID_TABLE
  25              		.global	USBFS_1_DEVICE0_CONFIGURATION0_INTERFACE0_ALTERNATE0_HID_OUT_RPT_TABLE
  26              		.comm	USBFS_1_DEVICE0_CONFIGURATION0_INTERFACE0_ALTERNATE0_HID_OUT_BUF,2,4
  27              		.comm	USBFS_1_DEVICE0_CONFIGURATION0_INTERFACE0_ALTERNATE0_HID_OUT_RPT_SCB,4,4
  28              		.global	USBFS_1_DEVICE0_CONFIGURATION0_INTERFACE0_ALTERNATE0_HID_IN_RPT_TABLE
  29              		.comm	USBFS_1_DEVICE0_CONFIGURATION0_INTERFACE0_ALTERNATE0_HID_IN_BUF,9,4
  30              		.comm	USBFS_1_DEVICE0_CONFIGURATION0_INTERFACE0_ALTERNATE0_HID_IN_RPT_SCB,4,4
  31              		.global	USBFS_1_HIDREPORT_DESCRIPTOR1
  32              		.global	USBFS_1_STRING_DESCRIPTORS
  33              		.global	USBFS_1_DEVICE0_CONFIGURATION0_DESCR
  34              		.global	USBFS_1_DEVICE0_DESCR
  35              		.section	.rodata
  36              		.align	2
  37              		.type	USBFS_1_TABLE, %object
  38              		.size	USBFS_1_TABLE, 8
  39              	USBFS_1_TABLE:
  40 0000 01       		.byte	1
  41 0001 000000   		.space	3
  42 0004 00000000 		.word	USBFS_1_DEVICE0_TABLE
  43              		.type	USBFS_1_DEVICE0_TABLE, %object
  44              		.size	USBFS_1_DEVICE0_TABLE, 24
  45              	USBFS_1_DEVICE0_TABLE:
  46 0008 01       		.byte	1
  47 0009 000000   		.space	3
  48 000c 00000000 		.word	USBFS_1_DEVICE0_DESCR
  49 0010 00       		.byte	0
  50 0011 000000   		.space	3
  51 0014 00000000 		.word	0
  52 0018 01       		.byte	1
  53 0019 000000   		.space	3
  54 001c 00000000 		.word	USBFS_1_DEVICE0_CONFIGURATION0_TABLE
  55              		.type	USBFS_1_DEVICE0_CONFIGURATION0_TABLE, %object
  56              		.size	USBFS_1_DEVICE0_CONFIGURATION0_TABLE, 32
  57              	USBFS_1_DEVICE0_CONFIGURATION0_TABLE:
ARM GAS  C:\DOCUME~1\Admin\LOCALS~1\Temp\ccIDPRfe.s 			page 2


  58 0020 01       		.byte	1
  59 0021 000000   		.space	3
  60 0024 00000000 		.word	USBFS_1_DEVICE0_CONFIGURATION0_DESCR
  61 0028 01       		.byte	1
  62 0029 000000   		.space	3
  63 002c 00000000 		.word	USBFS_1_DEVICE0_CONFIGURATION0_EP_SETTINGS_TABLE
  64 0030 01       		.byte	1
  65 0031 000000   		.space	3
  66 0034 00000000 		.word	USBFS_1_DEVICE0_CONFIGURATION0_INTERFACE0_TABLE
  67 0038 00       		.byte	0
  68 0039 000000   		.space	3
  69 003c 00000000 		.word	USBFS_1_DEVICE0_CONFIGURATION0_INTERFACE_CLASS
  70              		.type	USBFS_1_DEVICE0_CONFIGURATION0_INTERFACE_CLASS, %object
  71              		.size	USBFS_1_DEVICE0_CONFIGURATION0_INTERFACE_CLASS, 1
  72              	USBFS_1_DEVICE0_CONFIGURATION0_INTERFACE_CLASS:
  73 0040 03       		.byte	3
  74 0041 000000   		.space	3
  75              		.type	USBFS_1_DEVICE0_CONFIGURATION0_EP_SETTINGS_TABLE, %object
  76              		.size	USBFS_1_DEVICE0_CONFIGURATION0_EP_SETTINGS_TABLE, 8
  77              	USBFS_1_DEVICE0_CONFIGURATION0_EP_SETTINGS_TABLE:
  78 0044 00       		.byte	0
  79 0045 00       		.byte	0
  80 0046 81       		.byte	-127
  81 0047 03       		.byte	3
  82 0048 0800     		.short	8
  83 004a 03       		.byte	3
  84 004b 00       		.space	1
  85              		.type	USBFS_1_DEVICE0_CONFIGURATION0_INTERFACE0_TABLE, %object
  86              		.size	USBFS_1_DEVICE0_CONFIGURATION0_INTERFACE0_TABLE, 8
  87              	USBFS_1_DEVICE0_CONFIGURATION0_INTERFACE0_TABLE:
  88 004c 01       		.byte	1
  89 004d 000000   		.space	3
  90 0050 00000000 		.word	USBFS_1_DEVICE0_CONFIGURATION0_INTERFACE0_ALTERNATE0_HID_TABLE
  91              		.type	USBFS_1_DEVICE0_CONFIGURATION0_INTERFACE0_ALTERNATE0_HID_TABLE, %object
  92              		.size	USBFS_1_DEVICE0_CONFIGURATION0_INTERFACE0_ALTERNATE0_HID_TABLE, 40
  93              	USBFS_1_DEVICE0_CONFIGURATION0_INTERFACE0_ALTERNATE0_HID_TABLE:
  94 0054 00       		.byte	0
  95 0055 000000   		.space	3
  96 0058 00000000 		.word	USBFS_1_DEVICE0_CONFIGURATION0_INTERFACE0_ALTERNATE0_HID_IN_RPT_TABLE
  97 005c 00       		.byte	0
  98 005d 000000   		.space	3
  99 0060 00000000 		.word	USBFS_1_DEVICE0_CONFIGURATION0_INTERFACE0_ALTERNATE0_HID_OUT_RPT_TABLE
 100 0064 00       		.byte	0
 101 0065 000000   		.space	3
 102 0068 00000000 		.word	0
 103 006c 01       		.byte	1
 104 006d 000000   		.space	3
 105 0070 00000000 		.word	USBFS_1_HIDREPORT_DESCRIPTOR1
 106 0074 01       		.byte	1
 107 0075 000000   		.space	3
 108 0078 12000000 		.word	USBFS_1_DEVICE0_CONFIGURATION0_DESCR+18
 109              		.type	USBFS_1_DEVICE0_CONFIGURATION0_INTERFACE0_ALTERNATE0_HID_OUT_RPT_TABLE, %object
 110              		.size	USBFS_1_DEVICE0_CONFIGURATION0_INTERFACE0_ALTERNATE0_HID_OUT_RPT_TABLE, 12
 111              	USBFS_1_DEVICE0_CONFIGURATION0_INTERFACE0_ALTERNATE0_HID_OUT_RPT_TABLE:
 112 007c 0200     		.short	2
 113 007e 0000     		.space	2
 114 0080 00000000 		.word	USBFS_1_DEVICE0_CONFIGURATION0_INTERFACE0_ALTERNATE0_HID_OUT_BUF
ARM GAS  C:\DOCUME~1\Admin\LOCALS~1\Temp\ccIDPRfe.s 			page 3


 115 0084 00000000 		.word	USBFS_1_DEVICE0_CONFIGURATION0_INTERFACE0_ALTERNATE0_HID_OUT_RPT_SCB
 116              		.type	USBFS_1_DEVICE0_CONFIGURATION0_INTERFACE0_ALTERNATE0_HID_IN_RPT_TABLE, %object
 117              		.size	USBFS_1_DEVICE0_CONFIGURATION0_INTERFACE0_ALTERNATE0_HID_IN_RPT_TABLE, 12
 118              	USBFS_1_DEVICE0_CONFIGURATION0_INTERFACE0_ALTERNATE0_HID_IN_RPT_TABLE:
 119 0088 0900     		.short	9
 120 008a 0000     		.space	2
 121 008c 00000000 		.word	USBFS_1_DEVICE0_CONFIGURATION0_INTERFACE0_ALTERNATE0_HID_IN_BUF
 122 0090 00000000 		.word	USBFS_1_DEVICE0_CONFIGURATION0_INTERFACE0_ALTERNATE0_HID_IN_RPT_SCB
 123              		.type	USBFS_1_HIDREPORT_DESCRIPTOR1, %object
 124              		.size	USBFS_1_HIDREPORT_DESCRIPTOR1, 69
 125              	USBFS_1_HIDREPORT_DESCRIPTOR1:
 126 0094 41       		.byte	65
 127 0095 00       		.byte	0
 128 0096 05       		.byte	5
 129 0097 01       		.byte	1
 130 0098 09       		.byte	9
 131 0099 06       		.byte	6
 132 009a A1       		.byte	-95
 133 009b 01       		.byte	1
 134 009c 05       		.byte	5
 135 009d 07       		.byte	7
 136 009e 19       		.byte	25
 137 009f E0       		.byte	-32
 138 00a0 29       		.byte	41
 139 00a1 E7       		.byte	-25
 140 00a2 15       		.byte	21
 141 00a3 00       		.byte	0
 142 00a4 25       		.byte	37
 143 00a5 01       		.byte	1
 144 00a6 75       		.byte	117
 145 00a7 01       		.byte	1
 146 00a8 95       		.byte	-107
 147 00a9 08       		.byte	8
 148 00aa 81       		.byte	-127
 149 00ab 02       		.byte	2
 150 00ac 95       		.byte	-107
 151 00ad 01       		.byte	1
 152 00ae 75       		.byte	117
 153 00af 08       		.byte	8
 154 00b0 81       		.byte	-127
 155 00b1 03       		.byte	3
 156 00b2 75       		.byte	117
 157 00b3 01       		.byte	1
 158 00b4 95       		.byte	-107
 159 00b5 05       		.byte	5
 160 00b6 05       		.byte	5
 161 00b7 08       		.byte	8
 162 00b8 19       		.byte	25
 163 00b9 01       		.byte	1
 164 00ba 29       		.byte	41
 165 00bb 05       		.byte	5
 166 00bc 75       		.byte	117
 167 00bd 01       		.byte	1
 168 00be 91       		.byte	-111
 169 00bf 02       		.byte	2
 170 00c0 95       		.byte	-107
 171 00c1 01       		.byte	1
ARM GAS  C:\DOCUME~1\Admin\LOCALS~1\Temp\ccIDPRfe.s 			page 4


 172 00c2 75       		.byte	117
 173 00c3 03       		.byte	3
 174 00c4 91       		.byte	-111
 175 00c5 03       		.byte	3
 176 00c6 75       		.byte	117
 177 00c7 08       		.byte	8
 178 00c8 95       		.byte	-107
 179 00c9 06       		.byte	6
 180 00ca 15       		.byte	21
 181 00cb 00       		.byte	0
 182 00cc 25       		.byte	37
 183 00cd 65       		.byte	101
 184 00ce 05       		.byte	5
 185 00cf 07       		.byte	7
 186 00d0 19       		.byte	25
 187 00d1 00       		.byte	0
 188 00d2 29       		.byte	41
 189 00d3 65       		.byte	101
 190 00d4 81       		.byte	-127
 191 00d5 00       		.byte	0
 192 00d6 C0       		.byte	-64
 193 00d7 00       		.byte	0
 194 00d8 00       		.byte	0
 195 00d9 000000   		.space	3
 196              		.type	USBFS_1_STRING_DESCRIPTORS, %object
 197              		.size	USBFS_1_STRING_DESCRIPTORS, 67
 198              	USBFS_1_STRING_DESCRIPTORS:
 199 00dc 04       		.byte	4
 200 00dd 03       		.byte	3
 201 00de 09       		.byte	9
 202 00df 04       		.byte	4
 203 00e0 2C       		.byte	44
 204 00e1 03       		.byte	3
 205 00e2 43       		.byte	67
 206 00e3 00       		.byte	0
 207 00e4 79       		.byte	121
 208 00e5 00       		.byte	0
 209 00e6 70       		.byte	112
 210 00e7 00       		.byte	0
 211 00e8 72       		.byte	114
 212 00e9 00       		.byte	0
 213 00ea 65       		.byte	101
 214 00eb 00       		.byte	0
 215 00ec 73       		.byte	115
 216 00ed 00       		.byte	0
 217 00ee 73       		.byte	115
 218 00ef 00       		.byte	0
 219 00f0 20       		.byte	32
 220 00f1 00       		.byte	0
 221 00f2 53       		.byte	83
 222 00f3 00       		.byte	0
 223 00f4 65       		.byte	101
 224 00f5 00       		.byte	0
 225 00f6 6D       		.byte	109
 226 00f7 00       		.byte	0
 227 00f8 69       		.byte	105
 228 00f9 00       		.byte	0
ARM GAS  C:\DOCUME~1\Admin\LOCALS~1\Temp\ccIDPRfe.s 			page 5


 229 00fa 63       		.byte	99
 230 00fb 00       		.byte	0
 231 00fc 6F       		.byte	111
 232 00fd 00       		.byte	0
 233 00fe 6E       		.byte	110
 234 00ff 00       		.byte	0
 235 0100 64       		.byte	100
 236 0101 00       		.byte	0
 237 0102 75       		.byte	117
 238 0103 00       		.byte	0
 239 0104 63       		.byte	99
 240 0105 00       		.byte	0
 241 0106 74       		.byte	116
 242 0107 00       		.byte	0
 243 0108 6F       		.byte	111
 244 0109 00       		.byte	0
 245 010a 72       		.byte	114
 246 010b 00       		.byte	0
 247 010c 12       		.byte	18
 248 010d 03       		.byte	3
 249 010e 4B       		.byte	75
 250 010f 00       		.byte	0
 251 0110 65       		.byte	101
 252 0111 00       		.byte	0
 253 0112 79       		.byte	121
 254 0113 00       		.byte	0
 255 0114 62       		.byte	98
 256 0115 00       		.byte	0
 257 0116 6F       		.byte	111
 258 0117 00       		.byte	0
 259 0118 61       		.byte	97
 260 0119 00       		.byte	0
 261 011a 72       		.byte	114
 262 011b 00       		.byte	0
 263 011c 64       		.byte	100
 264 011d 00       		.byte	0
 265 011e 00       		.byte	0
 266 011f 00       		.space	1
 267              		.type	USBFS_1_DEVICE0_CONFIGURATION0_DESCR, %object
 268              		.size	USBFS_1_DEVICE0_CONFIGURATION0_DESCR, 34
 269              	USBFS_1_DEVICE0_CONFIGURATION0_DESCR:
 270 0120 09       		.byte	9
 271 0121 02       		.byte	2
 272 0122 22       		.byte	34
 273 0123 00       		.byte	0
 274 0124 01       		.byte	1
 275 0125 01       		.byte	1
 276 0126 00       		.byte	0
 277 0127 A0       		.byte	-96
 278 0128 0A       		.byte	10
 279 0129 09       		.byte	9
 280 012a 04       		.byte	4
 281 012b 00       		.byte	0
 282 012c 00       		.byte	0
 283 012d 01       		.byte	1
 284 012e 03       		.byte	3
 285 012f 00       		.byte	0
ARM GAS  C:\DOCUME~1\Admin\LOCALS~1\Temp\ccIDPRfe.s 			page 6


 286 0130 00       		.byte	0
 287 0131 00       		.byte	0
 288 0132 09       		.byte	9
 289 0133 21       		.byte	33
 290 0134 11       		.byte	17
 291 0135 01       		.byte	1
 292 0136 00       		.byte	0
 293 0137 01       		.byte	1
 294 0138 22       		.byte	34
 295 0139 41       		.byte	65
 296 013a 00       		.byte	0
 297 013b 07       		.byte	7
 298 013c 05       		.byte	5
 299 013d 81       		.byte	-127
 300 013e 03       		.byte	3
 301 013f 08       		.byte	8
 302 0140 00       		.byte	0
 303 0141 0A       		.byte	10
 304 0142 0000     		.space	2
 305              		.type	USBFS_1_DEVICE0_DESCR, %object
 306              		.size	USBFS_1_DEVICE0_DESCR, 18
 307              	USBFS_1_DEVICE0_DESCR:
 308 0144 12       		.byte	18
 309 0145 01       		.byte	1
 310 0146 00       		.byte	0
 311 0147 02       		.byte	2
 312 0148 00       		.byte	0
 313 0149 00       		.byte	0
 314 014a 00       		.byte	0
 315 014b 08       		.byte	8
 316 014c B4       		.byte	-76
 317 014d 04       		.byte	4
 318 014e 13       		.byte	19
 319 014f E0       		.byte	-32
 320 0150 00       		.byte	0
 321 0151 00       		.byte	0
 322 0152 01       		.byte	1
 323 0153 02       		.byte	2
 324 0154 00       		.byte	0
 325 0155 01       		.byte	1
 326 0156 0000     		.text
 327              	.Letext0:
 328              		.file 1 ".\\Generated_Source\\PSoC5\\cytypes.h"
 329              		.file 2 ".\\Generated_Source\\PSoC5\\USBFS_1.h"
 330              		.file 3 ".\\Generated_Source\\PSoC5\\USBFS_1_descr.c"
 331              		.section	.debug_info,"",%progbits
 332              	.Ldebug_info0:
 333 0000 CA030000 		.4byte	0x3ca
 334 0004 0400     		.2byte	0x4
 335 0006 00000000 		.4byte	.Ldebug_abbrev0
 336 000a 04       		.byte	0x4
 337 000b 01       		.uleb128 0x1
 338 000c 53020000 		.4byte	.LASF48
 339 0010 01       		.byte	0x1
 340 0011 F0040000 		.4byte	.LASF49
 341 0015 36040000 		.4byte	.LASF50
 342 0019 00000000 		.4byte	.Ldebug_line0
ARM GAS  C:\DOCUME~1\Admin\LOCALS~1\Temp\ccIDPRfe.s 			page 7


 343 001d 02       		.uleb128 0x2
 344 001e 01       		.byte	0x1
 345 001f 06       		.byte	0x6
 346 0020 3B010000 		.4byte	.LASF0
 347 0024 02       		.uleb128 0x2
 348 0025 01       		.byte	0x1
 349 0026 08       		.byte	0x8
 350 0027 55010000 		.4byte	.LASF1
 351 002b 02       		.uleb128 0x2
 352 002c 02       		.byte	0x2
 353 002d 05       		.byte	0x5
 354 002e 2C040000 		.4byte	.LASF2
 355 0032 02       		.uleb128 0x2
 356 0033 02       		.byte	0x2
 357 0034 07       		.byte	0x7
 358 0035 62000000 		.4byte	.LASF3
 359 0039 02       		.uleb128 0x2
 360 003a 04       		.byte	0x4
 361 003b 05       		.byte	0x5
 362 003c 59000000 		.4byte	.LASF4
 363 0040 02       		.uleb128 0x2
 364 0041 04       		.byte	0x4
 365 0042 07       		.byte	0x7
 366 0043 6E010000 		.4byte	.LASF5
 367 0047 02       		.uleb128 0x2
 368 0048 08       		.byte	0x8
 369 0049 05       		.byte	0x5
 370 004a E3030000 		.4byte	.LASF6
 371 004e 02       		.uleb128 0x2
 372 004f 08       		.byte	0x8
 373 0050 07       		.byte	0x7
 374 0051 12030000 		.4byte	.LASF7
 375 0055 03       		.uleb128 0x3
 376 0056 04       		.byte	0x4
 377 0057 05       		.byte	0x5
 378 0058 696E7400 		.ascii	"int\000"
 379 005c 02       		.uleb128 0x2
 380 005d 04       		.byte	0x4
 381 005e 07       		.byte	0x7
 382 005f E1020000 		.4byte	.LASF8
 383 0063 04       		.uleb128 0x4
 384 0064 84040000 		.4byte	.LASF9
 385 0068 01       		.byte	0x1
 386 0069 3801     		.2byte	0x138
 387 006b 24000000 		.4byte	0x24
 388 006f 04       		.uleb128 0x4
 389 0070 1B020000 		.4byte	.LASF10
 390 0074 01       		.byte	0x1
 391 0075 3901     		.2byte	0x139
 392 0077 32000000 		.4byte	0x32
 393 007b 02       		.uleb128 0x2
 394 007c 04       		.byte	0x4
 395 007d 04       		.byte	0x4
 396 007e F6000000 		.4byte	.LASF11
 397 0082 02       		.uleb128 0x2
 398 0083 08       		.byte	0x8
 399 0084 04       		.byte	0x4
ARM GAS  C:\DOCUME~1\Admin\LOCALS~1\Temp\ccIDPRfe.s 			page 8


 400 0085 14020000 		.4byte	.LASF12
 401 0089 02       		.uleb128 0x2
 402 008a 01       		.byte	0x1
 403 008b 08       		.byte	0x8
 404 008c DE040000 		.4byte	.LASF13
 405 0090 05       		.uleb128 0x5
 406 0091 63000000 		.4byte	0x63
 407 0095 02       		.uleb128 0x2
 408 0096 04       		.byte	0x4
 409 0097 07       		.byte	0x7
 410 0098 BC030000 		.4byte	.LASF14
 411 009c 06       		.uleb128 0x6
 412 009d 08       		.byte	0x8
 413 009e 02       		.byte	0x2
 414 009f 9F       		.byte	0x9f
 415 00a0 ED000000 		.4byte	0xed
 416 00a4 07       		.uleb128 0x7
 417 00a5 8A040000 		.4byte	.LASF15
 418 00a9 02       		.byte	0x2
 419 00aa A1       		.byte	0xa1
 420 00ab 63000000 		.4byte	0x63
 421 00af 00       		.byte	0
 422 00b0 07       		.uleb128 0x7
 423 00b1 EB000000 		.4byte	.LASF16
 424 00b5 02       		.byte	0x2
 425 00b6 A2       		.byte	0xa2
 426 00b7 63000000 		.4byte	0x63
 427 00bb 01       		.byte	0x1
 428 00bc 07       		.uleb128 0x7
 429 00bd 80010000 		.4byte	.LASF17
 430 00c1 02       		.byte	0x2
 431 00c2 A3       		.byte	0xa3
 432 00c3 63000000 		.4byte	0x63
 433 00c7 02       		.byte	0x2
 434 00c8 07       		.uleb128 0x7
 435 00c9 63010000 		.4byte	.LASF18
 436 00cd 02       		.byte	0x2
 437 00ce A4       		.byte	0xa4
 438 00cf 63000000 		.4byte	0x63
 439 00d3 03       		.byte	0x3
 440 00d4 07       		.uleb128 0x7
 441 00d5 21040000 		.4byte	.LASF19
 442 00d9 02       		.byte	0x2
 443 00da A5       		.byte	0xa5
 444 00db 6F000000 		.4byte	0x6f
 445 00df 04       		.byte	0x4
 446 00e0 07       		.uleb128 0x7
 447 00e1 85050000 		.4byte	.LASF20
 448 00e5 02       		.byte	0x2
 449 00e6 A6       		.byte	0xa6
 450 00e7 63000000 		.4byte	0x63
 451 00eb 06       		.byte	0x6
 452 00ec 00       		.byte	0
 453 00ed 08       		.uleb128 0x8
 454 00ee B7010000 		.4byte	.LASF21
 455 00f2 02       		.byte	0x2
 456 00f3 A7       		.byte	0xa7
ARM GAS  C:\DOCUME~1\Admin\LOCALS~1\Temp\ccIDPRfe.s 			page 9


 457 00f4 9C000000 		.4byte	0x9c
 458 00f8 06       		.uleb128 0x6
 459 00f9 04       		.byte	0x4
 460 00fa 02       		.byte	0x2
 461 00fb A9       		.byte	0xa9
 462 00fc 19010000 		.4byte	0x119
 463 0100 07       		.uleb128 0x7
 464 0101 9A000000 		.4byte	.LASF22
 465 0105 02       		.byte	0x2
 466 0106 AB       		.byte	0xab
 467 0107 63000000 		.4byte	0x63
 468 010b 00       		.byte	0
 469 010c 07       		.uleb128 0x7
 470 010d 59050000 		.4byte	.LASF23
 471 0111 02       		.byte	0x2
 472 0112 AC       		.byte	0xac
 473 0113 6F000000 		.4byte	0x6f
 474 0117 02       		.byte	0x2
 475 0118 00       		.byte	0
 476 0119 08       		.uleb128 0x8
 477 011a 85010000 		.4byte	.LASF24
 478 011e 02       		.byte	0x2
 479 011f AD       		.byte	0xad
 480 0120 F8000000 		.4byte	0xf8
 481 0124 06       		.uleb128 0x6
 482 0125 0C       		.byte	0xc
 483 0126 02       		.byte	0x2
 484 0127 AF       		.byte	0xaf
 485 0128 51010000 		.4byte	0x151
 486 012c 07       		.uleb128 0x7
 487 012d 53000000 		.4byte	.LASF25
 488 0131 02       		.byte	0x2
 489 0132 B1       		.byte	0xb1
 490 0133 6F000000 		.4byte	0x6f
 491 0137 00       		.byte	0
 492 0138 07       		.uleb128 0x7
 493 0139 E5000000 		.4byte	.LASF26
 494 013d 02       		.byte	0x2
 495 013e B2       		.byte	0xb2
 496 013f 51010000 		.4byte	0x151
 497 0143 04       		.byte	0x4
 498 0144 07       		.uleb128 0x7
 499 0145 00000000 		.4byte	.LASF27
 500 0149 02       		.byte	0x2
 501 014a B3       		.byte	0xb3
 502 014b 57010000 		.4byte	0x157
 503 014f 08       		.byte	0x8
 504 0150 00       		.byte	0
 505 0151 09       		.uleb128 0x9
 506 0152 04       		.byte	0x4
 507 0153 90000000 		.4byte	0x90
 508 0157 09       		.uleb128 0x9
 509 0158 04       		.byte	0x4
 510 0159 19010000 		.4byte	0x119
 511 015d 08       		.uleb128 0x8
 512 015e E3040000 		.4byte	.LASF28
 513 0162 02       		.byte	0x2
ARM GAS  C:\DOCUME~1\Admin\LOCALS~1\Temp\ccIDPRfe.s 			page 10


 514 0163 B4       		.byte	0xb4
 515 0164 24010000 		.4byte	0x124
 516 0168 06       		.uleb128 0x6
 517 0169 08       		.byte	0x8
 518 016a 02       		.byte	0x2
 519 016b B6       		.byte	0xb6
 520 016c 87010000 		.4byte	0x187
 521 0170 0A       		.uleb128 0xa
 522 0171 6300     		.ascii	"c\000"
 523 0173 02       		.byte	0x2
 524 0174 B8       		.byte	0xb8
 525 0175 63000000 		.4byte	0x63
 526 0179 00       		.byte	0
 527 017a 07       		.uleb128 0x7
 528 017b 29030000 		.4byte	.LASF29
 529 017f 02       		.byte	0x2
 530 0180 B9       		.byte	0xb9
 531 0181 87010000 		.4byte	0x187
 532 0185 04       		.byte	0x4
 533 0186 00       		.byte	0
 534 0187 09       		.uleb128 0x9
 535 0188 04       		.byte	0x4
 536 0189 8D010000 		.4byte	0x18d
 537 018d 0B       		.uleb128 0xb
 538 018e 08       		.uleb128 0x8
 539 018f EE020000 		.4byte	.LASF30
 540 0193 02       		.byte	0x2
 541 0194 BA       		.byte	0xba
 542 0195 68010000 		.4byte	0x168
 543 0199 0C       		.uleb128 0xc
 544 019a 63000000 		.4byte	0x63
 545 019e A9010000 		.4byte	0x1a9
 546 01a2 0D       		.uleb128 0xd
 547 01a3 95000000 		.4byte	0x95
 548 01a7 11       		.byte	0x11
 549 01a8 00       		.byte	0
 550 01a9 0E       		.uleb128 0xe
 551 01aa FC020000 		.4byte	.LASF31
 552 01ae 03       		.byte	0x3
 553 01af 24       		.byte	0x24
 554 01b0 BA010000 		.4byte	0x1ba
 555 01b4 05       		.uleb128 0x5
 556 01b5 03       		.byte	0x3
 557 01b6 00000000 		.4byte	USBFS_1_DEVICE0_DESCR
 558 01ba 0F       		.uleb128 0xf
 559 01bb 99010000 		.4byte	0x199
 560 01bf 0C       		.uleb128 0xc
 561 01c0 63000000 		.4byte	0x63
 562 01c4 CF010000 		.4byte	0x1cf
 563 01c8 0D       		.uleb128 0xd
 564 01c9 95000000 		.4byte	0x95
 565 01cd 21       		.byte	0x21
 566 01ce 00       		.byte	0
 567 01cf 0E       		.uleb128 0xe
 568 01d0 75000000 		.4byte	.LASF32
 569 01d4 03       		.byte	0x3
 570 01d5 37       		.byte	0x37
ARM GAS  C:\DOCUME~1\Admin\LOCALS~1\Temp\ccIDPRfe.s 			page 11


 571 01d6 E0010000 		.4byte	0x1e0
 572 01da 05       		.uleb128 0x5
 573 01db 03       		.byte	0x3
 574 01dc 00000000 		.4byte	USBFS_1_DEVICE0_CONFIGURATION0_DESCR
 575 01e0 0F       		.uleb128 0xf
 576 01e1 BF010000 		.4byte	0x1bf
 577 01e5 0C       		.uleb128 0xc
 578 01e6 8E010000 		.4byte	0x18e
 579 01ea F5010000 		.4byte	0x1f5
 580 01ee 0D       		.uleb128 0xd
 581 01ef 95000000 		.4byte	0x95
 582 01f3 00       		.byte	0
 583 01f4 00       		.byte	0
 584 01f5 0E       		.uleb128 0xe
 585 01f6 F1030000 		.4byte	.LASF33
 586 01fa 03       		.byte	0x3
 587 01fb E0       		.byte	0xe0
 588 01fc 06020000 		.4byte	0x206
 589 0200 05       		.uleb128 0x5
 590 0201 03       		.byte	0x3
 591 0202 00000000 		.4byte	USBFS_1_DEVICE0_CONFIGURATION0_INTERFACE0_TABLE
 592 0206 0F       		.uleb128 0xf
 593 0207 E5010000 		.4byte	0x1e5
 594 020b 0C       		.uleb128 0xc
 595 020c ED000000 		.4byte	0xed
 596 0210 1B020000 		.4byte	0x21b
 597 0214 0D       		.uleb128 0xd
 598 0215 95000000 		.4byte	0x95
 599 0219 00       		.byte	0
 600 021a 00       		.byte	0
 601 021b 0E       		.uleb128 0xe
 602 021c 22020000 		.4byte	.LASF34
 603 0220 03       		.byte	0x3
 604 0221 EB       		.byte	0xeb
 605 0222 2C020000 		.4byte	0x22c
 606 0226 05       		.uleb128 0x5
 607 0227 03       		.byte	0x3
 608 0228 00000000 		.4byte	USBFS_1_DEVICE0_CONFIGURATION0_EP_SETTINGS_TABLE
 609 022c 0F       		.uleb128 0xf
 610 022d 0B020000 		.4byte	0x20b
 611 0231 0C       		.uleb128 0xc
 612 0232 63000000 		.4byte	0x63
 613 0236 41020000 		.4byte	0x241
 614 023a 0D       		.uleb128 0xd
 615 023b 95000000 		.4byte	0x95
 616 023f 00       		.byte	0
 617 0240 00       		.byte	0
 618 0241 0E       		.uleb128 0xe
 619 0242 AF040000 		.4byte	.LASF35
 620 0246 03       		.byte	0x3
 621 0247 EF       		.byte	0xef
 622 0248 52020000 		.4byte	0x252
 623 024c 05       		.uleb128 0x5
 624 024d 03       		.byte	0x3
 625 024e 00000000 		.4byte	USBFS_1_DEVICE0_CONFIGURATION0_INTERFACE_CLASS
 626 0252 0F       		.uleb128 0xf
 627 0253 31020000 		.4byte	0x231
ARM GAS  C:\DOCUME~1\Admin\LOCALS~1\Temp\ccIDPRfe.s 			page 12


 628 0257 0C       		.uleb128 0xc
 629 0258 8E010000 		.4byte	0x18e
 630 025c 67020000 		.4byte	0x267
 631 0260 0D       		.uleb128 0xd
 632 0261 95000000 		.4byte	0x95
 633 0265 03       		.byte	0x3
 634 0266 00       		.byte	0
 635 0267 0E       		.uleb128 0xe
 636 0268 60050000 		.4byte	.LASF36
 637 026c 03       		.byte	0x3
 638 026d F7       		.byte	0xf7
 639 026e 78020000 		.4byte	0x278
 640 0272 05       		.uleb128 0x5
 641 0273 03       		.byte	0x3
 642 0274 00000000 		.4byte	USBFS_1_DEVICE0_CONFIGURATION0_TABLE
 643 0278 0F       		.uleb128 0xf
 644 0279 57020000 		.4byte	0x257
 645 027d 0C       		.uleb128 0xc
 646 027e 8E010000 		.4byte	0x18e
 647 0282 8D020000 		.4byte	0x28d
 648 0286 0D       		.uleb128 0xd
 649 0287 95000000 		.4byte	0x95
 650 028b 02       		.byte	0x2
 651 028c 00       		.byte	0
 652 028d 10       		.uleb128 0x10
 653 028e A1010000 		.4byte	.LASF37
 654 0292 03       		.byte	0x3
 655 0293 0101     		.2byte	0x101
 656 0295 9F020000 		.4byte	0x29f
 657 0299 05       		.uleb128 0x5
 658 029a 03       		.byte	0x3
 659 029b 00000000 		.4byte	USBFS_1_DEVICE0_TABLE
 660 029f 0F       		.uleb128 0xf
 661 02a0 7D020000 		.4byte	0x27d
 662 02a4 10       		.uleb128 0x10
 663 02a5 47010000 		.4byte	.LASF38
 664 02a9 03       		.byte	0x3
 665 02aa 0901     		.2byte	0x109
 666 02ac B6020000 		.4byte	0x2b6
 667 02b0 05       		.uleb128 0x5
 668 02b1 03       		.byte	0x3
 669 02b2 00000000 		.4byte	USBFS_1_TABLE
 670 02b6 0F       		.uleb128 0xf
 671 02b7 E5010000 		.4byte	0x1e5
 672 02bb 0C       		.uleb128 0xc
 673 02bc 63000000 		.4byte	0x63
 674 02c0 CB020000 		.4byte	0x2cb
 675 02c4 0D       		.uleb128 0xd
 676 02c5 95000000 		.4byte	0x95
 677 02c9 42       		.byte	0x42
 678 02ca 00       		.byte	0
 679 02cb 0E       		.uleb128 0xe
 680 02cc 94040000 		.4byte	.LASF39
 681 02d0 03       		.byte	0x3
 682 02d1 65       		.byte	0x65
 683 02d2 DC020000 		.4byte	0x2dc
 684 02d6 05       		.uleb128 0x5
ARM GAS  C:\DOCUME~1\Admin\LOCALS~1\Temp\ccIDPRfe.s 			page 13


 685 02d7 03       		.byte	0x3
 686 02d8 00000000 		.4byte	USBFS_1_STRING_DESCRIPTORS
 687 02dc 0F       		.uleb128 0xf
 688 02dd BB020000 		.4byte	0x2bb
 689 02e1 0E       		.uleb128 0xe
 690 02e2 A1000000 		.4byte	.LASF40
 691 02e6 03       		.byte	0x3
 692 02e7 B1       		.byte	0xb1
 693 02e8 19010000 		.4byte	0x119
 694 02ec 05       		.uleb128 0x5
 695 02ed 03       		.byte	0x3
 696 02ee 00000000 		.4byte	USBFS_1_DEVICE0_CONFIGURATION0_INTERFACE0_ALTERNATE0_HID_IN_RPT_SCB
 697 02f2 0C       		.uleb128 0xc
 698 02f3 63000000 		.4byte	0x63
 699 02f7 02030000 		.4byte	0x302
 700 02fb 0D       		.uleb128 0xd
 701 02fc 95000000 		.4byte	0x95
 702 0300 08       		.byte	0x8
 703 0301 00       		.byte	0
 704 0302 0E       		.uleb128 0xe
 705 0303 19050000 		.4byte	.LASF41
 706 0307 03       		.byte	0x3
 707 0308 B2       		.byte	0xb2
 708 0309 F2020000 		.4byte	0x2f2
 709 030d 05       		.uleb128 0x5
 710 030e 03       		.byte	0x3
 711 030f 00000000 		.4byte	USBFS_1_DEVICE0_CONFIGURATION0_INTERFACE0_ALTERNATE0_HID_IN_BUF
 712 0313 0E       		.uleb128 0xe
 713 0314 30030000 		.4byte	.LASF42
 714 0318 03       		.byte	0x3
 715 0319 C0       		.byte	0xc0
 716 031a 19010000 		.4byte	0x119
 717 031e 05       		.uleb128 0x5
 718 031f 03       		.byte	0x3
 719 0320 00000000 		.4byte	USBFS_1_DEVICE0_CONFIGURATION0_INTERFACE0_ALTERNATE0_HID_OUT_RPT_SCB
 720 0324 0C       		.uleb128 0xc
 721 0325 63000000 		.4byte	0x63
 722 0329 34030000 		.4byte	0x334
 723 032d 0D       		.uleb128 0xd
 724 032e 95000000 		.4byte	0x95
 725 0332 01       		.byte	0x1
 726 0333 00       		.byte	0
 727 0334 0E       		.uleb128 0xe
 728 0335 D3010000 		.4byte	.LASF43
 729 0339 03       		.byte	0x3
 730 033a C1       		.byte	0xc1
 731 033b 24030000 		.4byte	0x324
 732 033f 05       		.uleb128 0x5
 733 0340 03       		.byte	0x3
 734 0341 00000000 		.4byte	USBFS_1_DEVICE0_CONFIGURATION0_INTERFACE0_ALTERNATE0_HID_OUT_BUF
 735 0345 0C       		.uleb128 0xc
 736 0346 63000000 		.4byte	0x63
 737 034a 55030000 		.4byte	0x355
 738 034e 0D       		.uleb128 0xd
 739 034f 95000000 		.4byte	0x95
 740 0353 44       		.byte	0x44
 741 0354 00       		.byte	0
ARM GAS  C:\DOCUME~1\Admin\LOCALS~1\Temp\ccIDPRfe.s 			page 14


 742 0355 0E       		.uleb128 0xe
 743 0356 C5030000 		.4byte	.LASF44
 744 035a 03       		.byte	0x3
 745 035b 85       		.byte	0x85
 746 035c 66030000 		.4byte	0x366
 747 0360 05       		.uleb128 0x5
 748 0361 03       		.byte	0x3
 749 0362 00000000 		.4byte	USBFS_1_HIDREPORT_DESCRIPTOR1
 750 0366 0F       		.uleb128 0xf
 751 0367 45030000 		.4byte	0x345
 752 036b 0C       		.uleb128 0xc
 753 036c 5D010000 		.4byte	0x15d
 754 0370 7B030000 		.4byte	0x37b
 755 0374 0D       		.uleb128 0xd
 756 0375 95000000 		.4byte	0x95
 757 0379 00       		.byte	0
 758 037a 00       		.byte	0
 759 037b 0E       		.uleb128 0xe
 760 037c 0D000000 		.4byte	.LASF45
 761 0380 03       		.byte	0x3
 762 0381 B8       		.byte	0xb8
 763 0382 8C030000 		.4byte	0x38c
 764 0386 05       		.uleb128 0x5
 765 0387 03       		.byte	0x3
 766 0388 00000000 		.4byte	USBFS_1_DEVICE0_CONFIGURATION0_INTERFACE0_ALTERNATE0_HID_IN_RPT_TABLE
 767 038c 0F       		.uleb128 0xf
 768 038d 6B030000 		.4byte	0x36b
 769 0391 0E       		.uleb128 0xe
 770 0392 75030000 		.4byte	.LASF46
 771 0396 03       		.byte	0x3
 772 0397 C7       		.byte	0xc7
 773 0398 A2030000 		.4byte	0x3a2
 774 039c 05       		.uleb128 0x5
 775 039d 03       		.byte	0x3
 776 039e 00000000 		.4byte	USBFS_1_DEVICE0_CONFIGURATION0_INTERFACE0_ALTERNATE0_HID_OUT_RPT_TABLE
 777 03a2 0F       		.uleb128 0xf
 778 03a3 6B030000 		.4byte	0x36b
 779 03a7 0C       		.uleb128 0xc
 780 03a8 8E010000 		.4byte	0x18e
 781 03ac B7030000 		.4byte	0x3b7
 782 03b0 0D       		.uleb128 0xd
 783 03b1 95000000 		.4byte	0x95
 784 03b5 04       		.byte	0x4
 785 03b6 00       		.byte	0
 786 03b7 0E       		.uleb128 0xe
 787 03b8 FC000000 		.4byte	.LASF47
 788 03bc 03       		.byte	0x3
 789 03bd D4       		.byte	0xd4
 790 03be C8030000 		.4byte	0x3c8
 791 03c2 05       		.uleb128 0x5
 792 03c3 03       		.byte	0x3
 793 03c4 00000000 		.4byte	USBFS_1_DEVICE0_CONFIGURATION0_INTERFACE0_ALTERNATE0_HID_TABLE
 794 03c8 0F       		.uleb128 0xf
 795 03c9 A7030000 		.4byte	0x3a7
 796 03cd 00       		.byte	0
 797              		.section	.debug_abbrev,"",%progbits
 798              	.Ldebug_abbrev0:
ARM GAS  C:\DOCUME~1\Admin\LOCALS~1\Temp\ccIDPRfe.s 			page 15


 799 0000 01       		.uleb128 0x1
 800 0001 11       		.uleb128 0x11
 801 0002 01       		.byte	0x1
 802 0003 25       		.uleb128 0x25
 803 0004 0E       		.uleb128 0xe
 804 0005 13       		.uleb128 0x13
 805 0006 0B       		.uleb128 0xb
 806 0007 03       		.uleb128 0x3
 807 0008 0E       		.uleb128 0xe
 808 0009 1B       		.uleb128 0x1b
 809 000a 0E       		.uleb128 0xe
 810 000b 10       		.uleb128 0x10
 811 000c 17       		.uleb128 0x17
 812 000d 00       		.byte	0
 813 000e 00       		.byte	0
 814 000f 02       		.uleb128 0x2
 815 0010 24       		.uleb128 0x24
 816 0011 00       		.byte	0
 817 0012 0B       		.uleb128 0xb
 818 0013 0B       		.uleb128 0xb
 819 0014 3E       		.uleb128 0x3e
 820 0015 0B       		.uleb128 0xb
 821 0016 03       		.uleb128 0x3
 822 0017 0E       		.uleb128 0xe
 823 0018 00       		.byte	0
 824 0019 00       		.byte	0
 825 001a 03       		.uleb128 0x3
 826 001b 24       		.uleb128 0x24
 827 001c 00       		.byte	0
 828 001d 0B       		.uleb128 0xb
 829 001e 0B       		.uleb128 0xb
 830 001f 3E       		.uleb128 0x3e
 831 0020 0B       		.uleb128 0xb
 832 0021 03       		.uleb128 0x3
 833 0022 08       		.uleb128 0x8
 834 0023 00       		.byte	0
 835 0024 00       		.byte	0
 836 0025 04       		.uleb128 0x4
 837 0026 16       		.uleb128 0x16
 838 0027 00       		.byte	0
 839 0028 03       		.uleb128 0x3
 840 0029 0E       		.uleb128 0xe
 841 002a 3A       		.uleb128 0x3a
 842 002b 0B       		.uleb128 0xb
 843 002c 3B       		.uleb128 0x3b
 844 002d 05       		.uleb128 0x5
 845 002e 49       		.uleb128 0x49
 846 002f 13       		.uleb128 0x13
 847 0030 00       		.byte	0
 848 0031 00       		.byte	0
 849 0032 05       		.uleb128 0x5
 850 0033 35       		.uleb128 0x35
 851 0034 00       		.byte	0
 852 0035 49       		.uleb128 0x49
 853 0036 13       		.uleb128 0x13
 854 0037 00       		.byte	0
 855 0038 00       		.byte	0
ARM GAS  C:\DOCUME~1\Admin\LOCALS~1\Temp\ccIDPRfe.s 			page 16


 856 0039 06       		.uleb128 0x6
 857 003a 13       		.uleb128 0x13
 858 003b 01       		.byte	0x1
 859 003c 0B       		.uleb128 0xb
 860 003d 0B       		.uleb128 0xb
 861 003e 3A       		.uleb128 0x3a
 862 003f 0B       		.uleb128 0xb
 863 0040 3B       		.uleb128 0x3b
 864 0041 0B       		.uleb128 0xb
 865 0042 01       		.uleb128 0x1
 866 0043 13       		.uleb128 0x13
 867 0044 00       		.byte	0
 868 0045 00       		.byte	0
 869 0046 07       		.uleb128 0x7
 870 0047 0D       		.uleb128 0xd
 871 0048 00       		.byte	0
 872 0049 03       		.uleb128 0x3
 873 004a 0E       		.uleb128 0xe
 874 004b 3A       		.uleb128 0x3a
 875 004c 0B       		.uleb128 0xb
 876 004d 3B       		.uleb128 0x3b
 877 004e 0B       		.uleb128 0xb
 878 004f 49       		.uleb128 0x49
 879 0050 13       		.uleb128 0x13
 880 0051 38       		.uleb128 0x38
 881 0052 0B       		.uleb128 0xb
 882 0053 00       		.byte	0
 883 0054 00       		.byte	0
 884 0055 08       		.uleb128 0x8
 885 0056 16       		.uleb128 0x16
 886 0057 00       		.byte	0
 887 0058 03       		.uleb128 0x3
 888 0059 0E       		.uleb128 0xe
 889 005a 3A       		.uleb128 0x3a
 890 005b 0B       		.uleb128 0xb
 891 005c 3B       		.uleb128 0x3b
 892 005d 0B       		.uleb128 0xb
 893 005e 49       		.uleb128 0x49
 894 005f 13       		.uleb128 0x13
 895 0060 00       		.byte	0
 896 0061 00       		.byte	0
 897 0062 09       		.uleb128 0x9
 898 0063 0F       		.uleb128 0xf
 899 0064 00       		.byte	0
 900 0065 0B       		.uleb128 0xb
 901 0066 0B       		.uleb128 0xb
 902 0067 49       		.uleb128 0x49
 903 0068 13       		.uleb128 0x13
 904 0069 00       		.byte	0
 905 006a 00       		.byte	0
 906 006b 0A       		.uleb128 0xa
 907 006c 0D       		.uleb128 0xd
 908 006d 00       		.byte	0
 909 006e 03       		.uleb128 0x3
 910 006f 08       		.uleb128 0x8
 911 0070 3A       		.uleb128 0x3a
 912 0071 0B       		.uleb128 0xb
ARM GAS  C:\DOCUME~1\Admin\LOCALS~1\Temp\ccIDPRfe.s 			page 17


 913 0072 3B       		.uleb128 0x3b
 914 0073 0B       		.uleb128 0xb
 915 0074 49       		.uleb128 0x49
 916 0075 13       		.uleb128 0x13
 917 0076 38       		.uleb128 0x38
 918 0077 0B       		.uleb128 0xb
 919 0078 00       		.byte	0
 920 0079 00       		.byte	0
 921 007a 0B       		.uleb128 0xb
 922 007b 26       		.uleb128 0x26
 923 007c 00       		.byte	0
 924 007d 00       		.byte	0
 925 007e 00       		.byte	0
 926 007f 0C       		.uleb128 0xc
 927 0080 01       		.uleb128 0x1
 928 0081 01       		.byte	0x1
 929 0082 49       		.uleb128 0x49
 930 0083 13       		.uleb128 0x13
 931 0084 01       		.uleb128 0x1
 932 0085 13       		.uleb128 0x13
 933 0086 00       		.byte	0
 934 0087 00       		.byte	0
 935 0088 0D       		.uleb128 0xd
 936 0089 21       		.uleb128 0x21
 937 008a 00       		.byte	0
 938 008b 49       		.uleb128 0x49
 939 008c 13       		.uleb128 0x13
 940 008d 2F       		.uleb128 0x2f
 941 008e 0B       		.uleb128 0xb
 942 008f 00       		.byte	0
 943 0090 00       		.byte	0
 944 0091 0E       		.uleb128 0xe
 945 0092 34       		.uleb128 0x34
 946 0093 00       		.byte	0
 947 0094 03       		.uleb128 0x3
 948 0095 0E       		.uleb128 0xe
 949 0096 3A       		.uleb128 0x3a
 950 0097 0B       		.uleb128 0xb
 951 0098 3B       		.uleb128 0x3b
 952 0099 0B       		.uleb128 0xb
 953 009a 49       		.uleb128 0x49
 954 009b 13       		.uleb128 0x13
 955 009c 3F       		.uleb128 0x3f
 956 009d 19       		.uleb128 0x19
 957 009e 02       		.uleb128 0x2
 958 009f 18       		.uleb128 0x18
 959 00a0 00       		.byte	0
 960 00a1 00       		.byte	0
 961 00a2 0F       		.uleb128 0xf
 962 00a3 26       		.uleb128 0x26
 963 00a4 00       		.byte	0
 964 00a5 49       		.uleb128 0x49
 965 00a6 13       		.uleb128 0x13
 966 00a7 00       		.byte	0
 967 00a8 00       		.byte	0
 968 00a9 10       		.uleb128 0x10
 969 00aa 34       		.uleb128 0x34
ARM GAS  C:\DOCUME~1\Admin\LOCALS~1\Temp\ccIDPRfe.s 			page 18


 970 00ab 00       		.byte	0
 971 00ac 03       		.uleb128 0x3
 972 00ad 0E       		.uleb128 0xe
 973 00ae 3A       		.uleb128 0x3a
 974 00af 0B       		.uleb128 0xb
 975 00b0 3B       		.uleb128 0x3b
 976 00b1 05       		.uleb128 0x5
 977 00b2 49       		.uleb128 0x49
 978 00b3 13       		.uleb128 0x13
 979 00b4 3F       		.uleb128 0x3f
 980 00b5 19       		.uleb128 0x19
 981 00b6 02       		.uleb128 0x2
 982 00b7 18       		.uleb128 0x18
 983 00b8 00       		.byte	0
 984 00b9 00       		.byte	0
 985 00ba 00       		.byte	0
 986              		.section	.debug_aranges,"",%progbits
 987 0000 14000000 		.4byte	0x14
 988 0004 0200     		.2byte	0x2
 989 0006 00000000 		.4byte	.Ldebug_info0
 990 000a 04       		.byte	0x4
 991 000b 00       		.byte	0
 992 000c 0000     		.2byte	0
 993 000e 0000     		.2byte	0
 994 0010 00000000 		.4byte	0
 995 0014 00000000 		.4byte	0
 996              		.section	.debug_line,"",%progbits
 997              	.Ldebug_line0:
 998 0000 5F000000 		.section	.debug_str,"MS",%progbits,1
 998      02005900 
 998      00000201 
 998      FB0E0D00 
 998      01010101 
 999              	.LASF27:
 1000 0000 70537461 		.ascii	"pStatusBlock\000"
 1000      74757342 
 1000      6C6F636B 
 1000      00
 1001              	.LASF45:
 1002 000d 55534246 		.ascii	"USBFS_1_DEVICE0_CONFIGURATION0_INTERFACE0_ALTERNATE"
 1002      535F315F 
 1002      44455649 
 1002      4345305F 
 1002      434F4E46 
 1003 0040 305F4849 		.ascii	"0_HID_IN_RPT_TABLE\000"
 1003      445F494E 
 1003      5F525054 
 1003      5F544142 
 1003      4C4500
 1004              	.LASF25:
 1005 0053 636F756E 		.ascii	"count\000"
 1005      7400
 1006              	.LASF4:
 1007 0059 6C6F6E67 		.ascii	"long int\000"
 1007      20696E74 
 1007      00
 1008              	.LASF3:
ARM GAS  C:\DOCUME~1\Admin\LOCALS~1\Temp\ccIDPRfe.s 			page 19


 1009 0062 73686F72 		.ascii	"short unsigned int\000"
 1009      7420756E 
 1009      7369676E 
 1009      65642069 
 1009      6E7400
 1010              	.LASF32:
 1011 0075 55534246 		.ascii	"USBFS_1_DEVICE0_CONFIGURATION0_DESCR\000"
 1011      535F315F 
 1011      44455649 
 1011      4345305F 
 1011      434F4E46 
 1012              	.LASF22:
 1013 009a 73746174 		.ascii	"status\000"
 1013      757300
 1014              	.LASF40:
 1015 00a1 55534246 		.ascii	"USBFS_1_DEVICE0_CONFIGURATION0_INTERFACE0_ALTERNATE"
 1015      535F315F 
 1015      44455649 
 1015      4345305F 
 1015      434F4E46 
 1016 00d4 305F4849 		.ascii	"0_HID_IN_RPT_SCB\000"
 1016      445F494E 
 1016      5F525054 
 1016      5F534342 
 1016      00
 1017              	.LASF26:
 1018 00e5 70446174 		.ascii	"pData\000"
 1018      6100
 1019              	.LASF16:
 1020 00eb 616C7453 		.ascii	"altSetting\000"
 1020      65747469 
 1020      6E6700
 1021              	.LASF11:
 1022 00f6 666C6F61 		.ascii	"float\000"
 1022      7400
 1023              	.LASF47:
 1024 00fc 55534246 		.ascii	"USBFS_1_DEVICE0_CONFIGURATION0_INTERFACE0_ALTERNATE"
 1024      535F315F 
 1024      44455649 
 1024      4345305F 
 1024      434F4E46 
 1025 012f 305F4849 		.ascii	"0_HID_TABLE\000"
 1025      445F5441 
 1025      424C4500 
 1026              	.LASF0:
 1027 013b 7369676E 		.ascii	"signed char\000"
 1027      65642063 
 1027      68617200 
 1028              	.LASF38:
 1029 0147 55534246 		.ascii	"USBFS_1_TABLE\000"
 1029      535F315F 
 1029      5441424C 
 1029      4500
 1030              	.LASF1:
 1031 0155 756E7369 		.ascii	"unsigned char\000"
 1031      676E6564 
 1031      20636861 
ARM GAS  C:\DOCUME~1\Admin\LOCALS~1\Temp\ccIDPRfe.s 			page 20


 1031      7200
 1032              	.LASF18:
 1033 0163 61747472 		.ascii	"attributes\000"
 1033      69627574 
 1033      657300
 1034              	.LASF5:
 1035 016e 6C6F6E67 		.ascii	"long unsigned int\000"
 1035      20756E73 
 1035      69676E65 
 1035      6420696E 
 1035      7400
 1036              	.LASF17:
 1037 0180 61646472 		.ascii	"addr\000"
 1037      00
 1038              	.LASF24:
 1039 0185 545F5553 		.ascii	"T_USBFS_1_XFER_STATUS_BLOCK\000"
 1039      4246535F 
 1039      315F5846 
 1039      45525F53 
 1039      54415455 
 1040              	.LASF37:
 1041 01a1 55534246 		.ascii	"USBFS_1_DEVICE0_TABLE\000"
 1041      535F315F 
 1041      44455649 
 1041      4345305F 
 1041      5441424C 
 1042              	.LASF21:
 1043 01b7 545F5553 		.ascii	"T_USBFS_1_EP_SETTINGS_BLOCK\000"
 1043      4246535F 
 1043      315F4550 
 1043      5F534554 
 1043      54494E47 
 1044              	.LASF43:
 1045 01d3 55534246 		.ascii	"USBFS_1_DEVICE0_CONFIGURATION0_INTERFACE0_ALTERNATE"
 1045      535F315F 
 1045      44455649 
 1045      4345305F 
 1045      434F4E46 
 1046 0206 305F4849 		.ascii	"0_HID_OUT_BUF\000"
 1046      445F4F55 
 1046      545F4255 
 1046      4600
 1047              	.LASF12:
 1048 0214 646F7562 		.ascii	"double\000"
 1048      6C6500
 1049              	.LASF10:
 1050 021b 75696E74 		.ascii	"uint16\000"
 1050      313600
 1051              	.LASF34:
 1052 0222 55534246 		.ascii	"USBFS_1_DEVICE0_CONFIGURATION0_EP_SETTINGS_TABLE\000"
 1052      535F315F 
 1052      44455649 
 1052      4345305F 
 1052      434F4E46 
 1053              	.LASF48:
 1054 0253 474E5520 		.ascii	"GNU C 4.9.3 20150303 (release) [ARM/embedded-4_9-br"
 1054      4320342E 
ARM GAS  C:\DOCUME~1\Admin\LOCALS~1\Temp\ccIDPRfe.s 			page 21


 1054      392E3320 
 1054      32303135 
 1054      30333033 
 1055 0286 616E6368 		.ascii	"anch revision 221220] -mcpu=cortex-m3 -mthumb -g -O"
 1055      20726576 
 1055      6973696F 
 1055      6E203232 
 1055      31323230 
 1056 02b9 67202D66 		.ascii	"g -ffunction-sections -ffat-lto-objects\000"
 1056      66756E63 
 1056      74696F6E 
 1056      2D736563 
 1056      74696F6E 
 1057              	.LASF8:
 1058 02e1 756E7369 		.ascii	"unsigned int\000"
 1058      676E6564 
 1058      20696E74 
 1058      00
 1059              	.LASF30:
 1060 02ee 545F5553 		.ascii	"T_USBFS_1_LUT\000"
 1060      4246535F 
 1060      315F4C55 
 1060      5400
 1061              	.LASF31:
 1062 02fc 55534246 		.ascii	"USBFS_1_DEVICE0_DESCR\000"
 1062      535F315F 
 1062      44455649 
 1062      4345305F 
 1062      44455343 
 1063              	.LASF7:
 1064 0312 6C6F6E67 		.ascii	"long long unsigned int\000"
 1064      206C6F6E 
 1064      6720756E 
 1064      7369676E 
 1064      65642069 
 1065              	.LASF29:
 1066 0329 705F6C69 		.ascii	"p_list\000"
 1066      737400
 1067              	.LASF42:
 1068 0330 55534246 		.ascii	"USBFS_1_DEVICE0_CONFIGURATION0_INTERFACE0_ALTERNATE"
 1068      535F315F 
 1068      44455649 
 1068      4345305F 
 1068      434F4E46 
 1069 0363 305F4849 		.ascii	"0_HID_OUT_RPT_SCB\000"
 1069      445F4F55 
 1069      545F5250 
 1069      545F5343 
 1069      4200
 1070              	.LASF46:
 1071 0375 55534246 		.ascii	"USBFS_1_DEVICE0_CONFIGURATION0_INTERFACE0_ALTERNATE"
 1071      535F315F 
 1071      44455649 
 1071      4345305F 
 1071      434F4E46 
 1072 03a8 305F4849 		.ascii	"0_HID_OUT_RPT_TABLE\000"
 1072      445F4F55 
ARM GAS  C:\DOCUME~1\Admin\LOCALS~1\Temp\ccIDPRfe.s 			page 22


 1072      545F5250 
 1072      545F5441 
 1072      424C4500 
 1073              	.LASF14:
 1074 03bc 73697A65 		.ascii	"sizetype\000"
 1074      74797065 
 1074      00
 1075              	.LASF44:
 1076 03c5 55534246 		.ascii	"USBFS_1_HIDREPORT_DESCRIPTOR1\000"
 1076      535F315F 
 1076      48494452 
 1076      45504F52 
 1076      545F4445 
 1077              	.LASF6:
 1078 03e3 6C6F6E67 		.ascii	"long long int\000"
 1078      206C6F6E 
 1078      6720696E 
 1078      7400
 1079              	.LASF33:
 1080 03f1 55534246 		.ascii	"USBFS_1_DEVICE0_CONFIGURATION0_INTERFACE0_TABLE\000"
 1080      535F315F 
 1080      44455649 
 1080      4345305F 
 1080      434F4E46 
 1081              	.LASF19:
 1082 0421 62756666 		.ascii	"bufferSize\000"
 1082      65725369 
 1082      7A6500
 1083              	.LASF2:
 1084 042c 73686F72 		.ascii	"short int\000"
 1084      7420696E 
 1084      7400
 1085              	.LASF50:
 1086 0436 433A5C44 		.ascii	"C:\\Documents and Settings\\Admin\\Desktop\\NeXTsou"
 1086      6F63756D 
 1086      656E7473 
 1086      20616E64 
 1086      20536574 
 1087 0465 6E64626F 		.ascii	"ndbox staging area\\Vomit.cydsn\000"
 1087      78207374 
 1087      6167696E 
 1087      67206172 
 1087      65615C56 
 1088              	.LASF9:
 1089 0484 75696E74 		.ascii	"uint8\000"
 1089      3800
 1090              	.LASF15:
 1091 048a 696E7465 		.ascii	"interface\000"
 1091      72666163 
 1091      6500
 1092              	.LASF39:
 1093 0494 55534246 		.ascii	"USBFS_1_STRING_DESCRIPTORS\000"
 1093      535F315F 
 1093      53545249 
 1093      4E475F44 
 1093      45534352 
 1094              	.LASF35:
ARM GAS  C:\DOCUME~1\Admin\LOCALS~1\Temp\ccIDPRfe.s 			page 23


 1095 04af 55534246 		.ascii	"USBFS_1_DEVICE0_CONFIGURATION0_INTERFACE_CLASS\000"
 1095      535F315F 
 1095      44455649 
 1095      4345305F 
 1095      434F4E46 
 1096              	.LASF13:
 1097 04de 63686172 		.ascii	"char\000"
 1097      00
 1098              	.LASF28:
 1099 04e3 545F5553 		.ascii	"T_USBFS_1_TD\000"
 1099      4246535F 
 1099      315F5444 
 1099      00
 1100              	.LASF49:
 1101 04f0 2E5C4765 		.ascii	".\\Generated_Source\\PSoC5\\USBFS_1_descr.c\000"
 1101      6E657261 
 1101      7465645F 
 1101      536F7572 
 1101      63655C50 
 1102              	.LASF41:
 1103 0519 55534246 		.ascii	"USBFS_1_DEVICE0_CONFIGURATION0_INTERFACE0_ALTERNATE"
 1103      535F315F 
 1103      44455649 
 1103      4345305F 
 1103      434F4E46 
 1104 054c 305F4849 		.ascii	"0_HID_IN_BUF\000"
 1104      445F494E 
 1104      5F425546 
 1104      00
 1105              	.LASF23:
 1106 0559 6C656E67 		.ascii	"length\000"
 1106      746800
 1107              	.LASF36:
 1108 0560 55534246 		.ascii	"USBFS_1_DEVICE0_CONFIGURATION0_TABLE\000"
 1108      535F315F 
 1108      44455649 
 1108      4345305F 
 1108      434F4E46 
 1109              	.LASF20:
 1110 0585 624D6973 		.ascii	"bMisc\000"
 1110      6300
 1111              		.ident	"GCC: (GNU Tools for ARM Embedded Processors) 4.9.3 20150303 (release) [ARM/embedded-4_9-br
