Loading plugins phase: Elapsed time ==> 0s.359ms
Initializing data phase: Elapsed time ==> 0s.000ms
<CYPRESSTAG name="CyDsfit arguments...">
cydsfit arguments: -.fdsnotice -.fdswarpdepfile=warp_dependencies.txt -.fdselabdepfile=elab_dependencies.txt -.fdsbldfile=generated_files.txt -p C:\Documents and Settings\Admin\Desktop\NeXTsoundbox staging area\Vomit.cydsn\Vomit.cyprj -d CY8C5888LTI-LP097 -s C:\Documents and Settings\Admin\Desktop\NeXTsoundbox staging area\Vomit.cydsn\Generated_Source\PSoC5 -- -yv2 -q10 -ygs -o2 -v3 -.fftcfgtype=LE</CYPRESSTAG>
<CYPRESSTAG name="Design elaboration results...">
</CYPRESSTAG>
Elaboration phase: Elapsed time ==> 3s.750ms
<CYPRESSTAG name="HDL generation results...">
</CYPRESSTAG>
HDL generation phase: Elapsed time ==> 0s.062ms
<CYPRESSTAG name="Synthesis results...">

     | | | | | | |
   _________________
  -|               |-
  -|               |-
  -|               |-
  -|    CYPRESS    |-
  -|               |-
  -|               |-   Warp Verilog Synthesis Compiler: Version 6.3 IR 41
  -|               |-   Copyright (C) 1991-2001 Cypress Semiconductor
   |_______________|
     | | | | | | |

======================================================================
Compiling:  Vomit.v
Program  :   C:\Program Files\Cypress\PSoC Creator\3.3\PSoC Creator\warp\bin/warp.exe
Options  :    -yv2 -q10 -ygs -o2 -v3 -.fftcfgtype=LE -ya -.fftprj=C:\Documents and Settings\Admin\Desktop\NeXTsoundbox staging area\Vomit.cydsn\Vomit.cyprj -dcpsoc3 Vomit.v -verilog
======================================================================

======================================================================
Compiling:  Vomit.v
Program  :   C:\Program Files\Cypress\PSoC Creator\3.3\PSoC Creator\warp\bin/warp.exe
Options  :    -yv2 -q10 -ygs -o2 -v3 -.fftcfgtype=LE -ya -.fftprj=C:\Documents and Settings\Admin\Desktop\NeXTsoundbox staging area\Vomit.cydsn\Vomit.cyprj -dcpsoc3 Vomit.v -verilog
======================================================================

======================================================================
Compiling:  Vomit.v
Program  :   vlogfe
Options  :    -yv2 -q10 -ygs -o2 -v3 -.fftcfgtype=LE -ya -.fftprj=C:\Documents and Settings\Admin\Desktop\NeXTsoundbox staging area\Vomit.cydsn\Vomit.cyprj -dcpsoc3 -verilog Vomit.v
======================================================================

vlogfe V6.3 IR 41:  Verilog parser
Sun Apr 24 19:35:08 2016


======================================================================
Compiling:  Vomit.v
Program  :   vpp
Options  :    -yv2 -q10 Vomit.v
======================================================================

vpp V6.3 IR 41:  Verilog Pre-Processor
Sun Apr 24 19:35:08 2016

Flattening file 'C:\Program Files\Cypress\PSoC Creator\3.3\PSoC Creator\psoc\content\cyprimitives\CyPrimitives.cylib\cy_virtualmux_v1_0\cy_virtualmux_v1_0.v'
Flattening file 'C:\Program Files\Cypress\PSoC Creator\3.3\PSoC Creator\psoc\content\cyprimitives\CyPrimitives.cylib\ZeroTerminal\ZeroTerminal.v'
Flattening file 'C:\Program Files\Cypress\PSoC Creator\3.3\PSoC Creator\psoc\content\cycomponentlibrary\CyComponentLibrary.cylib\GlitchFilter_v2_0\GlitchFilter_v2_0.v'
Flattening file 'C:\Program Files\Cypress\PSoC Creator\3.3\PSoC Creator\warp\lib\common\cypress.v'
Flattening file 'C:\Program Files\Cypress\PSoC Creator\3.3\PSoC Creator\warp\lib\common\cy_psoc3_inc.v'
Flattening file 'C:\Program Files\Cypress\PSoC Creator\3.3\PSoC Creator\psoc\content\cyprimitives\CyPrimitives.cylib\OneTerminal\OneTerminal.v'
Flattening file 'C:\Program Files\Cypress\PSoC Creator\3.3\PSoC Creator\psoc\content\cycomponentlibrary\CyComponentLibrary.cylib\BShiftReg_v2_30\BShiftReg_v2_30.v'
Flattening file 'C:\Program Files\Cypress\PSoC Creator\3.3\PSoC Creator\warp\lib\common\cypress.v'

vpp:  No errors.

Library 'work' => directory 'lcpsoc3'
General_symbol_table
General_symbol_table
Linking 'C:\Program Files\Cypress\PSoC Creator\3.3\PSoC Creator\warp\lib\common\std.vhd'.
Linking 'C:\Program Files\Cypress\PSoC Creator\3.3\PSoC Creator\warp\lib\common\cypress.vhd'.
Linking 'C:\Program Files\Cypress\PSoC Creator\3.3\PSoC Creator\warp\lib\common\work\cypress.vif'.
Linking 'C:\Program Files\Cypress\PSoC Creator\3.3\PSoC Creator\warp\lib\ieee\work\stdlogic.vif'.
Linking 'C:\Program Files\Cypress\PSoC Creator\3.3\PSoC Creator\warp\lib\common\stdlogic\lpmpkg.vif'.
Linking 'C:\Program Files\Cypress\PSoC Creator\3.3\PSoC Creator\warp\lib\common\stdlogic\rtlpkg.vif'.
Linking 'C:\Program Files\Cypress\PSoC Creator\3.3\PSoC Creator\warp\lib\common\stdlogic\mod_cnst.vif'.
Linking 'C:\Program Files\Cypress\PSoC Creator\3.3\PSoC Creator\warp\lib\common\stdlogic\mod_mthv.vif'.
Linking 'C:\Program Files\Cypress\PSoC Creator\3.3\PSoC Creator\warp\lib\common\stdlogic\mod_genv.vif'.
Using control file 'Vomit.ctl'.
Note:  Using config. rule 'CLOCKPIN_1' to set csattribute 'clock_driver' on 'CLOCKPIN_1'.
Linking 'C:\Program Files\Cypress\PSoC Creator\3.3\PSoC Creator\warp\lib\common\stdlogic\cy_psoc3pkg.vif'.
Linking 'C:\Program Files\Cypress\PSoC Creator\3.3\PSoC Creator\warp\lib\common\stdlogic\cy_psoc3.vif'.

vlogfe:  No errors.


======================================================================
Compiling:  Vomit.v
Program  :   tovif
Options  :    -yv2 -q10 -ygs -o2 -v3 -.fftcfgtype=LE -ya -.fftprj=C:\Documents and Settings\Admin\Desktop\NeXTsoundbox staging area\Vomit.cydsn\Vomit.cyprj -dcpsoc3 -verilog Vomit.v
======================================================================

tovif V6.3 IR 41:  High-level synthesis
Sun Apr 24 19:35:08 2016

Linking 'C:\Program Files\Cypress\PSoC Creator\3.3\PSoC Creator\warp\lib\common\std.vhd'.
Linking 'C:\Program Files\Cypress\PSoC Creator\3.3\PSoC Creator\warp\lib\common\cypress.vhd'.
Linking 'C:\Program Files\Cypress\PSoC Creator\3.3\PSoC Creator\warp\lib\common\work\cypress.vif'.
Linking 'C:\Program Files\Cypress\PSoC Creator\3.3\PSoC Creator\warp\lib\ieee\work\stdlogic.vif'.
Linking 'C:\Program Files\Cypress\PSoC Creator\3.3\PSoC Creator\warp\lib\common\stdlogic\lpmpkg.vif'.
Linking 'C:\Program Files\Cypress\PSoC Creator\3.3\PSoC Creator\warp\lib\common\stdlogic\rtlpkg.vif'.
Linking 'C:\Program Files\Cypress\PSoC Creator\3.3\PSoC Creator\warp\lib\common\stdlogic\mod_cnst.vif'.
Linking 'C:\Program Files\Cypress\PSoC Creator\3.3\PSoC Creator\warp\lib\common\stdlogic\mod_mthv.vif'.
Linking 'C:\Program Files\Cypress\PSoC Creator\3.3\PSoC Creator\warp\lib\common\stdlogic\mod_genv.vif'.
Linking 'C:\Documents and Settings\Admin\Desktop\NeXTsoundbox staging area\Vomit.cydsn\codegentemp\Vomit.ctl'.
Linking 'C:\Program Files\Cypress\PSoC Creator\3.3\PSoC Creator\psoc\content\cyprimitives\CyPrimitives.cylib\cy_virtualmux_v1_0\cy_virtualmux_v1_0.v'.
Linking 'C:\Documents and Settings\Admin\Desktop\NeXTsoundbox staging area\Vomit.cydsn\codegentemp\Vomit.v'.
Linking 'C:\Program Files\Cypress\PSoC Creator\3.3\PSoC Creator\psoc\content\cyprimitives\CyPrimitives.cylib\ZeroTerminal\ZeroTerminal.v'.
Linking 'C:\Program Files\Cypress\PSoC Creator\3.3\PSoC Creator\psoc\content\cycomponentlibrary\CyComponentLibrary.cylib\GlitchFilter_v2_0\GlitchFilter_v2_0.v'.
Linking 'C:\Program Files\Cypress\PSoC Creator\3.3\PSoC Creator\warp\lib\common\cypress.v'.
Linking 'C:\Program Files\Cypress\PSoC Creator\3.3\PSoC Creator\warp\lib\common\cy_psoc3_inc.v'.
Linking 'C:\Program Files\Cypress\PSoC Creator\3.3\PSoC Creator\psoc\content\cyprimitives\CyPrimitives.cylib\OneTerminal\OneTerminal.v'.
Linking 'C:\Program Files\Cypress\PSoC Creator\3.3\PSoC Creator\psoc\content\cycomponentlibrary\CyComponentLibrary.cylib\BShiftReg_v2_30\BShiftReg_v2_30.v'.
Linking 'C:\Program Files\Cypress\PSoC Creator\3.3\PSoC Creator\warp\lib\common\stdlogic\cy_psoc3pkg.vif'.
Linking 'C:\Program Files\Cypress\PSoC Creator\3.3\PSoC Creator\warp\lib\common\stdlogic\cy_psoc3.vif'.

tovif:  No errors.


======================================================================
Compiling:  Vomit.v
Program  :   topld
Options  :    -yv2 -q10 -ygs -o2 -v3 -.fftcfgtype=LE -ya -.fftprj=C:\Documents and Settings\Admin\Desktop\NeXTsoundbox staging area\Vomit.cydsn\Vomit.cyprj -dcpsoc3 -verilog Vomit.v
======================================================================

topld V6.3 IR 41:  Synthesis and optimization
Sun Apr 24 19:35:09 2016

Linking 'C:\Program Files\Cypress\PSoC Creator\3.3\PSoC Creator\warp\lib\common\std.vhd'.
Linking 'C:\Program Files\Cypress\PSoC Creator\3.3\PSoC Creator\warp\lib\common\cypress.vhd'.
Linking 'C:\Program Files\Cypress\PSoC Creator\3.3\PSoC Creator\warp\lib\common\work\cypress.vif'.
Linking 'C:\Program Files\Cypress\PSoC Creator\3.3\PSoC Creator\warp\lib\ieee\work\stdlogic.vif'.
Linking 'C:\Program Files\Cypress\PSoC Creator\3.3\PSoC Creator\warp\lib\common\stdlogic\lpmpkg.vif'.
Linking 'C:\Program Files\Cypress\PSoC Creator\3.3\PSoC Creator\warp\lib\common\stdlogic\rtlpkg.vif'.
Linking 'C:\Program Files\Cypress\PSoC Creator\3.3\PSoC Creator\warp\lib\common\stdlogic\mod_cnst.vif'.
Linking 'C:\Program Files\Cypress\PSoC Creator\3.3\PSoC Creator\warp\lib\common\stdlogic\mod_mthv.vif'.
Linking 'C:\Program Files\Cypress\PSoC Creator\3.3\PSoC Creator\warp\lib\common\stdlogic\mod_genv.vif'.
Linking 'C:\Documents and Settings\Admin\Desktop\NeXTsoundbox staging area\Vomit.cydsn\codegentemp\Vomit.ctl'.
Linking 'C:\Program Files\Cypress\PSoC Creator\3.3\PSoC Creator\psoc\content\cyprimitives\CyPrimitives.cylib\cy_virtualmux_v1_0\cy_virtualmux_v1_0.v'.
Linking 'C:\Documents and Settings\Admin\Desktop\NeXTsoundbox staging area\Vomit.cydsn\codegentemp\Vomit.v'.
Linking 'C:\Program Files\Cypress\PSoC Creator\3.3\PSoC Creator\psoc\content\cyprimitives\CyPrimitives.cylib\ZeroTerminal\ZeroTerminal.v'.
Linking 'C:\Program Files\Cypress\PSoC Creator\3.3\PSoC Creator\psoc\content\cycomponentlibrary\CyComponentLibrary.cylib\GlitchFilter_v2_0\GlitchFilter_v2_0.v'.
Linking 'C:\Program Files\Cypress\PSoC Creator\3.3\PSoC Creator\warp\lib\common\cypress.v'.
Linking 'C:\Program Files\Cypress\PSoC Creator\3.3\PSoC Creator\warp\lib\common\cy_psoc3_inc.v'.
Linking 'C:\Program Files\Cypress\PSoC Creator\3.3\PSoC Creator\psoc\content\cyprimitives\CyPrimitives.cylib\OneTerminal\OneTerminal.v'.
Linking 'C:\Program Files\Cypress\PSoC Creator\3.3\PSoC Creator\psoc\content\cycomponentlibrary\CyComponentLibrary.cylib\BShiftReg_v2_30\BShiftReg_v2_30.v'.
Linking 'C:\Program Files\Cypress\PSoC Creator\3.3\PSoC Creator\warp\lib\common\stdlogic\cy_psoc3pkg.vif'.
Linking 'C:\Program Files\Cypress\PSoC Creator\3.3\PSoC Creator\warp\lib\common\stdlogic\cy_psoc3.vif'.
Linking 'C:\Program Files\Cypress\PSoC Creator\3.3\PSoC Creator\warp\lib\lcpsoc3\stdlogic\cpsoc3.vif'.
Note:  Using config. rule 'CLOCKPIN_1' to set csattribute 'clock_driver' on 'CLOCKPIN_1'.

----------------------------------------------------------
Detecting unused logic.
----------------------------------------------------------
    User names
	\USBFS_1:dma_complete_0\
	\USBFS_1:Net_1922\
	\USBFS_1:dma_complete_1\
	\USBFS_1:Net_1921\
	\USBFS_1:dma_complete_2\
	\USBFS_1:Net_1920\
	\USBFS_1:dma_complete_3\
	\USBFS_1:Net_1919\
	\USBFS_1:dma_complete_4\
	\USBFS_1:Net_1918\
	\USBFS_1:dma_complete_5\
	\USBFS_1:Net_1917\
	\USBFS_1:dma_complete_6\
	\USBFS_1:Net_1916\
	\USBFS_1:dma_complete_7\
	\USBFS_1:Net_1915\
	CLOCK_EXT
	MOCI
	\ShiftReg_1:Net_1\
	\ShiftReg_1:Net_2\
	\ShiftReg_1:bSR:ctrl_f0_full\
	Net_390


Deleted 22 User equations/components.
Deleted 0 Synthesized equations/components.

------------------------------------------------------
Alias Detection
------------------------------------------------------
Aliasing one to \USBFS_1:tmpOE__Dm_net_0\
Aliasing \USBFS_1:tmpOE__Dp_net_0\ to \USBFS_1:tmpOE__Dm_net_0\
Aliasing tmpOE__SWITCHPIN_net_0 to \USBFS_1:tmpOE__Dm_net_0\
Aliasing tmpOE__LEDPIN_net_0 to \USBFS_1:tmpOE__Dm_net_0\
Aliasing tmpOE__MICOPIN_net_0 to \USBFS_1:tmpOE__Dm_net_0\
Aliasing tmpOE__MOCIPIN_net_0 to \USBFS_1:tmpOE__Dm_net_0\
Aliasing tmpOE__CLOCKPIN_net_0 to \USBFS_1:tmpOE__Dm_net_0\
Aliasing \ShiftReg_1:bSR:status_2\ to zero
Aliasing \ShiftReg_1:bSR:final_load\ to zero
Aliasing \ShiftReg_1:bSR:status_1\ to zero
Aliasing \ShiftReg_1:bSR:reset\ to zero
Aliasing \ShiftReg_1:bSR:store\ to zero
Aliasing \ShiftReg_1:bSR:load_reg\\D\ to zero
Removing Rhs of wire one[9] = \USBFS_1:tmpOE__Dm_net_0\[3]
Removing Lhs of wire \USBFS_1:tmpOE__Dp_net_0\[12] = one[9]
Removing Lhs of wire tmpOE__SWITCHPIN_net_0[61] = one[9]
Removing Lhs of wire tmpOE__LEDPIN_net_0[68] = one[9]
Removing Lhs of wire tmpOE__MICOPIN_net_0[92] = one[9]
Removing Lhs of wire tmpOE__MOCIPIN_net_0[98] = one[9]
Removing Rhs of wire MICO[112] = \GlitchFilter_1:genblk1[0]:last_state\[111]
Removing Lhs of wire tmpOE__CLOCKPIN_net_0[127] = one[9]
Removing Lhs of wire \ShiftReg_1:Net_350\[131] = MICO[112]
Removing Rhs of wire \ShiftReg_1:bSR:ctrl_clk_enable\[134] = \ShiftReg_1:bSR:control_0\[135]
Removing Lhs of wire \ShiftReg_1:bSR:status_2\[148] = zero[4]
Removing Lhs of wire \ShiftReg_1:bSR:status_0\[149] = zero[4]
Removing Lhs of wire \ShiftReg_1:bSR:final_load\[150] = zero[4]
Removing Lhs of wire \ShiftReg_1:bSR:status_1\[151] = zero[4]
Removing Rhs of wire \ShiftReg_1:bSR:status_3\[152] = \ShiftReg_1:bSR:f0_blk_stat_final\[153]
Removing Rhs of wire \ShiftReg_1:bSR:status_3\[152] = \ShiftReg_1:bSR:f0_blk_stat_32_3\[163]
Removing Rhs of wire \ShiftReg_1:bSR:status_4\[154] = \ShiftReg_1:bSR:f0_bus_stat_final\[155]
Removing Rhs of wire \ShiftReg_1:bSR:status_4\[154] = \ShiftReg_1:bSR:f0_bus_stat_32_3\[164]
Removing Rhs of wire \ShiftReg_1:bSR:status_5\[156] = \ShiftReg_1:bSR:f1_blk_stat_final\[157]
Removing Rhs of wire \ShiftReg_1:bSR:status_5\[156] = \ShiftReg_1:bSR:f1_blk_stat_32_3\[165]
Removing Rhs of wire \ShiftReg_1:bSR:status_6\[158] = \ShiftReg_1:bSR:f1_bus_stat_final\[159]
Removing Rhs of wire \ShiftReg_1:bSR:status_6\[158] = \ShiftReg_1:bSR:f1_bus_stat_32_3\[166]
Removing Lhs of wire \ShiftReg_1:bSR:reset\[168] = zero[4]
Removing Lhs of wire \ShiftReg_1:bSR:store\[169] = zero[4]
Removing Lhs of wire \GlitchFilter_3:genblk1[0]:samples_2\\D\[345] = \GlitchFilter_3:genblk1[0]:samples_1\[85]
Removing Lhs of wire \GlitchFilter_3:genblk1[0]:samples_1\\D\[346] = \GlitchFilter_3:genblk1[0]:samples_0\[86]
Removing Lhs of wire \GlitchFilter_3:genblk1[0]:samples_0\\D\[347] = CLOCKPIN_1[87]
Removing Lhs of wire \GlitchFilter_1:genblk1[0]:samples_2\\D\[349] = \GlitchFilter_1:genblk1[0]:samples_1\[108]
Removing Lhs of wire \GlitchFilter_1:genblk1[0]:samples_1\\D\[350] = \GlitchFilter_1:genblk1[0]:samples_0\[109]
Removing Lhs of wire \GlitchFilter_1:genblk1[0]:samples_0\\D\[351] = Net_33[93]
Removing Lhs of wire \GlitchFilter_2:genblk1[0]:samples_2\\D\[353] = \GlitchFilter_2:genblk1[0]:samples_1\[119]
Removing Lhs of wire \GlitchFilter_2:genblk1[0]:samples_1\\D\[354] = \GlitchFilter_2:genblk1[0]:samples_0\[120]
Removing Lhs of wire \GlitchFilter_2:genblk1[0]:samples_0\\D\[355] = Net_51[99]
Removing Lhs of wire \ShiftReg_1:bSR:load_reg\\D\[357] = zero[4]

------------------------------------------------------
Aliased 0 equations, 34 wires.
------------------------------------------------------

----------------------------------------------------------
Circuit simplification
----------------------------------------------------------

Substituting virtuals - pass 1:

Note:  Expanding virtual equation for '\GlitchFilter_3:genblk1[0]:or_term\' (cost = 4):
\GlitchFilter_3:genblk1[0]:or_term\ <= (CLOCKPIN_1
	OR \GlitchFilter_3:genblk1[0]:samples_0\
	OR \GlitchFilter_3:genblk1[0]:samples_1\
	OR \GlitchFilter_3:genblk1[0]:samples_2\);

Note:  Expanding virtual equation for '\GlitchFilter_3:genblk1[0]:and_term\' (cost = 1):
\GlitchFilter_3:genblk1[0]:and_term\ <= ((\GlitchFilter_3:genblk1[0]:samples_2\ and \GlitchFilter_3:genblk1[0]:samples_1\ and \GlitchFilter_3:genblk1[0]:samples_0\ and CLOCKPIN_1));

Note:  Expanding virtual equation for '\GlitchFilter_1:genblk1[0]:or_term\' (cost = 4):
\GlitchFilter_1:genblk1[0]:or_term\ <= (\GlitchFilter_1:genblk1[0]:samples_0\
	OR \GlitchFilter_1:genblk1[0]:samples_1\
	OR \GlitchFilter_1:genblk1[0]:samples_2\
	OR Net_33);

Note:  Expanding virtual equation for '\GlitchFilter_1:genblk1[0]:and_term\' (cost = 1):
\GlitchFilter_1:genblk1[0]:and_term\ <= ((Net_33 and \GlitchFilter_1:genblk1[0]:samples_2\ and \GlitchFilter_1:genblk1[0]:samples_1\ and \GlitchFilter_1:genblk1[0]:samples_0\));

Note:  Expanding virtual equation for '\GlitchFilter_2:genblk1[0]:or_term\' (cost = 4):
\GlitchFilter_2:genblk1[0]:or_term\ <= (\GlitchFilter_2:genblk1[0]:samples_0\
	OR \GlitchFilter_2:genblk1[0]:samples_1\
	OR \GlitchFilter_2:genblk1[0]:samples_2\
	OR Net_51);

Note:  Expanding virtual equation for '\GlitchFilter_2:genblk1[0]:and_term\' (cost = 1):
\GlitchFilter_2:genblk1[0]:and_term\ <= ((Net_51 and \GlitchFilter_2:genblk1[0]:samples_2\ and \GlitchFilter_2:genblk1[0]:samples_1\ and \GlitchFilter_2:genblk1[0]:samples_0\));


Substituting virtuals - pass 2:


----------------------------------------------------------
Circuit simplification results:

	Expanded 6 signals.
	Turned 0 signals into soft nodes.
	Maximum default expansion cost was set at 3.
----------------------------------------------------------

------------------------------------------------------
Alias Detection
------------------------------------------------------

------------------------------------------------------
Aliased 0 equations, 0 wires.
------------------------------------------------------

Last attempt to remove unused logic - pass 1:


Last attempt to remove unused logic - pass 2:


topld:  No errors.

CYPRESS_DIR    : C:\Program Files\Cypress\PSoC Creator\3.3\PSoC Creator\warp
Warp Program   : C:\Program Files\Cypress\PSoC Creator\3.3\PSoC Creator\warp\bin/warp.exe
Warp Arguments : -yv2 -q10 -ygs -o2 -v3 -.fftcfgtype=LE -ya "-.fftprj=C:\Documents and Settings\Admin\Desktop\NeXTsoundbox staging area\Vomit.cydsn\Vomit.cyprj" -dcpsoc3 Vomit.v -verilog
</CYPRESSTAG>
Warp synthesis phase: Elapsed time ==> 0s.937ms
<CYPRESSTAG name="Fitter results...">
<CYPRESSTAG name="Fitter startup details...">
cyp3fit: V3.3.0.7343, Family: PSoC3, Started at: Sunday, 24 April 2016 19:35:09
Options: -yv2 -q10 -ygs -o2 -v3 -.fftcfgtype=LE -ya -.fftprj=C:\Documents and Settings\Admin\Desktop\NeXTsoundbox staging area\Vomit.cydsn\Vomit.cyprj -d CY8C5888LTI-LP097 Vomit.v -verilog
</CYPRESSTAG>
<CYPRESSTAG name="Design parsing">
Design parsing phase: Elapsed time ==> 0s.031ms
</CYPRESSTAG>
<CYPRESSTAG name="Tech mapping">
<CYPRESSTAG name="Initial Mapping" icon="FILE_RPT_TECHM">
    Converted constant MacroCell: \ShiftReg_1:bSR:load_reg\ from registered to combinatorial
Assigning clock Clock_Master1 to clock BUS_CLK because it is a pass-through
Assigning clock Clock_Master0 to clock BUS_CLK because it is a pass-through
Assigning clock Clock_Master2 to clock BUS_CLK because it is a pass-through
<CYPRESSTAG name="Global Clock Selection" icon="FILE_RPT_TECHM">
    Digital Clock 0: Automatic-assigning  clock 'Clock_1'. Fanout=1, Signal=Net_388
</CYPRESSTAG>

Removing unused cells resulting from optimization
Done removing unused cells.
<CYPRESSTAG name="UDB Clock/Enable Remapping Results">
    UDB Clk/Enable \GlitchFilter_3:ClkSync\: with output requested to be synchronous
        ClockIn: BUS_CLK was determined to be a global clock that is synchronous to BUS_CLK
        EnableIn: Constant 1 was determined to be synchronous to ClockIn
        ClockOut: BUS_CLK, EnableOut: Constant 1
    UDB Clk/Enable \GlitchFilter_1:ClkSync\: with output requested to be synchronous
        ClockIn: BUS_CLK was determined to be a global clock that is synchronous to BUS_CLK
        EnableIn: Constant 1 was determined to be synchronous to ClockIn
        ClockOut: BUS_CLK, EnableOut: Constant 1
    UDB Clk/Enable \GlitchFilter_2:ClkSync\: with output requested to be synchronous
        ClockIn: BUS_CLK was determined to be a global clock that is synchronous to BUS_CLK
        EnableIn: Constant 1 was determined to be synchronous to ClockIn
        ClockOut: BUS_CLK, EnableOut: Constant 1
    UDB Clk/Enable \ShiftReg_1:bSR:ClkEn\: with output requested to be synchronous
        ClockIn: Clock_1 was determined to be a global clock that is synchronous to BUS_CLK
        EnableIn: Constant 1 was determined to be synchronous to ClockIn
        ClockOut: Clock_1, EnableOut: Constant 1
</CYPRESSTAG>
ADD: pft.M0040: information: The following 2 pin(s) will be assigned a location by the fitter: \USBFS_1:Dm(0)\, \USBFS_1:Dp(0)\


Removing unused cells resulting from optimization
Done removing unused cells.
<CYPRESSTAG name="Duplicate Macrocell detection">
</CYPRESSTAG>
</CYPRESSTAG>
<CYPRESSTAG name="Duplicate Macrocell detection">
</CYPRESSTAG>
<CYPRESSTAG name="Design Equations" icon="FILE_RPT_EQUATION">

------------------------------------------------------------
Design Equations
------------------------------------------------------------
    <CYPRESSTAG name="Pin listing">

    ------------------------------------------------------------
    Pin listing
    ------------------------------------------------------------

    Pin : Name = \USBFS_1:Dm(0)\
        Attributes:
            In Group/Port: True
            In Sync Option: AUTO
            Out Sync Option: AUTO
            Interrupt generated: False
            Interrupt mode: NONE
            Drive mode: HI_Z_ANALOG
            VTrip: EITHER
            Slew: FAST
            Input Sync needed: False
            Output Sync needed: False
            SC shield enabled: False
            POR State: ANY
            LCD Mode: COMMON
            Register Mode: RegComb
            CaSense Mode: NEITHER
            Treat as pin: True
            Is OE Registered: False
            Uses Analog: True
            Can contain Digital: False
            Is SIO: False
            SIO Output Buf: NONREGULATED
            SIO Input Buf: SINGLE_ENDED
            SIO HiFreq: LOW
            SIO Hyst: DISABLED
            SIO Vtrip: MULTIPLIER_0_5
            SIO Multiplier Index: 0
            SIO RefSel: VCC_IO
            Required Capabilitites: USB_D_MINUS
            Initial Value: 0
            IO Voltage: 0
        PORT MAP (
            pa_out => \USBFS_1:Dm(0)\__PA ,
            analog_term => \USBFS_1:Net_597\ ,
            pad => \USBFS_1:Dm(0)_PAD\ );

    Pin : Name = \USBFS_1:Dp(0)\
        Attributes:
            In Group/Port: True
            In Sync Option: SYNC
            Out Sync Option: AUTO
            Interrupt generated: True
            Interrupt mode: FALLING
            Drive mode: HI_Z_ANALOG
            VTrip: CMOS
            Slew: FAST
            Input Sync needed: True
            Output Sync needed: False
            SC shield enabled: False
            POR State: ANY
            LCD Mode: COMMON
            Register Mode: RegComb
            CaSense Mode: NEITHER
            Treat as pin: False
            Is OE Registered: False
            Uses Analog: True
            Can contain Digital: True
            Is SIO: False
            SIO Output Buf: NONREGULATED
            SIO Input Buf: SINGLE_ENDED
            SIO HiFreq: LOW
            SIO Hyst: DISABLED
            SIO Vtrip: MULTIPLIER_0_5
            SIO Multiplier Index: 0
            SIO RefSel: VCC_IO
            Required Capabilitites: USB_D_PLUS
            Initial Value: 1
            IO Voltage: 0
        PORT MAP (
            pa_out => \USBFS_1:Dp(0)\__PA ,
            analog_term => \USBFS_1:Net_1000\ ,
            pad => \USBFS_1:Dp(0)_PAD\ );

    Pin : Name = SWITCHPIN(0)
        Attributes:
            In Group/Port: True
            In Sync Option: NOSYNC
            Out Sync Option: AUTO
            Interrupt generated: False
            Interrupt mode: NONE
            Drive mode: RES_PULL_UP
            VTrip: CMOS
            Slew: FAST
            Input Sync needed: False
            Output Sync needed: False
            SC shield enabled: False
            POR State: ANY
            LCD Mode: COMMON
            Register Mode: RegComb
            CaSense Mode: NEITHER
            Treat as pin: True
            Is OE Registered: False
            Uses Analog: False
            Can contain Digital: True
            Is SIO: False
            SIO Output Buf: NONREGULATED
            SIO Input Buf: SINGLE_ENDED
            SIO HiFreq: LOW
            SIO Hyst: DISABLED
            SIO Vtrip: MULTIPLIER_0_5
            SIO Multiplier Index: 0
            SIO RefSel: VCC_IO
            Required Capabilitites: DIGITAL
            Initial Value: 1
            IO Voltage: 0
        PORT MAP (
            pa_out => SWITCHPIN(0)__PA ,
            annotation => Net_14 ,
            pad => SWITCHPIN(0)_PAD );
        Properties:
        {
        }

    Pin : Name = LEDPIN(0)
        Attributes:
            In Group/Port: True
            In Sync Option: AUTO
            Out Sync Option: NOSYNC
            Interrupt generated: False
            Interrupt mode: NONE
            Drive mode: CMOS_OUT
            VTrip: EITHER
            Slew: FAST
            Input Sync needed: False
            Output Sync needed: False
            SC shield enabled: False
            POR State: ANY
            LCD Mode: COMMON
            Register Mode: RegComb
            CaSense Mode: NEITHER
            Treat as pin: True
            Is OE Registered: False
            Uses Analog: False
            Can contain Digital: True
            Is SIO: False
            SIO Output Buf: NONREGULATED
            SIO Input Buf: SINGLE_ENDED
            SIO HiFreq: LOW
            SIO Hyst: DISABLED
            SIO Vtrip: MULTIPLIER_0_5
            SIO Multiplier Index: 0
            SIO RefSel: VCC_IO
            Required Capabilitites: DIGITAL
            Initial Value: 0
            IO Voltage: 0
        PORT MAP (
            pa_out => LEDPIN(0)__PA ,
            annotation => Net_15 ,
            pad => LEDPIN(0)_PAD );
        Properties:
        {
        }

    Pin : Name = MICOPIN(0)
        Attributes:
            In Group/Port: True
            In Sync Option: NOSYNC
            Out Sync Option: AUTO
            Interrupt generated: False
            Interrupt mode: NONE
            Drive mode: HI_Z_DIGITAL
            VTrip: CMOS
            Slew: FAST
            Input Sync needed: False
            Output Sync needed: False
            SC shield enabled: False
            POR State: ANY
            LCD Mode: COMMON
            Register Mode: RegComb
            CaSense Mode: NEITHER
            Treat as pin: True
            Is OE Registered: False
            Uses Analog: False
            Can contain Digital: True
            Is SIO: False
            SIO Output Buf: NONREGULATED
            SIO Input Buf: SINGLE_ENDED
            SIO HiFreq: LOW
            SIO Hyst: DISABLED
            SIO Vtrip: MULTIPLIER_0_5
            SIO Multiplier Index: 0
            SIO RefSel: VCC_IO
            Required Capabilitites: DIGITAL, ROUTABLE
            Initial Value: 0
            IO Voltage: 0
        PORT MAP (
            pa_out => MICOPIN(0)__PA ,
            fb => Net_33 ,
            pad => MICOPIN(0)_PAD );
        Properties:
        {
        }

    Pin : Name = MOCIPIN(0)
        Attributes:
            In Group/Port: True
            In Sync Option: NOSYNC
            Out Sync Option: AUTO
            Interrupt generated: False
            Interrupt mode: NONE
            Drive mode: HI_Z_DIGITAL
            VTrip: CMOS
            Slew: FAST
            Input Sync needed: False
            Output Sync needed: False
            SC shield enabled: False
            POR State: ANY
            LCD Mode: COMMON
            Register Mode: RegComb
            CaSense Mode: NEITHER
            Treat as pin: True
            Is OE Registered: False
            Uses Analog: False
            Can contain Digital: True
            Is SIO: False
            SIO Output Buf: NONREGULATED
            SIO Input Buf: SINGLE_ENDED
            SIO HiFreq: LOW
            SIO Hyst: DISABLED
            SIO Vtrip: MULTIPLIER_0_5
            SIO Multiplier Index: 0
            SIO RefSel: VCC_IO
            Required Capabilitites: DIGITAL, ROUTABLE
            Initial Value: 0
            IO Voltage: 0
        PORT MAP (
            pa_out => MOCIPIN(0)__PA ,
            fb => Net_51 ,
            pad => MOCIPIN(0)_PAD );
        Properties:
        {
        }

    Pin : Name = CLOCKPIN(0)
        Attributes:
            In Group/Port: True
            In Sync Option: NOSYNC
            Out Sync Option: AUTO
            Interrupt generated: False
            Interrupt mode: NONE
            Drive mode: HI_Z_DIGITAL
            VTrip: CMOS
            Slew: FAST
            Input Sync needed: False
            Output Sync needed: False
            SC shield enabled: False
            POR State: ANY
            LCD Mode: COMMON
            Register Mode: RegComb
            CaSense Mode: NEITHER
            Treat as pin: True
            Is OE Registered: False
            Uses Analog: False
            Can contain Digital: True
            Is SIO: False
            SIO Output Buf: NONREGULATED
            SIO Input Buf: SINGLE_ENDED
            SIO HiFreq: LOW
            SIO Hyst: DISABLED
            SIO Vtrip: MULTIPLIER_0_5
            SIO Multiplier Index: 0
            SIO RefSel: VCC_IO
            Required Capabilitites: DIGITAL, ROUTABLE
            Initial Value: 0
            IO Voltage: 0
        PORT MAP (
            pa_out => CLOCKPIN(0)__PA ,
            fb => CLOCKPIN_1 ,
            pad => CLOCKPIN(0)_PAD );
        Properties:
        {
        }
    </CYPRESSTAG>
    <CYPRESSTAG name="Macrocell listing" icon="FILE_RPT_EQUATION">

    ------------------------------------------------------------
    Macrocell listing
    ------------------------------------------------------------

    MacroCell: Name=\GlitchFilter_3:genblk1[0]:samples_2\, Mode=(D-Register)
        Total # of inputs        : 1
        Total # of product terms : 1
        List of special equations: 
            Clock  = (ClockBlock_BUS_CLK) => Global
            Clock Enable: True
        Main Equation            : 1 pterm
        (
              \GlitchFilter_3:genblk1[0]:samples_1\
        );
        Output = \GlitchFilter_3:genblk1[0]:samples_2\ (fanout=1)

    MacroCell: Name=\GlitchFilter_3:genblk1[0]:samples_1\, Mode=(D-Register)
        Total # of inputs        : 1
        Total # of product terms : 1
        List of special equations: 
            Clock  = (ClockBlock_BUS_CLK) => Global
            Clock Enable: True
        Main Equation            : 1 pterm
        (
              \GlitchFilter_3:genblk1[0]:samples_0\
        );
        Output = \GlitchFilter_3:genblk1[0]:samples_1\ (fanout=2)

    MacroCell: Name=\GlitchFilter_3:genblk1[0]:samples_0\, Mode=(D-Register)
        Total # of inputs        : 1
        Total # of product terms : 1
        List of special equations: 
            Clock  = (ClockBlock_BUS_CLK) => Global
            Clock Enable: True
        Main Equation            : 1 pterm
        (
              CLOCKPIN_1
        );
        Output = \GlitchFilter_3:genblk1[0]:samples_0\ (fanout=2)

    MacroCell: Name=\GlitchFilter_3:genblk1[0]:last_state\, Mode=(T-Register)
        Total # of inputs        : 5
        Total # of product terms : 2
        List of special equations: 
            Clock  = (ClockBlock_BUS_CLK) => Global
            Clock Enable: True
        Main Equation            : 2 pterms
        (
              !\GlitchFilter_3:genblk1[0]:samples_2\ * 
              !\GlitchFilter_3:genblk1[0]:samples_1\ * 
              !\GlitchFilter_3:genblk1[0]:samples_0\ * !CLOCKPIN_1 * 
              \GlitchFilter_3:genblk1[0]:last_state\
            + \GlitchFilter_3:genblk1[0]:samples_2\ * 
              \GlitchFilter_3:genblk1[0]:samples_1\ * 
              \GlitchFilter_3:genblk1[0]:samples_0\ * CLOCKPIN_1 * 
              !\GlitchFilter_3:genblk1[0]:last_state\
        );
        Output = \GlitchFilter_3:genblk1[0]:last_state\ (fanout=1)

    MacroCell: Name=\GlitchFilter_1:genblk1[0]:samples_2\, Mode=(D-Register)
        Total # of inputs        : 1
        Total # of product terms : 1
        List of special equations: 
            Clock  = (ClockBlock_BUS_CLK) => Global
            Clock Enable: True
        Main Equation            : 1 pterm
        (
              \GlitchFilter_1:genblk1[0]:samples_1\
        );
        Output = \GlitchFilter_1:genblk1[0]:samples_2\ (fanout=1)

    MacroCell: Name=\GlitchFilter_1:genblk1[0]:samples_1\, Mode=(D-Register)
        Total # of inputs        : 1
        Total # of product terms : 1
        List of special equations: 
            Clock  = (ClockBlock_BUS_CLK) => Global
            Clock Enable: True
        Main Equation            : 1 pterm
        (
              \GlitchFilter_1:genblk1[0]:samples_0\
        );
        Output = \GlitchFilter_1:genblk1[0]:samples_1\ (fanout=2)

    MacroCell: Name=\GlitchFilter_1:genblk1[0]:samples_0\, Mode=(D-Register)
        Total # of inputs        : 1
        Total # of product terms : 1
        List of special equations: 
            Clock  = (ClockBlock_BUS_CLK) => Global
            Clock Enable: True
        Main Equation            : 1 pterm
        (
              Net_33
        );
        Output = \GlitchFilter_1:genblk1[0]:samples_0\ (fanout=2)

    MacroCell: Name=MICO, Mode=(T-Register)
        Total # of inputs        : 5
        Total # of product terms : 2
        List of special equations: 
            Clock  = (ClockBlock_BUS_CLK) => Global
            Clock Enable: True
        Main Equation            : 2 pterms
        (
              !Net_33 * !\GlitchFilter_1:genblk1[0]:samples_2\ * 
              !\GlitchFilter_1:genblk1[0]:samples_1\ * 
              !\GlitchFilter_1:genblk1[0]:samples_0\ * MICO
            + Net_33 * \GlitchFilter_1:genblk1[0]:samples_2\ * 
              \GlitchFilter_1:genblk1[0]:samples_1\ * 
              \GlitchFilter_1:genblk1[0]:samples_0\ * !MICO
        );
        Output = MICO (fanout=5)

    MacroCell: Name=\GlitchFilter_2:genblk1[0]:samples_2\, Mode=(D-Register)
        Total # of inputs        : 1
        Total # of product terms : 1
        List of special equations: 
            Clock  = (ClockBlock_BUS_CLK) => Global
            Clock Enable: True
        Main Equation            : 1 pterm
        (
              \GlitchFilter_2:genblk1[0]:samples_1\
        );
        Output = \GlitchFilter_2:genblk1[0]:samples_2\ (fanout=1)

    MacroCell: Name=\GlitchFilter_2:genblk1[0]:samples_1\, Mode=(D-Register)
        Total # of inputs        : 1
        Total # of product terms : 1
        List of special equations: 
            Clock  = (ClockBlock_BUS_CLK) => Global
            Clock Enable: True
        Main Equation            : 1 pterm
        (
              \GlitchFilter_2:genblk1[0]:samples_0\
        );
        Output = \GlitchFilter_2:genblk1[0]:samples_1\ (fanout=2)

    MacroCell: Name=\GlitchFilter_2:genblk1[0]:samples_0\, Mode=(D-Register)
        Total # of inputs        : 1
        Total # of product terms : 1
        List of special equations: 
            Clock  = (ClockBlock_BUS_CLK) => Global
            Clock Enable: True
        Main Equation            : 1 pterm
        (
              Net_51
        );
        Output = \GlitchFilter_2:genblk1[0]:samples_0\ (fanout=2)

    MacroCell: Name=\GlitchFilter_2:genblk1[0]:last_state\, Mode=(T-Register)
        Total # of inputs        : 5
        Total # of product terms : 2
        List of special equations: 
            Clock  = (ClockBlock_BUS_CLK) => Global
            Clock Enable: True
        Main Equation            : 2 pterms
        (
              !Net_51 * !\GlitchFilter_2:genblk1[0]:samples_2\ * 
              !\GlitchFilter_2:genblk1[0]:samples_1\ * 
              !\GlitchFilter_2:genblk1[0]:samples_0\ * 
              \GlitchFilter_2:genblk1[0]:last_state\
            + Net_51 * \GlitchFilter_2:genblk1[0]:samples_2\ * 
              \GlitchFilter_2:genblk1[0]:samples_1\ * 
              \GlitchFilter_2:genblk1[0]:samples_0\ * 
              !\GlitchFilter_2:genblk1[0]:last_state\
        );
        Output = \GlitchFilter_2:genblk1[0]:last_state\ (fanout=1)
    </CYPRESSTAG>
    <CYPRESSTAG name="Datapath listing">

    ------------------------------------------------------------
    Datapath listing
    ------------------------------------------------------------

    datapathcell: Name =\ShiftReg_1:bSR:sC32:BShiftRegDp:u0\
        PORT MAP (
            clock => Net_388 ,
            cs_addr_2 => \ShiftReg_1:bSR:ctrl_clk_enable\ ,
            route_si => MICO ,
            chain_out => \ShiftReg_1:bSR:sC32:BShiftRegDp:carry0\ );
        Properties:
        {
            a0_init = "00000000"
            a1_init = "00000000"
            ce0_sync = 1
            ce1_sync = 1
            cl0_sync = 1
            cl1_sync = 1
            cmsb_sync = 1
            co_msb_sync = 1
            cy_dpconfig = "0000100000000000000010000000000000001000000000000000100000000000000010100101000010101000010000000000000011000000101010000100000011111111000000001111111111111111010101011110111101001000011100000000000000011100"
            d0_init = "00000000"
            d1_init = "00000000"
            f0_blk_sync = 1
            f0_bus_sync = 1
            f1_blk_sync = 1
            f1_bus_sync = 1
            ff0_sync = 1
            ff1_sync = 1
            ov_msb_sync = 1
            so_sync = 1
            z0_sync = 1
            z1_sync = 1
        }
        Clock Polarity: Active High
        Clock Enable: True
        Next in chain : \ShiftReg_1:bSR:sC32:BShiftRegDp:u1\

    datapathcell: Name =\ShiftReg_1:bSR:sC32:BShiftRegDp:u1\
        PORT MAP (
            clock => Net_388 ,
            cs_addr_2 => \ShiftReg_1:bSR:ctrl_clk_enable\ ,
            route_si => MICO ,
            chain_in => \ShiftReg_1:bSR:sC32:BShiftRegDp:carry0\ ,
            chain_out => \ShiftReg_1:bSR:sC32:BShiftRegDp:carry1\ );
        Properties:
        {
            a0_init = "00000000"
            a1_init = "00000000"
            ce0_sync = 1
            ce1_sync = 1
            cl0_sync = 1
            cl1_sync = 1
            cmsb_sync = 1
            co_msb_sync = 1
            cy_dpconfig = "0000100000000000000010000000000000001000000000000000100000000000000010100101000010101000010000000000000011000000101010000100000011111111000000001111111111111111010101011110111101001000011100100000000000011100"
            d0_init = "00000000"
            d1_init = "00000000"
            f0_blk_sync = 1
            f0_bus_sync = 1
            f1_blk_sync = 1
            f1_bus_sync = 1
            ff0_sync = 1
            ff1_sync = 1
            ov_msb_sync = 1
            so_sync = 1
            z0_sync = 1
            z1_sync = 1
        }
        Clock Polarity: Active High
        Clock Enable: True
        Previous in chain : \ShiftReg_1:bSR:sC32:BShiftRegDp:u0\
        Next in chain : \ShiftReg_1:bSR:sC32:BShiftRegDp:u2\

    datapathcell: Name =\ShiftReg_1:bSR:sC32:BShiftRegDp:u2\
        PORT MAP (
            clock => Net_388 ,
            cs_addr_2 => \ShiftReg_1:bSR:ctrl_clk_enable\ ,
            route_si => MICO ,
            chain_in => \ShiftReg_1:bSR:sC32:BShiftRegDp:carry1\ ,
            chain_out => \ShiftReg_1:bSR:sC32:BShiftRegDp:carry2\ );
        Properties:
        {
            a0_init = "00000000"
            a1_init = "00000000"
            ce0_sync = 1
            ce1_sync = 1
            cl0_sync = 1
            cl1_sync = 1
            cmsb_sync = 1
            co_msb_sync = 1
            cy_dpconfig = "0000100000000000000010000000000000001000000000000000100000000000000010100101000010101000010000000000000011000000101010000100000011111111000000001111111111111111010101011110111101001000011100100000000000011100"
            d0_init = "00000000"
            d1_init = "00000000"
            f0_blk_sync = 1
            f0_bus_sync = 1
            f1_blk_sync = 1
            f1_bus_sync = 1
            ff0_sync = 1
            ff1_sync = 1
            ov_msb_sync = 1
            so_sync = 1
            z0_sync = 1
            z1_sync = 1
        }
        Clock Polarity: Active High
        Clock Enable: True
        Previous in chain : \ShiftReg_1:bSR:sC32:BShiftRegDp:u1\
        Next in chain : \ShiftReg_1:bSR:sC32:BShiftRegDp:u3\

    datapathcell: Name =\ShiftReg_1:bSR:sC32:BShiftRegDp:u3\
        PORT MAP (
            clock => Net_388 ,
            cs_addr_2 => \ShiftReg_1:bSR:ctrl_clk_enable\ ,
            route_si => MICO ,
            f0_bus_stat_comb => \ShiftReg_1:bSR:status_4\ ,
            f0_blk_stat_comb => \ShiftReg_1:bSR:status_3\ ,
            f1_bus_stat_comb => \ShiftReg_1:bSR:status_6\ ,
            f1_blk_stat_comb => \ShiftReg_1:bSR:status_5\ ,
            chain_in => \ShiftReg_1:bSR:sC32:BShiftRegDp:carry2\ );
        Properties:
        {
            a0_init = "00000000"
            a1_init = "00000000"
            ce0_sync = 1
            ce1_sync = 1
            cl0_sync = 1
            cl1_sync = 1
            cmsb_sync = 1
            co_msb_sync = 1
            cy_dpconfig = "0000100000000000000010000000000000001000000000000000100000000000000010100101000010101000010000000000000011000000101010000100000011111111000000001111111111111111010101011110101001001000111100100000000000011100"
            d0_init = "00000000"
            d1_init = "00000000"
            f0_blk_sync = 1
            f0_bus_sync = 1
            f1_blk_sync = 1
            f1_bus_sync = 1
            ff0_sync = 1
            ff1_sync = 1
            ov_msb_sync = 1
            so_sync = 1
            z0_sync = 1
            z1_sync = 1
        }
        Clock Polarity: Active High
        Clock Enable: True
        Previous in chain : \ShiftReg_1:bSR:sC32:BShiftRegDp:u2\
    </CYPRESSTAG>
    <CYPRESSTAG name="Status register listing">
    </CYPRESSTAG>
    <CYPRESSTAG name="StatusI register listing">

    ------------------------------------------------------------
    StatusI register listing
    ------------------------------------------------------------

    statusicell: Name =\ShiftReg_1:bSR:StsReg\
        PORT MAP (
            clock => Net_388 ,
            status_6 => \ShiftReg_1:bSR:status_6\ ,
            status_5 => \ShiftReg_1:bSR:status_5\ ,
            status_4 => \ShiftReg_1:bSR:status_4\ ,
            status_3 => \ShiftReg_1:bSR:status_3\ );
        Properties:
        {
            cy_force_order = 1
            cy_int_mask = "0000111"
            cy_md_select = "0000111"
        }
        Clock Polarity: Active High
        Clock Enable: True
    </CYPRESSTAG>
    <CYPRESSTAG name="Sync listing">
    </CYPRESSTAG>
    <CYPRESSTAG name="Control register listing">

    ------------------------------------------------------------
    Control register listing
    ------------------------------------------------------------

    controlcell: Name =\ShiftReg_1:bSR:SyncCtl:CtrlReg\
        PORT MAP (
            clock => Net_388 ,
            control_7 => \ShiftReg_1:bSR:control_7\ ,
            control_6 => \ShiftReg_1:bSR:control_6\ ,
            control_5 => \ShiftReg_1:bSR:control_5\ ,
            control_4 => \ShiftReg_1:bSR:control_4\ ,
            control_3 => \ShiftReg_1:bSR:control_3\ ,
            control_2 => \ShiftReg_1:bSR:control_2\ ,
            control_1 => \ShiftReg_1:bSR:control_1\ ,
            control_0 => \ShiftReg_1:bSR:ctrl_clk_enable\ );
        Properties:
        {
            cy_ctrl_mode_0 = "00000001"
            cy_ctrl_mode_1 = "00000000"
            cy_ext_reset = 0
            cy_force_order = 1
            cy_init_value = "00000000"
        }
        Clock Polarity: Active High
        Clock Enable: True
    </CYPRESSTAG>
    <CYPRESSTAG name="Count7 listing">
    </CYPRESSTAG>
    <CYPRESSTAG name="DRQ listing">
    </CYPRESSTAG>
    <CYPRESSTAG name="Interrupt listing">

    ------------------------------------------------------------
    Interrupt listing
    ------------------------------------------------------------

    interrupt: Name =\USBFS_1:dp_int\
        PORT MAP (
            interrupt => \USBFS_1:Net_1010\ );
        Properties:
        {
            int_type = "10"
        }

    interrupt: Name =\USBFS_1:ep_1\
        PORT MAP (
            interrupt => \USBFS_1:ep_int_1\ );
        Properties:
        {
            int_type = "10"
        }

    interrupt: Name =\USBFS_1:ep_0\
        PORT MAP (
            interrupt => \USBFS_1:ep_int_0\ );
        Properties:
        {
            int_type = "10"
        }

    interrupt: Name =\USBFS_1:bus_reset\
        PORT MAP (
            interrupt => \USBFS_1:Net_1876\ );
        Properties:
        {
            int_type = "10"
        }

    interrupt: Name =\USBFS_1:arb_int\
        PORT MAP (
            interrupt => \USBFS_1:Net_1889\ );
        Properties:
        {
            int_type = "10"
        }
    </CYPRESSTAG>
</CYPRESSTAG>
<CYPRESSTAG name="Technology mapping summary" expanded>

------------------------------------------------------------
Technology mapping summary
------------------------------------------------------------

Resource Type                 : Used : Free :  Max :  % Used
============================================================
Digital Clocks                :    1 :    7 :    8 : 12.50 %
Analog Clocks                 :    0 :    4 :    4 :  0.00 %
CapSense Buffers              :    0 :    2 :    2 :  0.00 %
Digital Filter Block          :    0 :    1 :    1 :  0.00 %
Interrupts                    :    5 :   27 :   32 : 15.63 %
IO                            :   10 :   38 :   48 : 20.83 %
Segment LCD                   :    0 :    1 :    1 :  0.00 %
CAN 2.0b                      :    0 :    1 :    1 :  0.00 %
I2C                           :    0 :    1 :    1 :  0.00 %
USB                           :    1 :    0 :    1 : 100.00 %
DMA Channels                  :    0 :   24 :   24 :  0.00 %
Timer                         :    0 :    4 :    4 :  0.00 %
UDB                           :      :      :      :        
  Macrocells                  :   12 :  180 :  192 :  6.25 %
  Unique P-terms              :   15 :  369 :  384 :  3.91 %
  Total P-terms               :   15 :      :      :        
  Datapath Cells              :    4 :   20 :   24 : 16.67 %
  Status Cells                :    1 :   23 :   24 :  4.17 %
    StatusI Registers         :    1 :      :      :        
  Control Cells               :    1 :   23 :   24 :  4.17 %
    Control Registers         :    1 :      :      :        
Opamp                         :    0 :    4 :    4 :  0.00 %
Comparator                    :    0 :    4 :    4 :  0.00 %
Delta-Sigma ADC               :    0 :    1 :    1 :  0.00 %
LPF                           :    0 :    2 :    2 :  0.00 %
SAR ADC                       :    0 :    2 :    2 :  0.00 %
Analog (SC/CT) Blocks         :    0 :    4 :    4 :  0.00 %
DAC                           :      :      :      :        
  VIDAC                       :    0 :    4 :    4 :  0.00 %
</CYPRESSTAG>
Technology Mapping: Elapsed time ==> 0s.078ms
Tech mapping phase: Elapsed time ==> 0s.187ms
</CYPRESSTAG>
<CYPRESSTAG name="Analog Placement">
Initial Analog Placement Results:
IO_0@[IOP=(12)][IoId=(0)] : CLOCKPIN(0) (fixed)
IO_1@[IOP=(2)][IoId=(1)] : LEDPIN(0) (fixed)
IO_1@[IOP=(12)][IoId=(1)] : MICOPIN(0) (fixed)
IO_2@[IOP=(12)][IoId=(2)] : MOCIPIN(0) (fixed)
IO_2@[IOP=(2)][IoId=(2)] : SWITCHPIN(0) (fixed)
IO_7@[IOP=(15)][IoId=(7)] : \USBFS_1:Dm(0)\ (fixed)
IO_6@[IOP=(15)][IoId=(6)] : \USBFS_1:Dp(0)\ (fixed)
USB[0]@[FFB(USB,0)] : \USBFS_1:USB\
Analog Placement phase: Elapsed time ==> 0s.046ms
</CYPRESSTAG>
<CYPRESSTAG name="Analog Routing">
Analog Routing phase: Elapsed time ==> 0s.000ms
</CYPRESSTAG>
<CYPRESSTAG name="Analog Code Generation">
============ Analog Final Answer Routes ============
Dump of CyAnalogRoutingResultsDB
Map of net to items {
}
Map of item to net {
}
Mux Info {
}
Dump of CyP35AnalogRoutingResultsDB
IsVddaHalfUsedForComp = False
IsVddaHalfUsedForSar0 = False
IsVddaHalfUsedForSar1 = False
Analog Code Generation phase: Elapsed time ==> 0s.625ms
</CYPRESSTAG>
<CYPRESSTAG name="Digital Placement">
<CYPRESSTAG name="Detailed placement messages">
I2076: Total run-time: 0.8 sec.

</CYPRESSTAG>
<CYPRESSTAG name="PLD Packing">
<CYPRESSTAG name="PLD Packing Summary" expanded>

------------------------------------------------------------
PLD Packing Summary
------------------------------------------------------------
            Resource Type : Used : Free :  Max :  % Used
    ====================================================
                     PLDs :    5 :   43 :   48 :  10.42%

<CYPRESSTAG name="PLD Statistics">

        PLD Resource Type :     Average/LAB
    =======================================
                   Inputs :            3.40
                   Pterms :            3.00
               Macrocells :            2.40
</CYPRESSTAG>
<CYPRESSTAG name="Packed PLD Contents">
Packed PLD Contents not displayed at this verbose level.</CYPRESSTAG>
</CYPRESSTAG>
PLD Packing: Elapsed time ==> 0s.000ms
</CYPRESSTAG>
<CYPRESSTAG name="Partitioning">
<CYPRESSTAG name="Initial Partitioning Summary">
Initial Partitioning Summary not displayed at this verbose level.</CYPRESSTAG>
<CYPRESSTAG name="Final Partitioning Summary">
Final Partitioning Summary not displayed at this verbose level.</CYPRESSTAG>
Partitioning: Elapsed time ==> 0s.015ms
</CYPRESSTAG>
<CYPRESSTAG name="Simulated Annealing">
Annealing: Elapsed time ==> 0s.000ms
<CYPRESSTAG name="Simulated Annealing Results">
The seed used for moves was 114161200.
Inital cost was 127, final cost is 127 (0.00% improvement).</CYPRESSTAG>
</CYPRESSTAG>
<CYPRESSTAG name="Final Placement Summary">

------------------------------------------------------------
Final Placement Summary
------------------------------------------------------------

       Resource Type :      Count : Avg Inputs : Avg Outputs
    ========================================================
                 UDB :          4 :       4.00 :       3.00
<CYPRESSTAG name="Final Placement Details">
<CYPRESSTAG name="Component Details">

------------------------------------------------------------
Component Placement Details
------------------------------------------------------------
UDB [UDB=(0,0)] is empty.
UDB [UDB=(0,1)] is empty.
UDB [UDB=(0,2)] is empty.
UDB [UDB=(0,3)] is empty.
UDB [UDB=(0,4)] is empty.
UDB [UDB=(0,5)] is empty.
UDB [UDB=(1,0)] is empty.
UDB [UDB=(1,1)] is empty.
UDB [UDB=(1,2)] is empty.
UDB [UDB=(1,3)] is empty.
UDB [UDB=(1,4)] is empty.
UDB [UDB=(1,5)] is empty.
UDB [UDB=(2,0)] contents:
LAB@[UDB=(2,0)][LB=0] #macrocells=1, #inputs=1, #pterms=1
{
    [McSlotId=0]: (empty)
    [McSlotId=1]:     MacroCell: Name=\GlitchFilter_1:genblk1[0]:samples_0\, Mode=(D-Register) @ [UDB=(2,0)][LB=0][MC=1]
        Total # of inputs        : 1
        Total # of product terms : 1
        List of special equations: 
            Clock  = (ClockBlock_BUS_CLK) => Global
            Clock Enable: True
        Main Equation            : 1 pterm
        (
              Net_33
        );
        Output = \GlitchFilter_1:genblk1[0]:samples_0\ (fanout=2)
        Properties               : 
        {
        }

    [McSlotId=2]: (empty)
    [McSlotId=3]: (empty)
}

datapathcell: Name =\ShiftReg_1:bSR:sC32:BShiftRegDp:u0\
    PORT MAP (
        clock => Net_388 ,
        cs_addr_2 => \ShiftReg_1:bSR:ctrl_clk_enable\ ,
        route_si => MICO ,
        chain_out => \ShiftReg_1:bSR:sC32:BShiftRegDp:carry0\ );
    Properties:
    {
        a0_init = "00000000"
        a1_init = "00000000"
        ce0_sync = 1
        ce1_sync = 1
        cl0_sync = 1
        cl1_sync = 1
        cmsb_sync = 1
        co_msb_sync = 1
        cy_dpconfig = "0000100000000000000010000000000000001000000000000000100000000000000010100101000010101000010000000000000011000000101010000100000011111111000000001111111111111111010101011110111101001000011100000000000000011100"
        d0_init = "00000000"
        d1_init = "00000000"
        f0_blk_sync = 1
        f0_bus_sync = 1
        f1_blk_sync = 1
        f1_bus_sync = 1
        ff0_sync = 1
        ff1_sync = 1
        ov_msb_sync = 1
        so_sync = 1
        z0_sync = 1
        z1_sync = 1
    }
    Clock Polarity: Active High
    Clock Enable: True
    Next in chain : \ShiftReg_1:bSR:sC32:BShiftRegDp:u1\

controlcell: Name =\ShiftReg_1:bSR:SyncCtl:CtrlReg\
    PORT MAP (
        clock => Net_388 ,
        control_7 => \ShiftReg_1:bSR:control_7\ ,
        control_6 => \ShiftReg_1:bSR:control_6\ ,
        control_5 => \ShiftReg_1:bSR:control_5\ ,
        control_4 => \ShiftReg_1:bSR:control_4\ ,
        control_3 => \ShiftReg_1:bSR:control_3\ ,
        control_2 => \ShiftReg_1:bSR:control_2\ ,
        control_1 => \ShiftReg_1:bSR:control_1\ ,
        control_0 => \ShiftReg_1:bSR:ctrl_clk_enable\ );
    Properties:
    {
        cy_ctrl_mode_0 = "00000001"
        cy_ctrl_mode_1 = "00000000"
        cy_ext_reset = 0
        cy_force_order = 1
        cy_init_value = "00000000"
    }
    Clock Polarity: Active High
    Clock Enable: True

UDB [UDB=(2,1)] contents:
LAB@[UDB=(2,1)][LB=0] #macrocells=1, #inputs=1, #pterms=1
{
    [McSlotId=0]: (empty)
    [McSlotId=1]:     MacroCell: Name=\GlitchFilter_1:genblk1[0]:samples_1\, Mode=(D-Register) @ [UDB=(2,1)][LB=0][MC=1]
        Total # of inputs        : 1
        Total # of product terms : 1
        List of special equations: 
            Clock  = (ClockBlock_BUS_CLK) => Global
            Clock Enable: True
        Main Equation            : 1 pterm
        (
              \GlitchFilter_1:genblk1[0]:samples_0\
        );
        Output = \GlitchFilter_1:genblk1[0]:samples_1\ (fanout=2)
        Properties               : 
        {
        }

    [McSlotId=2]: (empty)
    [McSlotId=3]: (empty)
}

LAB@[UDB=(2,1)][LB=1] #macrocells=2, #inputs=5, #pterms=3
{
    [McSlotId=0]:     MacroCell: Name=\GlitchFilter_1:genblk1[0]:samples_2\, Mode=(D-Register) @ [UDB=(2,1)][LB=1][MC=0]
        Total # of inputs        : 1
        Total # of product terms : 1
        List of special equations: 
            Clock  = (ClockBlock_BUS_CLK) => Global
            Clock Enable: True
        Main Equation            : 1 pterm
        (
              \GlitchFilter_1:genblk1[0]:samples_1\
        );
        Output = \GlitchFilter_1:genblk1[0]:samples_2\ (fanout=1)
        Properties               : 
        {
        }

    [McSlotId=1]:     MacroCell: Name=MICO, Mode=(T-Register) @ [UDB=(2,1)][LB=1][MC=1]
        Total # of inputs        : 5
        Total # of product terms : 2
        List of special equations: 
            Clock  = (ClockBlock_BUS_CLK) => Global
            Clock Enable: True
        Main Equation            : 2 pterms
        (
              !Net_33 * !\GlitchFilter_1:genblk1[0]:samples_2\ * 
              !\GlitchFilter_1:genblk1[0]:samples_1\ * 
              !\GlitchFilter_1:genblk1[0]:samples_0\ * MICO
            + Net_33 * \GlitchFilter_1:genblk1[0]:samples_2\ * 
              \GlitchFilter_1:genblk1[0]:samples_1\ * 
              \GlitchFilter_1:genblk1[0]:samples_0\ * !MICO
        );
        Output = MICO (fanout=5)
        Properties               : 
        {
        }

    [McSlotId=2]: (empty)
    [McSlotId=3]: (empty)
}

datapathcell: Name =\ShiftReg_1:bSR:sC32:BShiftRegDp:u3\
    PORT MAP (
        clock => Net_388 ,
        cs_addr_2 => \ShiftReg_1:bSR:ctrl_clk_enable\ ,
        route_si => MICO ,
        f0_bus_stat_comb => \ShiftReg_1:bSR:status_4\ ,
        f0_blk_stat_comb => \ShiftReg_1:bSR:status_3\ ,
        f1_bus_stat_comb => \ShiftReg_1:bSR:status_6\ ,
        f1_blk_stat_comb => \ShiftReg_1:bSR:status_5\ ,
        chain_in => \ShiftReg_1:bSR:sC32:BShiftRegDp:carry2\ );
    Properties:
    {
        a0_init = "00000000"
        a1_init = "00000000"
        ce0_sync = 1
        ce1_sync = 1
        cl0_sync = 1
        cl1_sync = 1
        cmsb_sync = 1
        co_msb_sync = 1
        cy_dpconfig = "0000100000000000000010000000000000001000000000000000100000000000000010100101000010101000010000000000000011000000101010000100000011111111000000001111111111111111010101011110101001001000111100100000000000011100"
        d0_init = "00000000"
        d1_init = "00000000"
        f0_blk_sync = 1
        f0_bus_sync = 1
        f1_blk_sync = 1
        f1_bus_sync = 1
        ff0_sync = 1
        ff1_sync = 1
        ov_msb_sync = 1
        so_sync = 1
        z0_sync = 1
        z1_sync = 1
    }
    Clock Polarity: Active High
    Clock Enable: True
    Previous in chain : \ShiftReg_1:bSR:sC32:BShiftRegDp:u2\

statusicell: Name =\ShiftReg_1:bSR:StsReg\
    PORT MAP (
        clock => Net_388 ,
        status_6 => \ShiftReg_1:bSR:status_6\ ,
        status_5 => \ShiftReg_1:bSR:status_5\ ,
        status_4 => \ShiftReg_1:bSR:status_4\ ,
        status_3 => \ShiftReg_1:bSR:status_3\ );
    Properties:
    {
        cy_force_order = 1
        cy_int_mask = "0000111"
        cy_md_select = "0000111"
    }
    Clock Polarity: Active High
    Clock Enable: True

UDB [UDB=(2,2)] is empty.
UDB [UDB=(2,3)] is empty.
UDB [UDB=(2,4)] is empty.
UDB [UDB=(2,5)] is empty.
UDB [UDB=(3,0)] contents:
LAB@[UDB=(3,0)][LB=0] #macrocells=4, #inputs=5, #pterms=5
{
    [McSlotId=0]:     MacroCell: Name=\GlitchFilter_3:genblk1[0]:last_state\, Mode=(T-Register) @ [UDB=(3,0)][LB=0][MC=0]
        Total # of inputs        : 5
        Total # of product terms : 2
        List of special equations: 
            Clock  = (ClockBlock_BUS_CLK) => Global
            Clock Enable: True
        Main Equation            : 2 pterms
        (
              !\GlitchFilter_3:genblk1[0]:samples_2\ * 
              !\GlitchFilter_3:genblk1[0]:samples_1\ * 
              !\GlitchFilter_3:genblk1[0]:samples_0\ * !CLOCKPIN_1 * 
              \GlitchFilter_3:genblk1[0]:last_state\
            + \GlitchFilter_3:genblk1[0]:samples_2\ * 
              \GlitchFilter_3:genblk1[0]:samples_1\ * 
              \GlitchFilter_3:genblk1[0]:samples_0\ * CLOCKPIN_1 * 
              !\GlitchFilter_3:genblk1[0]:last_state\
        );
        Output = \GlitchFilter_3:genblk1[0]:last_state\ (fanout=1)
        Properties               : 
        {
        }

    [McSlotId=1]:     MacroCell: Name=\GlitchFilter_3:genblk1[0]:samples_2\, Mode=(D-Register) @ [UDB=(3,0)][LB=0][MC=1]
        Total # of inputs        : 1
        Total # of product terms : 1
        List of special equations: 
            Clock  = (ClockBlock_BUS_CLK) => Global
            Clock Enable: True
        Main Equation            : 1 pterm
        (
              \GlitchFilter_3:genblk1[0]:samples_1\
        );
        Output = \GlitchFilter_3:genblk1[0]:samples_2\ (fanout=1)
        Properties               : 
        {
        }

    [McSlotId=2]:     MacroCell: Name=\GlitchFilter_3:genblk1[0]:samples_1\, Mode=(D-Register) @ [UDB=(3,0)][LB=0][MC=2]
        Total # of inputs        : 1
        Total # of product terms : 1
        List of special equations: 
            Clock  = (ClockBlock_BUS_CLK) => Global
            Clock Enable: True
        Main Equation            : 1 pterm
        (
              \GlitchFilter_3:genblk1[0]:samples_0\
        );
        Output = \GlitchFilter_3:genblk1[0]:samples_1\ (fanout=2)
        Properties               : 
        {
        }

    [McSlotId=3]:     MacroCell: Name=\GlitchFilter_3:genblk1[0]:samples_0\, Mode=(D-Register) @ [UDB=(3,0)][LB=0][MC=3]
        Total # of inputs        : 1
        Total # of product terms : 1
        List of special equations: 
            Clock  = (ClockBlock_BUS_CLK) => Global
            Clock Enable: True
        Main Equation            : 1 pterm
        (
              CLOCKPIN_1
        );
        Output = \GlitchFilter_3:genblk1[0]:samples_0\ (fanout=2)
        Properties               : 
        {
        }
}

datapathcell: Name =\ShiftReg_1:bSR:sC32:BShiftRegDp:u1\
    PORT MAP (
        clock => Net_388 ,
        cs_addr_2 => \ShiftReg_1:bSR:ctrl_clk_enable\ ,
        route_si => MICO ,
        chain_in => \ShiftReg_1:bSR:sC32:BShiftRegDp:carry0\ ,
        chain_out => \ShiftReg_1:bSR:sC32:BShiftRegDp:carry1\ );
    Properties:
    {
        a0_init = "00000000"
        a1_init = "00000000"
        ce0_sync = 1
        ce1_sync = 1
        cl0_sync = 1
        cl1_sync = 1
        cmsb_sync = 1
        co_msb_sync = 1
        cy_dpconfig = "0000100000000000000010000000000000001000000000000000100000000000000010100101000010101000010000000000000011000000101010000100000011111111000000001111111111111111010101011110111101001000011100100000000000011100"
        d0_init = "00000000"
        d1_init = "00000000"
        f0_blk_sync = 1
        f0_bus_sync = 1
        f1_blk_sync = 1
        f1_bus_sync = 1
        ff0_sync = 1
        ff1_sync = 1
        ov_msb_sync = 1
        so_sync = 1
        z0_sync = 1
        z1_sync = 1
    }
    Clock Polarity: Active High
    Clock Enable: True
    Previous in chain : \ShiftReg_1:bSR:sC32:BShiftRegDp:u0\
    Next in chain : \ShiftReg_1:bSR:sC32:BShiftRegDp:u2\

UDB [UDB=(3,1)] contents:
LAB@[UDB=(3,1)][LB=0] #macrocells=4, #inputs=5, #pterms=5
{
    [McSlotId=0]:     MacroCell: Name=\GlitchFilter_2:genblk1[0]:last_state\, Mode=(T-Register) @ [UDB=(3,1)][LB=0][MC=0]
        Total # of inputs        : 5
        Total # of product terms : 2
        List of special equations: 
            Clock  = (ClockBlock_BUS_CLK) => Global
            Clock Enable: True
        Main Equation            : 2 pterms
        (
              !Net_51 * !\GlitchFilter_2:genblk1[0]:samples_2\ * 
              !\GlitchFilter_2:genblk1[0]:samples_1\ * 
              !\GlitchFilter_2:genblk1[0]:samples_0\ * 
              \GlitchFilter_2:genblk1[0]:last_state\
            + Net_51 * \GlitchFilter_2:genblk1[0]:samples_2\ * 
              \GlitchFilter_2:genblk1[0]:samples_1\ * 
              \GlitchFilter_2:genblk1[0]:samples_0\ * 
              !\GlitchFilter_2:genblk1[0]:last_state\
        );
        Output = \GlitchFilter_2:genblk1[0]:last_state\ (fanout=1)
        Properties               : 
        {
        }

    [McSlotId=1]:     MacroCell: Name=\GlitchFilter_2:genblk1[0]:samples_2\, Mode=(D-Register) @ [UDB=(3,1)][LB=0][MC=1]
        Total # of inputs        : 1
        Total # of product terms : 1
        List of special equations: 
            Clock  = (ClockBlock_BUS_CLK) => Global
            Clock Enable: True
        Main Equation            : 1 pterm
        (
              \GlitchFilter_2:genblk1[0]:samples_1\
        );
        Output = \GlitchFilter_2:genblk1[0]:samples_2\ (fanout=1)
        Properties               : 
        {
        }

    [McSlotId=2]:     MacroCell: Name=\GlitchFilter_2:genblk1[0]:samples_1\, Mode=(D-Register) @ [UDB=(3,1)][LB=0][MC=2]
        Total # of inputs        : 1
        Total # of product terms : 1
        List of special equations: 
            Clock  = (ClockBlock_BUS_CLK) => Global
            Clock Enable: True
        Main Equation            : 1 pterm
        (
              \GlitchFilter_2:genblk1[0]:samples_0\
        );
        Output = \GlitchFilter_2:genblk1[0]:samples_1\ (fanout=2)
        Properties               : 
        {
        }

    [McSlotId=3]:     MacroCell: Name=\GlitchFilter_2:genblk1[0]:samples_0\, Mode=(D-Register) @ [UDB=(3,1)][LB=0][MC=3]
        Total # of inputs        : 1
        Total # of product terms : 1
        List of special equations: 
            Clock  = (ClockBlock_BUS_CLK) => Global
            Clock Enable: True
        Main Equation            : 1 pterm
        (
              Net_51
        );
        Output = \GlitchFilter_2:genblk1[0]:samples_0\ (fanout=2)
        Properties               : 
        {
        }
}

datapathcell: Name =\ShiftReg_1:bSR:sC32:BShiftRegDp:u2\
    PORT MAP (
        clock => Net_388 ,
        cs_addr_2 => \ShiftReg_1:bSR:ctrl_clk_enable\ ,
        route_si => MICO ,
        chain_in => \ShiftReg_1:bSR:sC32:BShiftRegDp:carry1\ ,
        chain_out => \ShiftReg_1:bSR:sC32:BShiftRegDp:carry2\ );
    Properties:
    {
        a0_init = "00000000"
        a1_init = "00000000"
        ce0_sync = 1
        ce1_sync = 1
        cl0_sync = 1
        cl1_sync = 1
        cmsb_sync = 1
        co_msb_sync = 1
        cy_dpconfig = "0000100000000000000010000000000000001000000000000000100000000000000010100101000010101000010000000000000011000000101010000100000011111111000000001111111111111111010101011110111101001000011100100000000000011100"
        d0_init = "00000000"
        d1_init = "00000000"
        f0_blk_sync = 1
        f0_bus_sync = 1
        f1_blk_sync = 1
        f1_bus_sync = 1
        ff0_sync = 1
        ff1_sync = 1
        ov_msb_sync = 1
        so_sync = 1
        z0_sync = 1
        z1_sync = 1
    }
    Clock Polarity: Active High
    Clock Enable: True
    Previous in chain : \ShiftReg_1:bSR:sC32:BShiftRegDp:u1\
    Next in chain : \ShiftReg_1:bSR:sC32:BShiftRegDp:u3\

UDB [UDB=(3,2)] is empty.
UDB [UDB=(3,3)] is empty.
UDB [UDB=(3,4)] is empty.
UDB [UDB=(3,5)] is empty.
Intr container @ [IntrContainer=(0)]: 
  Intr@ [IntrContainer=(0)][IntrId=(0)] 
    interrupt: Name =\USBFS_1:ep_1\
        PORT MAP (
            interrupt => \USBFS_1:ep_int_1\ );
        Properties:
        {
            int_type = "10"
        }
  Intr@ [IntrContainer=(0)][IntrId=(12)] 
    interrupt: Name =\USBFS_1:dp_int\
        PORT MAP (
            interrupt => \USBFS_1:Net_1010\ );
        Properties:
        {
            int_type = "10"
        }
  Intr@ [IntrContainer=(0)][IntrId=(22)] 
    interrupt: Name =\USBFS_1:arb_int\
        PORT MAP (
            interrupt => \USBFS_1:Net_1889\ );
        Properties:
        {
            int_type = "10"
        }
  Intr@ [IntrContainer=(0)][IntrId=(23)] 
    interrupt: Name =\USBFS_1:bus_reset\
        PORT MAP (
            interrupt => \USBFS_1:Net_1876\ );
        Properties:
        {
            int_type = "10"
        }
  Intr@ [IntrContainer=(0)][IntrId=(24)] 
    interrupt: Name =\USBFS_1:ep_0\
        PORT MAP (
            interrupt => \USBFS_1:ep_int_0\ );
        Properties:
        {
            int_type = "10"
        }
Drq container @ [DrqContainer=(0)]: empty
Port 0 is empty
Port 1 is empty
Port 2 contains the following IO cells:
[IoId=1]: 
Pin : Name = LEDPIN(0)
    Attributes:
        In Group/Port: True
        In Sync Option: AUTO
        Out Sync Option: NOSYNC
        Interrupt generated: False
        Interrupt mode: NONE
        Drive mode: CMOS_OUT
        VTrip: EITHER
        Slew: FAST
        Input Sync needed: False
        Output Sync needed: False
        SC shield enabled: False
        POR State: ANY
        LCD Mode: COMMON
        Register Mode: RegComb
        CaSense Mode: NEITHER
        Treat as pin: True
        Is OE Registered: False
        Uses Analog: False
        Can contain Digital: True
        Is SIO: False
        SIO Output Buf: NONREGULATED
        SIO Input Buf: SINGLE_ENDED
        SIO HiFreq: LOW
        SIO Hyst: DISABLED
        SIO Vtrip: MULTIPLIER_0_5
        SIO Multiplier Index: 0
        SIO RefSel: VCC_IO
        Required Capabilitites: DIGITAL
        Initial Value: 0
        IO Voltage: 0
    PORT MAP (
        pa_out => LEDPIN(0)__PA ,
        annotation => Net_15 ,
        pad => LEDPIN(0)_PAD );
    Properties:
    {
    }

[IoId=2]: 
Pin : Name = SWITCHPIN(0)
    Attributes:
        In Group/Port: True
        In Sync Option: NOSYNC
        Out Sync Option: AUTO
        Interrupt generated: False
        Interrupt mode: NONE
        Drive mode: RES_PULL_UP
        VTrip: CMOS
        Slew: FAST
        Input Sync needed: False
        Output Sync needed: False
        SC shield enabled: False
        POR State: ANY
        LCD Mode: COMMON
        Register Mode: RegComb
        CaSense Mode: NEITHER
        Treat as pin: True
        Is OE Registered: False
        Uses Analog: False
        Can contain Digital: True
        Is SIO: False
        SIO Output Buf: NONREGULATED
        SIO Input Buf: SINGLE_ENDED
        SIO HiFreq: LOW
        SIO Hyst: DISABLED
        SIO Vtrip: MULTIPLIER_0_5
        SIO Multiplier Index: 0
        SIO RefSel: VCC_IO
        Required Capabilitites: DIGITAL
        Initial Value: 1
        IO Voltage: 0
    PORT MAP (
        pa_out => SWITCHPIN(0)__PA ,
        annotation => Net_14 ,
        pad => SWITCHPIN(0)_PAD );
    Properties:
    {
    }

Port 3 is empty
Port 12 contains the following IO cells:
[IoId=0]: 
Pin : Name = CLOCKPIN(0)
    Attributes:
        In Group/Port: True
        In Sync Option: NOSYNC
        Out Sync Option: AUTO
        Interrupt generated: False
        Interrupt mode: NONE
        Drive mode: HI_Z_DIGITAL
        VTrip: CMOS
        Slew: FAST
        Input Sync needed: False
        Output Sync needed: False
        SC shield enabled: False
        POR State: ANY
        LCD Mode: COMMON
        Register Mode: RegComb
        CaSense Mode: NEITHER
        Treat as pin: True
        Is OE Registered: False
        Uses Analog: False
        Can contain Digital: True
        Is SIO: False
        SIO Output Buf: NONREGULATED
        SIO Input Buf: SINGLE_ENDED
        SIO HiFreq: LOW
        SIO Hyst: DISABLED
        SIO Vtrip: MULTIPLIER_0_5
        SIO Multiplier Index: 0
        SIO RefSel: VCC_IO
        Required Capabilitites: DIGITAL, ROUTABLE
        Initial Value: 0
        IO Voltage: 0
    PORT MAP (
        pa_out => CLOCKPIN(0)__PA ,
        fb => CLOCKPIN_1 ,
        pad => CLOCKPIN(0)_PAD );
    Properties:
    {
    }

[IoId=1]: 
Pin : Name = MICOPIN(0)
    Attributes:
        In Group/Port: True
        In Sync Option: NOSYNC
        Out Sync Option: AUTO
        Interrupt generated: False
        Interrupt mode: NONE
        Drive mode: HI_Z_DIGITAL
        VTrip: CMOS
        Slew: FAST
        Input Sync needed: False
        Output Sync needed: False
        SC shield enabled: False
        POR State: ANY
        LCD Mode: COMMON
        Register Mode: RegComb
        CaSense Mode: NEITHER
        Treat as pin: True
        Is OE Registered: False
        Uses Analog: False
        Can contain Digital: True
        Is SIO: False
        SIO Output Buf: NONREGULATED
        SIO Input Buf: SINGLE_ENDED
        SIO HiFreq: LOW
        SIO Hyst: DISABLED
        SIO Vtrip: MULTIPLIER_0_5
        SIO Multiplier Index: 0
        SIO RefSel: VCC_IO
        Required Capabilitites: DIGITAL, ROUTABLE
        Initial Value: 0
        IO Voltage: 0
    PORT MAP (
        pa_out => MICOPIN(0)__PA ,
        fb => Net_33 ,
        pad => MICOPIN(0)_PAD );
    Properties:
    {
    }

[IoId=2]: 
Pin : Name = MOCIPIN(0)
    Attributes:
        In Group/Port: True
        In Sync Option: NOSYNC
        Out Sync Option: AUTO
        Interrupt generated: False
        Interrupt mode: NONE
        Drive mode: HI_Z_DIGITAL
        VTrip: CMOS
        Slew: FAST
        Input Sync needed: False
        Output Sync needed: False
        SC shield enabled: False
        POR State: ANY
        LCD Mode: COMMON
        Register Mode: RegComb
        CaSense Mode: NEITHER
        Treat as pin: True
        Is OE Registered: False
        Uses Analog: False
        Can contain Digital: True
        Is SIO: False
        SIO Output Buf: NONREGULATED
        SIO Input Buf: SINGLE_ENDED
        SIO HiFreq: LOW
        SIO Hyst: DISABLED
        SIO Vtrip: MULTIPLIER_0_5
        SIO Multiplier Index: 0
        SIO RefSel: VCC_IO
        Required Capabilitites: DIGITAL, ROUTABLE
        Initial Value: 0
        IO Voltage: 0
    PORT MAP (
        pa_out => MOCIPIN(0)__PA ,
        fb => Net_51 ,
        pad => MOCIPIN(0)_PAD );
    Properties:
    {
    }

Port 15 generates interrupt for logical port:
    logicalport: Name =\USBFS_1:Dp\
        PORT MAP (
            in_clock_en => one ,
            in_reset => zero ,
            out_clock_en => one ,
            out_reset => zero ,
            interrupt => \USBFS_1:Net_1010\ ,
            in_clock => ClockBlock_BUS_CLK );
        Properties:
        {
            drive_mode = "000"
            ibuf_enabled = "0"
            id = "5eda7070-49f0-4d1e-a048-bc42c7404a06/618a72fc-5ddd-4df5-958f-a3d55102db42"
            init_dr_st = "1"
            input_buffer_sel = "00"
            input_clk_en = 0
            input_sync = "1"
            input_sync_mode = "0"
            intr_mode = "10"
            invert_in_clock = 0
            invert_in_clock_en = 0
            invert_in_reset = 0
            invert_out_clock = 0
            invert_out_clock_en = 0
            invert_out_reset = 0
            io_voltage = ""
            layout_mode = "CONTIGUOUS"
            oe_conn = "0"
            oe_reset = 0
            oe_sync = "0"
            output_clk_en = 0
            output_clock_mode = "0"
            output_conn = "0"
            output_mode = "0"
            output_reset = 0
            output_sync = "0"
            ovt_hyst_trim = "0"
            ovt_needed = "0"
            ovt_slew_control = "00"
            pa_in_clock = -1
            pa_in_clock_en = -1
            pa_in_reset = -1
            pa_out_clock = -1
            pa_out_clock_en = -1
            pa_out_reset = -1
            pin_aliases = ""
            pin_mode = "I"
            por_state = 4
            port_alias_group = ""
            port_alias_required = 0
            sio_group_cnt = 0
            sio_hifreq = "00000000"
            sio_hyst = "1"
            sio_ibuf = "00000000"
            sio_info = "00"
            sio_obuf = "00000000"
            sio_refsel = "00000000"
            sio_vohsel = "00000000"
            sio_vtrip = "00000000"
            slew_rate = "0"
            spanning = 0
            sw_only = 0
            use_annotation = "0"
            vtrip = "00"
            width = 1
        }
    and contains the following IO cells:
[IoId=6]: 
Pin : Name = \USBFS_1:Dp(0)\
    Attributes:
        In Group/Port: True
        In Sync Option: SYNC
        Out Sync Option: AUTO
        Interrupt generated: True
        Interrupt mode: FALLING
        Drive mode: HI_Z_ANALOG
        VTrip: CMOS
        Slew: FAST
        Input Sync needed: True
        Output Sync needed: False
        SC shield enabled: False
        POR State: ANY
        LCD Mode: COMMON
        Register Mode: RegComb
        CaSense Mode: NEITHER
        Treat as pin: False
        Is OE Registered: False
        Uses Analog: True
        Can contain Digital: True
        Is SIO: False
        SIO Output Buf: NONREGULATED
        SIO Input Buf: SINGLE_ENDED
        SIO HiFreq: LOW
        SIO Hyst: DISABLED
        SIO Vtrip: MULTIPLIER_0_5
        SIO Multiplier Index: 0
        SIO RefSel: VCC_IO
        Required Capabilitites: USB_D_PLUS
        Initial Value: 1
        IO Voltage: 0
    PORT MAP (
        pa_out => \USBFS_1:Dp(0)\__PA ,
        analog_term => \USBFS_1:Net_1000\ ,
        pad => \USBFS_1:Dp(0)_PAD\ );
    Properties:
    {
    }

[IoId=7]: 
Pin : Name = \USBFS_1:Dm(0)\
    Attributes:
        In Group/Port: True
        In Sync Option: AUTO
        Out Sync Option: AUTO
        Interrupt generated: False
        Interrupt mode: NONE
        Drive mode: HI_Z_ANALOG
        VTrip: EITHER
        Slew: FAST
        Input Sync needed: False
        Output Sync needed: False
        SC shield enabled: False
        POR State: ANY
        LCD Mode: COMMON
        Register Mode: RegComb
        CaSense Mode: NEITHER
        Treat as pin: True
        Is OE Registered: False
        Uses Analog: True
        Can contain Digital: False
        Is SIO: False
        SIO Output Buf: NONREGULATED
        SIO Input Buf: SINGLE_ENDED
        SIO HiFreq: LOW
        SIO Hyst: DISABLED
        SIO Vtrip: MULTIPLIER_0_5
        SIO Multiplier Index: 0
        SIO RefSel: VCC_IO
        Required Capabilitites: USB_D_MINUS
        Initial Value: 0
        IO Voltage: 0
    PORT MAP (
        pa_out => \USBFS_1:Dm(0)\__PA ,
        analog_term => \USBFS_1:Net_597\ ,
        pad => \USBFS_1:Dm(0)_PAD\ );
    Properties:
    {
    }

CAN 2.0b group 0: empty
Cache group 0: empty
CapSense group 0: empty
Clock group 0: 
    Clock Block @ F(Clock,0): 
    clockblockcell: Name =ClockBlock
        PORT MAP (
            imo => ClockBlock_IMO ,
            pllout => ClockBlock_PLL_OUT ,
            ilo => ClockBlock_ILO ,
            clk_100k => ClockBlock_100k ,
            clk_1k => ClockBlock_1k ,
            clk_32k => ClockBlock_32k ,
            xtal => ClockBlock_XTAL ,
            clk_32k_xtal => ClockBlock_XTAL_32KHZ ,
            clk_sync => ClockBlock_MASTER_CLK ,
            clk_bus_glb => ClockBlock_BUS_CLK ,
            clk_bus => ClockBlock_BUS_CLK_local ,
            dsi_clkin_div => CLOCKPIN_1 ,
            dclk_glb_0 => Net_388 ,
            dclk_0 => Net_388_local );
        Properties:
        {
        }
Comparator group 0: empty
Digital Filter Block group 0: empty
Delta-Sigma ADC group 0: empty
Decimator group 0: empty
EMIF group 0: empty
I2C group 0: empty
Segment LCD group 0: empty
LVD group 0: empty
PM group 0: empty
Analog (SC/CT) Blocks group 0: empty
SPC group 0: empty
Timer group 0: empty
USB group 0: 
    USB Block @ F(USB,0): 
    usbcell: Name =\USBFS_1:USB\
        PORT MAP (
            dp => \USBFS_1:Net_1000\ ,
            dm => \USBFS_1:Net_597\ ,
            sof_int => Net_20 ,
            arb_int => \USBFS_1:Net_1889\ ,
            usb_int => \USBFS_1:Net_1876\ ,
            ept_int_8 => \USBFS_1:ep_int_8\ ,
            ept_int_7 => \USBFS_1:ep_int_7\ ,
            ept_int_6 => \USBFS_1:ep_int_6\ ,
            ept_int_5 => \USBFS_1:ep_int_5\ ,
            ept_int_4 => \USBFS_1:ep_int_4\ ,
            ept_int_3 => \USBFS_1:ep_int_3\ ,
            ept_int_2 => \USBFS_1:ep_int_2\ ,
            ept_int_1 => \USBFS_1:ep_int_1\ ,
            ept_int_0 => \USBFS_1:ep_int_0\ ,
            ord_int => \USBFS_1:Net_95\ ,
            dma_req_7 => \USBFS_1:dma_request_7\ ,
            dma_req_6 => \USBFS_1:dma_request_6\ ,
            dma_req_5 => \USBFS_1:dma_request_5\ ,
            dma_req_4 => \USBFS_1:dma_request_4\ ,
            dma_req_3 => \USBFS_1:dma_request_3\ ,
            dma_req_2 => \USBFS_1:dma_request_2\ ,
            dma_req_1 => \USBFS_1:dma_request_1\ ,
            dma_req_0 => \USBFS_1:dma_request_0\ ,
            dma_termin => \USBFS_1:dma_terminate\ );
        Properties:
        {
            cy_registers = ""
        }
VIDAC group 0: empty
Opamp group 0: empty
CapSense Buffers group 0: empty
Vref group 0: empty
LPF group 0: empty
SAR ADC group 0: empty
</CYPRESSTAG>
<CYPRESSTAG name="Port Configuration Details">

------------------------------------------------------------
Port Configuration report
------------------------------------------------------------
     |     |       | Interrupt |                  |                 | 
Port | Pin | Fixed |      Type |       Drive Mode |            Name | Connections
-----+-----+-------+-----------+------------------+-----------------+---------------------------
   2 |   1 |     * |      NONE |         CMOS_OUT |       LEDPIN(0) | 
     |   2 |     * |      NONE |      RES_PULL_UP |    SWITCHPIN(0) | 
-----+-----+-------+-----------+------------------+-----------------+---------------------------
  12 |   0 |     * |      NONE |     HI_Z_DIGITAL |     CLOCKPIN(0) | FB(CLOCKPIN_1)
     |   1 |     * |      NONE |     HI_Z_DIGITAL |      MICOPIN(0) | FB(Net_33)
     |   2 |     * |      NONE |     HI_Z_DIGITAL |      MOCIPIN(0) | FB(Net_51)
-----+-----+-------+-----------+------------------+-----------------+---------------------------
  15 |   6 |       |   FALLING |      HI_Z_ANALOG | \USBFS_1:Dp(0)\ | Analog(\USBFS_1:Net_1000\)
     |   7 |       |      NONE |      HI_Z_ANALOG | \USBFS_1:Dm(0)\ | Analog(\USBFS_1:Net_597\)
------------------------------------------------------------------------------------------------
</CYPRESSTAG>
</CYPRESSTAG>
</CYPRESSTAG>
Digital component placer commit/Report: Elapsed time ==> 0s.000ms
Digital Placement phase: Elapsed time ==> 1s.875ms
</CYPRESSTAG>
<CYPRESSTAG name="Digital Routing">
Routing successful.
Digital Routing phase: Elapsed time ==> 1s.812ms
</CYPRESSTAG>
<CYPRESSTAG name="Bitstream and API generation">
Bitstream and API generation phase: Elapsed time ==> 0s.281ms
</CYPRESSTAG>
<CYPRESSTAG name="Bitstream verification">
Bitstream verification phase: Elapsed time ==> 0s.062ms
</CYPRESSTAG>
<CYPRESSTAG name="Static timing analysis">
Timing report is in Vomit_timing.html.
Static timing analysis phase: Elapsed time ==> 2s.062ms
</CYPRESSTAG>
<CYPRESSTAG name="Data reporting">
Data reporting phase: Elapsed time ==> 0s.000ms
</CYPRESSTAG>
<CYPRESSTAG name="Database update...">
Design database save phase: Elapsed time ==> 0s.281ms
</CYPRESSTAG>
cydsfit: Elapsed time ==> 7s.281ms
</CYPRESSTAG>
Fitter phase: Elapsed time ==> 7s.343ms
API generation phase: Elapsed time ==> 14s.250ms
Dependency generation phase: Elapsed time ==> 0s.015ms
Cleanup phase: Elapsed time ==> 0s.000ms
